[2022-12-24 20:34:28,569] {processor.py:153} INFO - Started process (PID=219) to work on /opt/airflow/dags/sample_dag.py
[2022-12-24 20:34:28,569] {processor.py:641} INFO - Processing file /opt/airflow/dags/sample_dag.py for tasks to queue
[2022-12-24 20:34:28,570] {logging_mixin.py:115} INFO - [2022-12-24 20:34:28,570] {dagbag.py:507} INFO - Filling up the DagBag from /opt/airflow/dags/sample_dag.py
[2022-12-24 20:34:28,611] {logging_mixin.py:115} INFO - [2022-12-24 20:34:28,607] {dagbag.py:320} ERROR - Failed to import: /opt/airflow/dags/sample_dag.py
Traceback (most recent call last):
  File "/home/airflow/.local/lib/python3.7/site-packages/airflow/models/dagbag.py", line 317, in parse
    loader.exec_module(new_module)
  File "<frozen importlib._bootstrap_external>", line 728, in exec_module
  File "<frozen importlib._bootstrap>", line 219, in _call_with_frames_removed
  File "/opt/airflow/dags/sample_dag.py", line 26, in <module>
    start_task >> print_hello_world
NameError: name 'start_task' is not defined
[2022-12-24 20:34:28,613] {processor.py:653} WARNING - No viable dags retrieved from /opt/airflow/dags/sample_dag.py
[2022-12-24 20:34:28,641] {processor.py:161} INFO - Processing /opt/airflow/dags/sample_dag.py took 0.075 seconds
[2022-12-24 20:34:58,678] {processor.py:153} INFO - Started process (PID=224) to work on /opt/airflow/dags/sample_dag.py
[2022-12-24 20:34:58,679] {processor.py:641} INFO - Processing file /opt/airflow/dags/sample_dag.py for tasks to queue
[2022-12-24 20:34:58,679] {logging_mixin.py:115} INFO - [2022-12-24 20:34:58,679] {dagbag.py:507} INFO - Filling up the DagBag from /opt/airflow/dags/sample_dag.py
[2022-12-24 20:34:58,707] {logging_mixin.py:115} INFO - [2022-12-24 20:34:58,703] {dagbag.py:320} ERROR - Failed to import: /opt/airflow/dags/sample_dag.py
Traceback (most recent call last):
  File "/home/airflow/.local/lib/python3.7/site-packages/airflow/models/dagbag.py", line 317, in parse
    loader.exec_module(new_module)
  File "<frozen importlib._bootstrap_external>", line 728, in exec_module
  File "<frozen importlib._bootstrap>", line 219, in _call_with_frames_removed
  File "/opt/airflow/dags/sample_dag.py", line 26, in <module>
    start_task >> print_hello_world
NameError: name 'start_task' is not defined
[2022-12-24 20:34:58,709] {processor.py:653} WARNING - No viable dags retrieved from /opt/airflow/dags/sample_dag.py
[2022-12-24 20:34:58,724] {processor.py:161} INFO - Processing /opt/airflow/dags/sample_dag.py took 0.048 seconds
[2022-12-24 20:35:28,805] {processor.py:153} INFO - Started process (PID=229) to work on /opt/airflow/dags/sample_dag.py
[2022-12-24 20:35:28,805] {processor.py:641} INFO - Processing file /opt/airflow/dags/sample_dag.py for tasks to queue
[2022-12-24 20:35:28,806] {logging_mixin.py:115} INFO - [2022-12-24 20:35:28,806] {dagbag.py:507} INFO - Filling up the DagBag from /opt/airflow/dags/sample_dag.py
[2022-12-24 20:35:28,836] {logging_mixin.py:115} INFO - [2022-12-24 20:35:28,830] {dagbag.py:320} ERROR - Failed to import: /opt/airflow/dags/sample_dag.py
Traceback (most recent call last):
  File "/home/airflow/.local/lib/python3.7/site-packages/airflow/models/dagbag.py", line 317, in parse
    loader.exec_module(new_module)
  File "<frozen importlib._bootstrap_external>", line 728, in exec_module
  File "<frozen importlib._bootstrap>", line 219, in _call_with_frames_removed
  File "/opt/airflow/dags/sample_dag.py", line 26, in <module>
    start_task >> print_hello_world
NameError: name 'start_task' is not defined
[2022-12-24 20:35:28,838] {processor.py:653} WARNING - No viable dags retrieved from /opt/airflow/dags/sample_dag.py
[2022-12-24 20:35:28,854] {processor.py:161} INFO - Processing /opt/airflow/dags/sample_dag.py took 0.052 seconds
[2022-12-24 20:35:58,944] {processor.py:153} INFO - Started process (PID=234) to work on /opt/airflow/dags/sample_dag.py
[2022-12-24 20:35:58,945] {processor.py:641} INFO - Processing file /opt/airflow/dags/sample_dag.py for tasks to queue
[2022-12-24 20:35:58,945] {logging_mixin.py:115} INFO - [2022-12-24 20:35:58,945] {dagbag.py:507} INFO - Filling up the DagBag from /opt/airflow/dags/sample_dag.py
[2022-12-24 20:35:58,973] {logging_mixin.py:115} INFO - [2022-12-24 20:35:58,969] {dagbag.py:320} ERROR - Failed to import: /opt/airflow/dags/sample_dag.py
Traceback (most recent call last):
  File "/home/airflow/.local/lib/python3.7/site-packages/airflow/models/dagbag.py", line 317, in parse
    loader.exec_module(new_module)
  File "<frozen importlib._bootstrap_external>", line 728, in exec_module
  File "<frozen importlib._bootstrap>", line 219, in _call_with_frames_removed
  File "/opt/airflow/dags/sample_dag.py", line 26, in <module>
    start_task >> print_hello_world
NameError: name 'start_task' is not defined
[2022-12-24 20:35:58,976] {processor.py:653} WARNING - No viable dags retrieved from /opt/airflow/dags/sample_dag.py
[2022-12-24 20:35:58,993] {processor.py:161} INFO - Processing /opt/airflow/dags/sample_dag.py took 0.051 seconds
[2022-12-24 20:36:29,073] {processor.py:153} INFO - Started process (PID=239) to work on /opt/airflow/dags/sample_dag.py
[2022-12-24 20:36:29,074] {processor.py:641} INFO - Processing file /opt/airflow/dags/sample_dag.py for tasks to queue
[2022-12-24 20:36:29,074] {logging_mixin.py:115} INFO - [2022-12-24 20:36:29,074] {dagbag.py:507} INFO - Filling up the DagBag from /opt/airflow/dags/sample_dag.py
[2022-12-24 20:36:29,102] {logging_mixin.py:115} INFO - [2022-12-24 20:36:29,097] {dagbag.py:320} ERROR - Failed to import: /opt/airflow/dags/sample_dag.py
Traceback (most recent call last):
  File "/home/airflow/.local/lib/python3.7/site-packages/airflow/models/dagbag.py", line 317, in parse
    loader.exec_module(new_module)
  File "<frozen importlib._bootstrap_external>", line 728, in exec_module
  File "<frozen importlib._bootstrap>", line 219, in _call_with_frames_removed
  File "/opt/airflow/dags/sample_dag.py", line 26, in <module>
    start_task >> print_hello_world
NameError: name 'start_task' is not defined
[2022-12-24 20:36:29,104] {processor.py:653} WARNING - No viable dags retrieved from /opt/airflow/dags/sample_dag.py
[2022-12-24 20:36:29,130] {processor.py:161} INFO - Processing /opt/airflow/dags/sample_dag.py took 0.059 seconds
[2022-12-24 20:36:49,177] {processor.py:153} INFO - Started process (PID=244) to work on /opt/airflow/dags/sample_dag.py
[2022-12-24 20:36:49,177] {processor.py:641} INFO - Processing file /opt/airflow/dags/sample_dag.py for tasks to queue
[2022-12-24 20:36:49,178] {logging_mixin.py:115} INFO - [2022-12-24 20:36:49,178] {dagbag.py:507} INFO - Filling up the DagBag from /opt/airflow/dags/sample_dag.py
[2022-12-24 20:36:49,222] {logging_mixin.py:115} INFO - [2022-12-24 20:36:49,218] {dagbag.py:320} ERROR - Failed to import: /opt/airflow/dags/sample_dag.py
Traceback (most recent call last):
  File "/home/airflow/.local/lib/python3.7/site-packages/airflow/models/dagbag.py", line 317, in parse
    loader.exec_module(new_module)
  File "<frozen importlib._bootstrap_external>", line 728, in exec_module
  File "<frozen importlib._bootstrap>", line 219, in _call_with_frames_removed
  File "/opt/airflow/dags/sample_dag.py", line 26, in <module>
    start_task >> print_hello_world
NameError: name 'start_task' is not defined
[2022-12-24 20:36:49,224] {processor.py:653} WARNING - No viable dags retrieved from /opt/airflow/dags/sample_dag.py
[2022-12-24 20:36:49,240] {processor.py:161} INFO - Processing /opt/airflow/dags/sample_dag.py took 0.066 seconds
[2022-12-24 20:36:57,258] {processor.py:153} INFO - Started process (PID=249) to work on /opt/airflow/dags/sample_dag.py
[2022-12-24 20:36:57,259] {processor.py:641} INFO - Processing file /opt/airflow/dags/sample_dag.py for tasks to queue
[2022-12-24 20:36:57,259] {logging_mixin.py:115} INFO - [2022-12-24 20:36:57,259] {dagbag.py:507} INFO - Filling up the DagBag from /opt/airflow/dags/sample_dag.py
[2022-12-24 20:36:57,301] {processor.py:651} INFO - DAG(s) dict_keys(['first_sample_dag']) retrieved from /opt/airflow/dags/sample_dag.py
[2022-12-24 20:36:57,375] {logging_mixin.py:115} INFO - [2022-12-24 20:36:57,375] {manager.py:508} INFO - Created Permission View: can read on DAG:first_sample_dag
[2022-12-24 20:36:57,383] {logging_mixin.py:115} INFO - [2022-12-24 20:36:57,383] {manager.py:508} INFO - Created Permission View: can delete on DAG:first_sample_dag
[2022-12-24 20:36:57,390] {logging_mixin.py:115} INFO - [2022-12-24 20:36:57,390] {manager.py:508} INFO - Created Permission View: can edit on DAG:first_sample_dag
[2022-12-24 20:36:57,390] {logging_mixin.py:115} INFO - [2022-12-24 20:36:57,390] {dag.py:2371} INFO - Sync 1 DAGs
[2022-12-24 20:36:57,398] {logging_mixin.py:115} INFO - [2022-12-24 20:36:57,398] {dag.py:2390} INFO - Creating ORM DAG for first_sample_dag
[2022-12-24 20:36:57,410] {logging_mixin.py:115} INFO - [2022-12-24 20:36:57,410] {dag.py:2919} INFO - Setting next_dagrun for first_sample_dag to None, run_after=None
[2022-12-24 20:36:57,424] {processor.py:161} INFO - Processing /opt/airflow/dags/sample_dag.py took 0.169 seconds
[2022-12-24 20:37:27,547] {processor.py:153} INFO - Started process (PID=254) to work on /opt/airflow/dags/sample_dag.py
[2022-12-24 20:37:27,548] {processor.py:641} INFO - Processing file /opt/airflow/dags/sample_dag.py for tasks to queue
[2022-12-24 20:37:27,549] {logging_mixin.py:115} INFO - [2022-12-24 20:37:27,548] {dagbag.py:507} INFO - Filling up the DagBag from /opt/airflow/dags/sample_dag.py
[2022-12-24 20:37:27,576] {processor.py:651} INFO - DAG(s) dict_keys(['first_sample_dag']) retrieved from /opt/airflow/dags/sample_dag.py
[2022-12-24 20:37:27,596] {logging_mixin.py:115} INFO - [2022-12-24 20:37:27,596] {dag.py:2371} INFO - Sync 1 DAGs
[2022-12-24 20:37:27,614] {logging_mixin.py:115} INFO - [2022-12-24 20:37:27,614] {dag.py:2919} INFO - Setting next_dagrun for first_sample_dag to None, run_after=None
[2022-12-24 20:37:27,626] {processor.py:161} INFO - Processing /opt/airflow/dags/sample_dag.py took 0.081 seconds
[2022-12-24 20:37:57,744] {processor.py:153} INFO - Started process (PID=259) to work on /opt/airflow/dags/sample_dag.py
[2022-12-24 20:37:57,745] {processor.py:641} INFO - Processing file /opt/airflow/dags/sample_dag.py for tasks to queue
[2022-12-24 20:37:57,745] {logging_mixin.py:115} INFO - [2022-12-24 20:37:57,745] {dagbag.py:507} INFO - Filling up the DagBag from /opt/airflow/dags/sample_dag.py
[2022-12-24 20:37:57,771] {processor.py:651} INFO - DAG(s) dict_keys(['first_sample_dag']) retrieved from /opt/airflow/dags/sample_dag.py
[2022-12-24 20:37:57,791] {logging_mixin.py:115} INFO - [2022-12-24 20:37:57,791] {dag.py:2371} INFO - Sync 1 DAGs
[2022-12-24 20:37:57,808] {logging_mixin.py:115} INFO - [2022-12-24 20:37:57,808] {dag.py:2919} INFO - Setting next_dagrun for first_sample_dag to None, run_after=None
[2022-12-24 20:37:57,819] {processor.py:161} INFO - Processing /opt/airflow/dags/sample_dag.py took 0.078 seconds
[2022-12-24 20:38:27,938] {processor.py:153} INFO - Started process (PID=264) to work on /opt/airflow/dags/sample_dag.py
[2022-12-24 20:38:27,939] {processor.py:641} INFO - Processing file /opt/airflow/dags/sample_dag.py for tasks to queue
[2022-12-24 20:38:27,939] {logging_mixin.py:115} INFO - [2022-12-24 20:38:27,939] {dagbag.py:507} INFO - Filling up the DagBag from /opt/airflow/dags/sample_dag.py
[2022-12-24 20:38:27,964] {processor.py:651} INFO - DAG(s) dict_keys(['first_sample_dag']) retrieved from /opt/airflow/dags/sample_dag.py
[2022-12-24 20:38:27,984] {logging_mixin.py:115} INFO - [2022-12-24 20:38:27,984] {dag.py:2371} INFO - Sync 1 DAGs
[2022-12-24 20:38:28,004] {logging_mixin.py:115} INFO - [2022-12-24 20:38:28,004] {dag.py:2919} INFO - Setting next_dagrun for first_sample_dag to None, run_after=None
[2022-12-24 20:38:28,027] {processor.py:161} INFO - Processing /opt/airflow/dags/sample_dag.py took 0.092 seconds
[2022-12-24 20:38:58,149] {processor.py:153} INFO - Started process (PID=269) to work on /opt/airflow/dags/sample_dag.py
[2022-12-24 20:38:58,150] {processor.py:641} INFO - Processing file /opt/airflow/dags/sample_dag.py for tasks to queue
[2022-12-24 20:38:58,150] {logging_mixin.py:115} INFO - [2022-12-24 20:38:58,150] {dagbag.py:507} INFO - Filling up the DagBag from /opt/airflow/dags/sample_dag.py
[2022-12-24 20:38:58,176] {processor.py:651} INFO - DAG(s) dict_keys(['first_sample_dag']) retrieved from /opt/airflow/dags/sample_dag.py
[2022-12-24 20:38:58,194] {logging_mixin.py:115} INFO - [2022-12-24 20:38:58,194] {dag.py:2371} INFO - Sync 1 DAGs
[2022-12-24 20:38:58,209] {logging_mixin.py:115} INFO - [2022-12-24 20:38:58,209] {dag.py:2919} INFO - Setting next_dagrun for first_sample_dag to None, run_after=None
[2022-12-24 20:38:58,231] {processor.py:161} INFO - Processing /opt/airflow/dags/sample_dag.py took 0.085 seconds
[2022-12-24 20:39:28,353] {processor.py:153} INFO - Started process (PID=274) to work on /opt/airflow/dags/sample_dag.py
[2022-12-24 20:39:28,354] {processor.py:641} INFO - Processing file /opt/airflow/dags/sample_dag.py for tasks to queue
[2022-12-24 20:39:28,355] {logging_mixin.py:115} INFO - [2022-12-24 20:39:28,354] {dagbag.py:507} INFO - Filling up the DagBag from /opt/airflow/dags/sample_dag.py
[2022-12-24 20:39:28,379] {processor.py:651} INFO - DAG(s) dict_keys(['first_sample_dag']) retrieved from /opt/airflow/dags/sample_dag.py
[2022-12-24 20:39:28,397] {logging_mixin.py:115} INFO - [2022-12-24 20:39:28,397] {dag.py:2371} INFO - Sync 1 DAGs
[2022-12-24 20:39:28,414] {logging_mixin.py:115} INFO - [2022-12-24 20:39:28,414] {dag.py:2919} INFO - Setting next_dagrun for first_sample_dag to None, run_after=None
[2022-12-24 20:39:28,436] {processor.py:161} INFO - Processing /opt/airflow/dags/sample_dag.py took 0.085 seconds
[2022-12-24 20:39:58,531] {processor.py:153} INFO - Started process (PID=279) to work on /opt/airflow/dags/sample_dag.py
[2022-12-24 20:39:58,532] {processor.py:641} INFO - Processing file /opt/airflow/dags/sample_dag.py for tasks to queue
[2022-12-24 20:39:58,533] {logging_mixin.py:115} INFO - [2022-12-24 20:39:58,533] {dagbag.py:507} INFO - Filling up the DagBag from /opt/airflow/dags/sample_dag.py
[2022-12-24 20:39:58,558] {processor.py:651} INFO - DAG(s) dict_keys(['first_sample_dag']) retrieved from /opt/airflow/dags/sample_dag.py
[2022-12-24 20:39:58,577] {logging_mixin.py:115} INFO - [2022-12-24 20:39:58,577] {dag.py:2371} INFO - Sync 1 DAGs
[2022-12-24 20:39:58,596] {logging_mixin.py:115} INFO - [2022-12-24 20:39:58,596] {dag.py:2919} INFO - Setting next_dagrun for first_sample_dag to None, run_after=None
[2022-12-24 20:39:58,607] {processor.py:161} INFO - Processing /opt/airflow/dags/sample_dag.py took 0.078 seconds
[2022-12-24 20:40:28,654] {processor.py:153} INFO - Started process (PID=284) to work on /opt/airflow/dags/sample_dag.py
[2022-12-24 20:40:28,655] {processor.py:641} INFO - Processing file /opt/airflow/dags/sample_dag.py for tasks to queue
[2022-12-24 20:40:28,656] {logging_mixin.py:115} INFO - [2022-12-24 20:40:28,655] {dagbag.py:507} INFO - Filling up the DagBag from /opt/airflow/dags/sample_dag.py
[2022-12-24 20:40:28,678] {processor.py:651} INFO - DAG(s) dict_keys(['first_sample_dag']) retrieved from /opt/airflow/dags/sample_dag.py
[2022-12-24 20:40:28,699] {logging_mixin.py:115} INFO - [2022-12-24 20:40:28,699] {dag.py:2371} INFO - Sync 1 DAGs
[2022-12-24 20:40:28,716] {logging_mixin.py:115} INFO - [2022-12-24 20:40:28,715] {dag.py:2919} INFO - Setting next_dagrun for first_sample_dag to None, run_after=None
[2022-12-24 20:40:28,739] {processor.py:161} INFO - Processing /opt/airflow/dags/sample_dag.py took 0.087 seconds
[2022-12-24 20:40:58,830] {processor.py:153} INFO - Started process (PID=289) to work on /opt/airflow/dags/sample_dag.py
[2022-12-24 20:40:58,830] {processor.py:641} INFO - Processing file /opt/airflow/dags/sample_dag.py for tasks to queue
[2022-12-24 20:40:58,831] {logging_mixin.py:115} INFO - [2022-12-24 20:40:58,831] {dagbag.py:507} INFO - Filling up the DagBag from /opt/airflow/dags/sample_dag.py
[2022-12-24 20:40:58,854] {processor.py:651} INFO - DAG(s) dict_keys(['first_sample_dag']) retrieved from /opt/airflow/dags/sample_dag.py
[2022-12-24 20:40:58,872] {logging_mixin.py:115} INFO - [2022-12-24 20:40:58,872] {dag.py:2371} INFO - Sync 1 DAGs
[2022-12-24 20:40:58,888] {logging_mixin.py:115} INFO - [2022-12-24 20:40:58,888] {dag.py:2919} INFO - Setting next_dagrun for first_sample_dag to None, run_after=None
[2022-12-24 20:40:58,912] {processor.py:161} INFO - Processing /opt/airflow/dags/sample_dag.py took 0.085 seconds
[2022-12-24 20:41:28,951] {processor.py:153} INFO - Started process (PID=294) to work on /opt/airflow/dags/sample_dag.py
[2022-12-24 20:41:28,952] {processor.py:641} INFO - Processing file /opt/airflow/dags/sample_dag.py for tasks to queue
[2022-12-24 20:41:28,952] {logging_mixin.py:115} INFO - [2022-12-24 20:41:28,952] {dagbag.py:507} INFO - Filling up the DagBag from /opt/airflow/dags/sample_dag.py
[2022-12-24 20:41:28,974] {processor.py:651} INFO - DAG(s) dict_keys(['first_sample_dag']) retrieved from /opt/airflow/dags/sample_dag.py
[2022-12-24 20:41:28,992] {logging_mixin.py:115} INFO - [2022-12-24 20:41:28,992] {dag.py:2371} INFO - Sync 1 DAGs
[2022-12-24 20:41:29,009] {logging_mixin.py:115} INFO - [2022-12-24 20:41:29,008] {dag.py:2919} INFO - Setting next_dagrun for first_sample_dag to None, run_after=None
[2022-12-24 20:41:29,029] {processor.py:161} INFO - Processing /opt/airflow/dags/sample_dag.py took 0.080 seconds
[2022-12-24 20:41:59,144] {processor.py:153} INFO - Started process (PID=299) to work on /opt/airflow/dags/sample_dag.py
[2022-12-24 20:41:59,145] {processor.py:641} INFO - Processing file /opt/airflow/dags/sample_dag.py for tasks to queue
[2022-12-24 20:41:59,145] {logging_mixin.py:115} INFO - [2022-12-24 20:41:59,145] {dagbag.py:507} INFO - Filling up the DagBag from /opt/airflow/dags/sample_dag.py
[2022-12-24 20:41:59,166] {processor.py:651} INFO - DAG(s) dict_keys(['first_sample_dag']) retrieved from /opt/airflow/dags/sample_dag.py
[2022-12-24 20:41:59,184] {logging_mixin.py:115} INFO - [2022-12-24 20:41:59,184] {dag.py:2371} INFO - Sync 1 DAGs
[2022-12-24 20:41:59,200] {logging_mixin.py:115} INFO - [2022-12-24 20:41:59,200] {dag.py:2919} INFO - Setting next_dagrun for first_sample_dag to None, run_after=None
[2022-12-24 20:41:59,210] {processor.py:161} INFO - Processing /opt/airflow/dags/sample_dag.py took 0.068 seconds
[2022-12-24 20:42:29,252] {processor.py:153} INFO - Started process (PID=304) to work on /opt/airflow/dags/sample_dag.py
[2022-12-24 20:42:29,253] {processor.py:641} INFO - Processing file /opt/airflow/dags/sample_dag.py for tasks to queue
[2022-12-24 20:42:29,253] {logging_mixin.py:115} INFO - [2022-12-24 20:42:29,253] {dagbag.py:507} INFO - Filling up the DagBag from /opt/airflow/dags/sample_dag.py
[2022-12-24 20:42:29,275] {processor.py:651} INFO - DAG(s) dict_keys(['first_sample_dag']) retrieved from /opt/airflow/dags/sample_dag.py
[2022-12-24 20:42:29,296] {logging_mixin.py:115} INFO - [2022-12-24 20:42:29,296] {dag.py:2371} INFO - Sync 1 DAGs
[2022-12-24 20:42:29,315] {logging_mixin.py:115} INFO - [2022-12-24 20:42:29,315] {dag.py:2919} INFO - Setting next_dagrun for first_sample_dag to None, run_after=None
[2022-12-24 20:42:29,367] {processor.py:161} INFO - Processing /opt/airflow/dags/sample_dag.py took 0.117 seconds
[2022-12-24 20:42:59,431] {processor.py:153} INFO - Started process (PID=309) to work on /opt/airflow/dags/sample_dag.py
[2022-12-24 20:42:59,431] {processor.py:641} INFO - Processing file /opt/airflow/dags/sample_dag.py for tasks to queue
[2022-12-24 20:42:59,432] {logging_mixin.py:115} INFO - [2022-12-24 20:42:59,432] {dagbag.py:507} INFO - Filling up the DagBag from /opt/airflow/dags/sample_dag.py
[2022-12-24 20:42:59,452] {processor.py:651} INFO - DAG(s) dict_keys(['first_sample_dag']) retrieved from /opt/airflow/dags/sample_dag.py
[2022-12-24 20:42:59,470] {logging_mixin.py:115} INFO - [2022-12-24 20:42:59,470] {dag.py:2371} INFO - Sync 1 DAGs
[2022-12-24 20:42:59,488] {logging_mixin.py:115} INFO - [2022-12-24 20:42:59,488] {dag.py:2919} INFO - Setting next_dagrun for first_sample_dag to None, run_after=None
[2022-12-24 20:42:59,510] {processor.py:161} INFO - Processing /opt/airflow/dags/sample_dag.py took 0.081 seconds
[2022-12-24 20:43:29,583] {processor.py:153} INFO - Started process (PID=314) to work on /opt/airflow/dags/sample_dag.py
[2022-12-24 20:43:29,584] {processor.py:641} INFO - Processing file /opt/airflow/dags/sample_dag.py for tasks to queue
[2022-12-24 20:43:29,584] {logging_mixin.py:115} INFO - [2022-12-24 20:43:29,584] {dagbag.py:507} INFO - Filling up the DagBag from /opt/airflow/dags/sample_dag.py
[2022-12-24 20:43:29,605] {processor.py:651} INFO - DAG(s) dict_keys(['first_sample_dag']) retrieved from /opt/airflow/dags/sample_dag.py
[2022-12-24 20:43:29,622] {logging_mixin.py:115} INFO - [2022-12-24 20:43:29,622] {dag.py:2371} INFO - Sync 1 DAGs
[2022-12-24 20:43:29,638] {logging_mixin.py:115} INFO - [2022-12-24 20:43:29,638] {dag.py:2919} INFO - Setting next_dagrun for first_sample_dag to None, run_after=None
[2022-12-24 20:43:29,649] {processor.py:161} INFO - Processing /opt/airflow/dags/sample_dag.py took 0.068 seconds
[2022-12-24 20:43:53,713] {processor.py:153} INFO - Started process (PID=319) to work on /opt/airflow/dags/sample_dag.py
[2022-12-24 20:43:53,714] {processor.py:641} INFO - Processing file /opt/airflow/dags/sample_dag.py for tasks to queue
[2022-12-24 20:43:53,715] {logging_mixin.py:115} INFO - [2022-12-24 20:43:53,715] {dagbag.py:507} INFO - Filling up the DagBag from /opt/airflow/dags/sample_dag.py
[2022-12-24 20:43:53,758] {processor.py:651} INFO - DAG(s) dict_keys(['first_sample_dag']) retrieved from /opt/airflow/dags/sample_dag.py
[2022-12-24 20:43:53,826] {logging_mixin.py:115} INFO - [2022-12-24 20:43:53,826] {dag.py:2371} INFO - Sync 1 DAGs
[2022-12-24 20:43:53,845] {logging_mixin.py:115} INFO - [2022-12-24 20:43:53,845] {dag.py:2919} INFO - Setting next_dagrun for first_sample_dag to None, run_after=None
[2022-12-24 20:43:53,876] {processor.py:161} INFO - Processing /opt/airflow/dags/sample_dag.py took 0.165 seconds
[2022-12-24 20:44:23,996] {processor.py:153} INFO - Started process (PID=324) to work on /opt/airflow/dags/sample_dag.py
[2022-12-24 20:44:23,997] {processor.py:641} INFO - Processing file /opt/airflow/dags/sample_dag.py for tasks to queue
[2022-12-24 20:44:23,998] {logging_mixin.py:115} INFO - [2022-12-24 20:44:23,998] {dagbag.py:507} INFO - Filling up the DagBag from /opt/airflow/dags/sample_dag.py
[2022-12-24 20:44:24,020] {processor.py:651} INFO - DAG(s) dict_keys(['first_sample_dag']) retrieved from /opt/airflow/dags/sample_dag.py
[2022-12-24 20:44:24,042] {logging_mixin.py:115} INFO - [2022-12-24 20:44:24,042] {dag.py:2371} INFO - Sync 1 DAGs
[2022-12-24 20:44:24,060] {logging_mixin.py:115} INFO - [2022-12-24 20:44:24,060] {dag.py:2919} INFO - Setting next_dagrun for first_sample_dag to None, run_after=None
[2022-12-24 20:44:24,084] {processor.py:161} INFO - Processing /opt/airflow/dags/sample_dag.py took 0.090 seconds
[2022-12-24 20:44:54,150] {processor.py:153} INFO - Started process (PID=332) to work on /opt/airflow/dags/sample_dag.py
[2022-12-24 20:44:54,151] {processor.py:641} INFO - Processing file /opt/airflow/dags/sample_dag.py for tasks to queue
[2022-12-24 20:44:54,152] {logging_mixin.py:115} INFO - [2022-12-24 20:44:54,152] {dagbag.py:507} INFO - Filling up the DagBag from /opt/airflow/dags/sample_dag.py
[2022-12-24 20:44:54,174] {processor.py:651} INFO - DAG(s) dict_keys(['first_sample_dag']) retrieved from /opt/airflow/dags/sample_dag.py
[2022-12-24 20:44:54,193] {logging_mixin.py:115} INFO - [2022-12-24 20:44:54,193] {dag.py:2371} INFO - Sync 1 DAGs
[2022-12-24 20:44:54,209] {logging_mixin.py:115} INFO - [2022-12-24 20:44:54,209] {dag.py:2919} INFO - Setting next_dagrun for first_sample_dag to None, run_after=None
[2022-12-24 20:44:54,220] {processor.py:161} INFO - Processing /opt/airflow/dags/sample_dag.py took 0.072 seconds
[2022-12-24 20:45:24,312] {processor.py:153} INFO - Started process (PID=337) to work on /opt/airflow/dags/sample_dag.py
[2022-12-24 20:45:24,313] {processor.py:641} INFO - Processing file /opt/airflow/dags/sample_dag.py for tasks to queue
[2022-12-24 20:45:24,314] {logging_mixin.py:115} INFO - [2022-12-24 20:45:24,314] {dagbag.py:507} INFO - Filling up the DagBag from /opt/airflow/dags/sample_dag.py
[2022-12-24 20:45:24,336] {processor.py:651} INFO - DAG(s) dict_keys(['first_sample_dag']) retrieved from /opt/airflow/dags/sample_dag.py
[2022-12-24 20:45:24,358] {logging_mixin.py:115} INFO - [2022-12-24 20:45:24,358] {dag.py:2371} INFO - Sync 1 DAGs
[2022-12-24 20:45:24,377] {logging_mixin.py:115} INFO - [2022-12-24 20:45:24,377] {dag.py:2919} INFO - Setting next_dagrun for first_sample_dag to None, run_after=None
[2022-12-24 20:45:24,401] {processor.py:161} INFO - Processing /opt/airflow/dags/sample_dag.py took 0.090 seconds
[2022-12-24 20:45:54,434] {processor.py:153} INFO - Started process (PID=342) to work on /opt/airflow/dags/sample_dag.py
[2022-12-24 20:45:54,435] {processor.py:641} INFO - Processing file /opt/airflow/dags/sample_dag.py for tasks to queue
[2022-12-24 20:45:54,435] {logging_mixin.py:115} INFO - [2022-12-24 20:45:54,435] {dagbag.py:507} INFO - Filling up the DagBag from /opt/airflow/dags/sample_dag.py
[2022-12-24 20:45:54,457] {processor.py:651} INFO - DAG(s) dict_keys(['first_sample_dag']) retrieved from /opt/airflow/dags/sample_dag.py
[2022-12-24 20:45:54,476] {logging_mixin.py:115} INFO - [2022-12-24 20:45:54,476] {dag.py:2371} INFO - Sync 1 DAGs
[2022-12-24 20:45:54,493] {logging_mixin.py:115} INFO - [2022-12-24 20:45:54,492] {dag.py:2919} INFO - Setting next_dagrun for first_sample_dag to None, run_after=None
[2022-12-24 20:45:54,515] {processor.py:161} INFO - Processing /opt/airflow/dags/sample_dag.py took 0.083 seconds
[2022-12-24 20:46:24,621] {processor.py:153} INFO - Started process (PID=347) to work on /opt/airflow/dags/sample_dag.py
[2022-12-24 20:46:24,622] {processor.py:641} INFO - Processing file /opt/airflow/dags/sample_dag.py for tasks to queue
[2022-12-24 20:46:24,622] {logging_mixin.py:115} INFO - [2022-12-24 20:46:24,622] {dagbag.py:507} INFO - Filling up the DagBag from /opt/airflow/dags/sample_dag.py
[2022-12-24 20:46:24,643] {processor.py:651} INFO - DAG(s) dict_keys(['first_sample_dag']) retrieved from /opt/airflow/dags/sample_dag.py
[2022-12-24 20:46:24,662] {logging_mixin.py:115} INFO - [2022-12-24 20:46:24,662] {dag.py:2371} INFO - Sync 1 DAGs
[2022-12-24 20:46:24,678] {logging_mixin.py:115} INFO - [2022-12-24 20:46:24,678] {dag.py:2919} INFO - Setting next_dagrun for first_sample_dag to None, run_after=None
[2022-12-24 20:46:24,701] {processor.py:161} INFO - Processing /opt/airflow/dags/sample_dag.py took 0.082 seconds
[2022-12-24 20:46:54,733] {processor.py:153} INFO - Started process (PID=352) to work on /opt/airflow/dags/sample_dag.py
[2022-12-24 20:46:54,733] {processor.py:641} INFO - Processing file /opt/airflow/dags/sample_dag.py for tasks to queue
[2022-12-24 20:46:54,734] {logging_mixin.py:115} INFO - [2022-12-24 20:46:54,734] {dagbag.py:507} INFO - Filling up the DagBag from /opt/airflow/dags/sample_dag.py
[2022-12-24 20:46:54,754] {processor.py:651} INFO - DAG(s) dict_keys(['first_sample_dag']) retrieved from /opt/airflow/dags/sample_dag.py
[2022-12-24 20:46:54,772] {logging_mixin.py:115} INFO - [2022-12-24 20:46:54,772] {dag.py:2371} INFO - Sync 1 DAGs
[2022-12-24 20:46:54,787] {logging_mixin.py:115} INFO - [2022-12-24 20:46:54,787] {dag.py:2919} INFO - Setting next_dagrun for first_sample_dag to None, run_after=None
[2022-12-24 20:46:54,809] {processor.py:161} INFO - Processing /opt/airflow/dags/sample_dag.py took 0.078 seconds
[2022-12-24 20:47:24,928] {processor.py:153} INFO - Started process (PID=357) to work on /opt/airflow/dags/sample_dag.py
[2022-12-24 20:47:24,929] {processor.py:641} INFO - Processing file /opt/airflow/dags/sample_dag.py for tasks to queue
[2022-12-24 20:47:24,930] {logging_mixin.py:115} INFO - [2022-12-24 20:47:24,930] {dagbag.py:507} INFO - Filling up the DagBag from /opt/airflow/dags/sample_dag.py
[2022-12-24 20:47:24,952] {processor.py:651} INFO - DAG(s) dict_keys(['first_sample_dag']) retrieved from /opt/airflow/dags/sample_dag.py
[2022-12-24 20:47:24,972] {logging_mixin.py:115} INFO - [2022-12-24 20:47:24,972] {dag.py:2371} INFO - Sync 1 DAGs
[2022-12-24 20:47:24,990] {logging_mixin.py:115} INFO - [2022-12-24 20:47:24,990] {dag.py:2919} INFO - Setting next_dagrun for first_sample_dag to None, run_after=None
[2022-12-24 20:47:25,011] {processor.py:161} INFO - Processing /opt/airflow/dags/sample_dag.py took 0.084 seconds
[2022-12-24 20:47:55,090] {processor.py:153} INFO - Started process (PID=362) to work on /opt/airflow/dags/sample_dag.py
[2022-12-24 20:47:55,090] {processor.py:641} INFO - Processing file /opt/airflow/dags/sample_dag.py for tasks to queue
[2022-12-24 20:47:55,091] {logging_mixin.py:115} INFO - [2022-12-24 20:47:55,091] {dagbag.py:507} INFO - Filling up the DagBag from /opt/airflow/dags/sample_dag.py
[2022-12-24 20:47:55,111] {processor.py:651} INFO - DAG(s) dict_keys(['first_sample_dag']) retrieved from /opt/airflow/dags/sample_dag.py
[2022-12-24 20:47:55,132] {logging_mixin.py:115} INFO - [2022-12-24 20:47:55,132] {dag.py:2371} INFO - Sync 1 DAGs
[2022-12-24 20:47:55,148] {logging_mixin.py:115} INFO - [2022-12-24 20:47:55,148] {dag.py:2919} INFO - Setting next_dagrun for first_sample_dag to None, run_after=None
[2022-12-24 20:47:55,157] {processor.py:161} INFO - Processing /opt/airflow/dags/sample_dag.py took 0.071 seconds
[2022-12-24 20:48:25,237] {processor.py:153} INFO - Started process (PID=367) to work on /opt/airflow/dags/sample_dag.py
[2022-12-24 20:48:25,237] {processor.py:641} INFO - Processing file /opt/airflow/dags/sample_dag.py for tasks to queue
[2022-12-24 20:48:25,238] {logging_mixin.py:115} INFO - [2022-12-24 20:48:25,238] {dagbag.py:507} INFO - Filling up the DagBag from /opt/airflow/dags/sample_dag.py
[2022-12-24 20:48:25,261] {processor.py:651} INFO - DAG(s) dict_keys(['first_sample_dag']) retrieved from /opt/airflow/dags/sample_dag.py
[2022-12-24 20:48:25,280] {logging_mixin.py:115} INFO - [2022-12-24 20:48:25,280] {dag.py:2371} INFO - Sync 1 DAGs
[2022-12-24 20:48:25,298] {logging_mixin.py:115} INFO - [2022-12-24 20:48:25,298] {dag.py:2919} INFO - Setting next_dagrun for first_sample_dag to None, run_after=None
[2022-12-24 20:48:25,321] {processor.py:161} INFO - Processing /opt/airflow/dags/sample_dag.py took 0.086 seconds
[2022-12-24 20:48:55,378] {processor.py:153} INFO - Started process (PID=372) to work on /opt/airflow/dags/sample_dag.py
[2022-12-24 20:48:55,378] {processor.py:641} INFO - Processing file /opt/airflow/dags/sample_dag.py for tasks to queue
[2022-12-24 20:48:55,379] {logging_mixin.py:115} INFO - [2022-12-24 20:48:55,379] {dagbag.py:507} INFO - Filling up the DagBag from /opt/airflow/dags/sample_dag.py
[2022-12-24 20:48:55,401] {processor.py:651} INFO - DAG(s) dict_keys(['first_sample_dag']) retrieved from /opt/airflow/dags/sample_dag.py
[2022-12-24 20:48:55,423] {logging_mixin.py:115} INFO - [2022-12-24 20:48:55,423] {dag.py:2371} INFO - Sync 1 DAGs
[2022-12-24 20:48:55,444] {logging_mixin.py:115} INFO - [2022-12-24 20:48:55,444] {dag.py:2919} INFO - Setting next_dagrun for first_sample_dag to None, run_after=None
[2022-12-24 20:48:55,458] {processor.py:161} INFO - Processing /opt/airflow/dags/sample_dag.py took 0.083 seconds
[2022-12-24 20:49:25,550] {processor.py:153} INFO - Started process (PID=377) to work on /opt/airflow/dags/sample_dag.py
[2022-12-24 20:49:25,550] {processor.py:641} INFO - Processing file /opt/airflow/dags/sample_dag.py for tasks to queue
[2022-12-24 20:49:25,551] {logging_mixin.py:115} INFO - [2022-12-24 20:49:25,551] {dagbag.py:507} INFO - Filling up the DagBag from /opt/airflow/dags/sample_dag.py
[2022-12-24 20:49:25,573] {processor.py:651} INFO - DAG(s) dict_keys(['first_sample_dag']) retrieved from /opt/airflow/dags/sample_dag.py
[2022-12-24 20:49:25,597] {logging_mixin.py:115} INFO - [2022-12-24 20:49:25,597] {dag.py:2371} INFO - Sync 1 DAGs
[2022-12-24 20:49:25,616] {logging_mixin.py:115} INFO - [2022-12-24 20:49:25,616] {dag.py:2919} INFO - Setting next_dagrun for first_sample_dag to None, run_after=None
[2022-12-24 20:49:25,627] {processor.py:161} INFO - Processing /opt/airflow/dags/sample_dag.py took 0.079 seconds
[2022-12-24 20:49:55,717] {processor.py:153} INFO - Started process (PID=382) to work on /opt/airflow/dags/sample_dag.py
[2022-12-24 20:49:55,718] {processor.py:641} INFO - Processing file /opt/airflow/dags/sample_dag.py for tasks to queue
[2022-12-24 20:49:55,719] {logging_mixin.py:115} INFO - [2022-12-24 20:49:55,718] {dagbag.py:507} INFO - Filling up the DagBag from /opt/airflow/dags/sample_dag.py
[2022-12-24 20:49:55,742] {processor.py:651} INFO - DAG(s) dict_keys(['first_sample_dag']) retrieved from /opt/airflow/dags/sample_dag.py
[2022-12-24 20:49:55,762] {logging_mixin.py:115} INFO - [2022-12-24 20:49:55,762] {dag.py:2371} INFO - Sync 1 DAGs
[2022-12-24 20:49:55,781] {logging_mixin.py:115} INFO - [2022-12-24 20:49:55,781] {dag.py:2919} INFO - Setting next_dagrun for first_sample_dag to None, run_after=None
[2022-12-24 20:49:55,792] {processor.py:161} INFO - Processing /opt/airflow/dags/sample_dag.py took 0.077 seconds
[2022-12-24 20:50:25,841] {processor.py:153} INFO - Started process (PID=387) to work on /opt/airflow/dags/sample_dag.py
[2022-12-24 20:50:25,842] {processor.py:641} INFO - Processing file /opt/airflow/dags/sample_dag.py for tasks to queue
[2022-12-24 20:50:25,843] {logging_mixin.py:115} INFO - [2022-12-24 20:50:25,843] {dagbag.py:507} INFO - Filling up the DagBag from /opt/airflow/dags/sample_dag.py
[2022-12-24 20:50:25,870] {processor.py:651} INFO - DAG(s) dict_keys(['first_sample_dag']) retrieved from /opt/airflow/dags/sample_dag.py
[2022-12-24 20:50:25,899] {logging_mixin.py:115} INFO - [2022-12-24 20:50:25,899] {dag.py:2371} INFO - Sync 1 DAGs
[2022-12-24 20:50:25,922] {logging_mixin.py:115} INFO - [2022-12-24 20:50:25,922] {dag.py:2919} INFO - Setting next_dagrun for first_sample_dag to None, run_after=None
[2022-12-24 20:50:25,938] {processor.py:161} INFO - Processing /opt/airflow/dags/sample_dag.py took 0.099 seconds
[2022-12-24 20:50:56,030] {processor.py:153} INFO - Started process (PID=392) to work on /opt/airflow/dags/sample_dag.py
[2022-12-24 20:50:56,031] {processor.py:641} INFO - Processing file /opt/airflow/dags/sample_dag.py for tasks to queue
[2022-12-24 20:50:56,031] {logging_mixin.py:115} INFO - [2022-12-24 20:50:56,031] {dagbag.py:507} INFO - Filling up the DagBag from /opt/airflow/dags/sample_dag.py
[2022-12-24 20:50:56,054] {processor.py:651} INFO - DAG(s) dict_keys(['first_sample_dag']) retrieved from /opt/airflow/dags/sample_dag.py
[2022-12-24 20:50:56,076] {logging_mixin.py:115} INFO - [2022-12-24 20:50:56,076] {dag.py:2371} INFO - Sync 1 DAGs
[2022-12-24 20:50:56,095] {logging_mixin.py:115} INFO - [2022-12-24 20:50:56,095] {dag.py:2919} INFO - Setting next_dagrun for first_sample_dag to None, run_after=None
[2022-12-24 20:50:56,108] {processor.py:161} INFO - Processing /opt/airflow/dags/sample_dag.py took 0.081 seconds
[2022-12-24 20:51:26,160] {processor.py:153} INFO - Started process (PID=397) to work on /opt/airflow/dags/sample_dag.py
[2022-12-24 20:51:26,161] {processor.py:641} INFO - Processing file /opt/airflow/dags/sample_dag.py for tasks to queue
[2022-12-24 20:51:26,162] {logging_mixin.py:115} INFO - [2022-12-24 20:51:26,162] {dagbag.py:507} INFO - Filling up the DagBag from /opt/airflow/dags/sample_dag.py
[2022-12-24 20:51:26,191] {processor.py:651} INFO - DAG(s) dict_keys(['first_sample_dag']) retrieved from /opt/airflow/dags/sample_dag.py
[2022-12-24 20:51:26,215] {logging_mixin.py:115} INFO - [2022-12-24 20:51:26,215] {dag.py:2371} INFO - Sync 1 DAGs
[2022-12-24 20:51:26,234] {logging_mixin.py:115} INFO - [2022-12-24 20:51:26,234] {dag.py:2919} INFO - Setting next_dagrun for first_sample_dag to None, run_after=None
[2022-12-24 20:51:26,247] {processor.py:161} INFO - Processing /opt/airflow/dags/sample_dag.py took 0.089 seconds
[2022-12-24 20:51:56,398] {processor.py:153} INFO - Started process (PID=402) to work on /opt/airflow/dags/sample_dag.py
[2022-12-24 20:51:56,399] {processor.py:641} INFO - Processing file /opt/airflow/dags/sample_dag.py for tasks to queue
[2022-12-24 20:51:56,399] {logging_mixin.py:115} INFO - [2022-12-24 20:51:56,399] {dagbag.py:507} INFO - Filling up the DagBag from /opt/airflow/dags/sample_dag.py
[2022-12-24 20:51:56,423] {processor.py:651} INFO - DAG(s) dict_keys(['first_sample_dag']) retrieved from /opt/airflow/dags/sample_dag.py
[2022-12-24 20:51:56,444] {logging_mixin.py:115} INFO - [2022-12-24 20:51:56,444] {dag.py:2371} INFO - Sync 1 DAGs
[2022-12-24 20:51:56,461] {logging_mixin.py:115} INFO - [2022-12-24 20:51:56,461] {dag.py:2919} INFO - Setting next_dagrun for first_sample_dag to None, run_after=None
[2022-12-24 20:51:56,471] {processor.py:161} INFO - Processing /opt/airflow/dags/sample_dag.py took 0.075 seconds
[2022-12-24 20:52:26,509] {processor.py:153} INFO - Started process (PID=407) to work on /opt/airflow/dags/sample_dag.py
[2022-12-24 20:52:26,509] {processor.py:641} INFO - Processing file /opt/airflow/dags/sample_dag.py for tasks to queue
[2022-12-24 20:52:26,510] {logging_mixin.py:115} INFO - [2022-12-24 20:52:26,510] {dagbag.py:507} INFO - Filling up the DagBag from /opt/airflow/dags/sample_dag.py
[2022-12-24 20:52:26,531] {processor.py:651} INFO - DAG(s) dict_keys(['first_sample_dag']) retrieved from /opt/airflow/dags/sample_dag.py
[2022-12-24 20:52:26,552] {logging_mixin.py:115} INFO - [2022-12-24 20:52:26,552] {dag.py:2371} INFO - Sync 1 DAGs
[2022-12-24 20:52:26,571] {logging_mixin.py:115} INFO - [2022-12-24 20:52:26,571] {dag.py:2919} INFO - Setting next_dagrun for first_sample_dag to None, run_after=None
[2022-12-24 20:52:26,583] {processor.py:161} INFO - Processing /opt/airflow/dags/sample_dag.py took 0.078 seconds
[2022-12-24 20:52:56,698] {processor.py:153} INFO - Started process (PID=412) to work on /opt/airflow/dags/sample_dag.py
[2022-12-24 20:52:56,699] {processor.py:641} INFO - Processing file /opt/airflow/dags/sample_dag.py for tasks to queue
[2022-12-24 20:52:56,699] {logging_mixin.py:115} INFO - [2022-12-24 20:52:56,699] {dagbag.py:507} INFO - Filling up the DagBag from /opt/airflow/dags/sample_dag.py
[2022-12-24 20:52:56,720] {processor.py:651} INFO - DAG(s) dict_keys(['first_sample_dag']) retrieved from /opt/airflow/dags/sample_dag.py
[2022-12-24 20:52:56,738] {logging_mixin.py:115} INFO - [2022-12-24 20:52:56,737] {dag.py:2371} INFO - Sync 1 DAGs
[2022-12-24 20:52:56,754] {logging_mixin.py:115} INFO - [2022-12-24 20:52:56,754] {dag.py:2919} INFO - Setting next_dagrun for first_sample_dag to None, run_after=None
[2022-12-24 20:52:56,764] {processor.py:161} INFO - Processing /opt/airflow/dags/sample_dag.py took 0.068 seconds
[2022-12-24 20:53:26,810] {processor.py:153} INFO - Started process (PID=417) to work on /opt/airflow/dags/sample_dag.py
[2022-12-24 20:53:26,811] {processor.py:641} INFO - Processing file /opt/airflow/dags/sample_dag.py for tasks to queue
[2022-12-24 20:53:26,811] {logging_mixin.py:115} INFO - [2022-12-24 20:53:26,811] {dagbag.py:507} INFO - Filling up the DagBag from /opt/airflow/dags/sample_dag.py
[2022-12-24 20:53:26,833] {processor.py:651} INFO - DAG(s) dict_keys(['first_sample_dag']) retrieved from /opt/airflow/dags/sample_dag.py
[2022-12-24 20:53:26,853] {logging_mixin.py:115} INFO - [2022-12-24 20:53:26,853] {dag.py:2371} INFO - Sync 1 DAGs
[2022-12-24 20:53:26,872] {logging_mixin.py:115} INFO - [2022-12-24 20:53:26,872] {dag.py:2919} INFO - Setting next_dagrun for first_sample_dag to None, run_after=None
[2022-12-24 20:53:26,894] {processor.py:161} INFO - Processing /opt/airflow/dags/sample_dag.py took 0.086 seconds
[2022-12-24 20:53:56,985] {processor.py:153} INFO - Started process (PID=422) to work on /opt/airflow/dags/sample_dag.py
[2022-12-24 20:53:56,986] {processor.py:641} INFO - Processing file /opt/airflow/dags/sample_dag.py for tasks to queue
[2022-12-24 20:53:56,987] {logging_mixin.py:115} INFO - [2022-12-24 20:53:56,986] {dagbag.py:507} INFO - Filling up the DagBag from /opt/airflow/dags/sample_dag.py
[2022-12-24 20:53:57,007] {processor.py:651} INFO - DAG(s) dict_keys(['first_sample_dag']) retrieved from /opt/airflow/dags/sample_dag.py
[2022-12-24 20:53:57,025] {logging_mixin.py:115} INFO - [2022-12-24 20:53:57,025] {dag.py:2371} INFO - Sync 1 DAGs
[2022-12-24 20:53:57,041] {logging_mixin.py:115} INFO - [2022-12-24 20:53:57,041] {dag.py:2919} INFO - Setting next_dagrun for first_sample_dag to None, run_after=None
[2022-12-24 20:53:57,063] {processor.py:161} INFO - Processing /opt/airflow/dags/sample_dag.py took 0.080 seconds
