[2022-12-24 22:29:43,386] {processor.py:153} INFO - Started process (PID=1377) to work on /opt/airflow/dags/tutorial.py
[2022-12-24 22:29:43,387] {processor.py:641} INFO - Processing file /opt/airflow/dags/tutorial.py for tasks to queue
[2022-12-24 22:29:43,388] {logging_mixin.py:115} INFO - [2022-12-24 22:29:43,387] {dagbag.py:507} INFO - Filling up the DagBag from /opt/airflow/dags/tutorial.py
[2022-12-24 22:29:43,421] {logging_mixin.py:115} INFO - [2022-12-24 22:29:43,406] {dagbag.py:320} ERROR - Failed to import: /opt/airflow/dags/tutorial.py
Traceback (most recent call last):
  File "/home/airflow/.local/lib/python3.7/site-packages/airflow/models/dagbag.py", line 317, in parse
    loader.exec_module(new_module)
  File "<frozen importlib._bootstrap_external>", line 724, in exec_module
  File "<frozen importlib._bootstrap_external>", line 860, in get_code
  File "<frozen importlib._bootstrap_external>", line 791, in source_to_code
  File "<frozen importlib._bootstrap>", line 219, in _call_with_frames_removed
  File "/opt/airflow/dags/tutorial.py", line 41
    retries = 3,
          ^
SyntaxError: invalid syntax
[2022-12-24 22:29:43,422] {processor.py:653} WARNING - No viable dags retrieved from /opt/airflow/dags/tutorial.py
[2022-12-24 22:29:43,442] {processor.py:161} INFO - Processing /opt/airflow/dags/tutorial.py took 0.058 seconds
[2022-12-24 22:30:13,612] {processor.py:153} INFO - Started process (PID=1387) to work on /opt/airflow/dags/tutorial.py
[2022-12-24 22:30:13,613] {processor.py:641} INFO - Processing file /opt/airflow/dags/tutorial.py for tasks to queue
[2022-12-24 22:30:13,613] {logging_mixin.py:115} INFO - [2022-12-24 22:30:13,613] {dagbag.py:507} INFO - Filling up the DagBag from /opt/airflow/dags/tutorial.py
[2022-12-24 22:30:13,633] {logging_mixin.py:115} INFO - [2022-12-24 22:30:13,632] {dagbag.py:320} ERROR - Failed to import: /opt/airflow/dags/tutorial.py
Traceback (most recent call last):
  File "/home/airflow/.local/lib/python3.7/site-packages/airflow/models/dagbag.py", line 317, in parse
    loader.exec_module(new_module)
  File "<frozen importlib._bootstrap_external>", line 724, in exec_module
  File "<frozen importlib._bootstrap_external>", line 860, in get_code
  File "<frozen importlib._bootstrap_external>", line 791, in source_to_code
  File "<frozen importlib._bootstrap>", line 219, in _call_with_frames_removed
  File "/opt/airflow/dags/tutorial.py", line 41
    retries = 3,
          ^
SyntaxError: invalid syntax
[2022-12-24 22:30:13,633] {processor.py:653} WARNING - No viable dags retrieved from /opt/airflow/dags/tutorial.py
[2022-12-24 22:30:13,661] {processor.py:161} INFO - Processing /opt/airflow/dags/tutorial.py took 0.052 seconds
[2022-12-24 22:30:43,861] {processor.py:153} INFO - Started process (PID=1397) to work on /opt/airflow/dags/tutorial.py
[2022-12-24 22:30:43,862] {processor.py:641} INFO - Processing file /opt/airflow/dags/tutorial.py for tasks to queue
[2022-12-24 22:30:43,863] {logging_mixin.py:115} INFO - [2022-12-24 22:30:43,863] {dagbag.py:507} INFO - Filling up the DagBag from /opt/airflow/dags/tutorial.py
[2022-12-24 22:30:43,889] {logging_mixin.py:115} INFO - [2022-12-24 22:30:43,888] {dagbag.py:320} ERROR - Failed to import: /opt/airflow/dags/tutorial.py
Traceback (most recent call last):
  File "/home/airflow/.local/lib/python3.7/site-packages/airflow/models/dagbag.py", line 317, in parse
    loader.exec_module(new_module)
  File "<frozen importlib._bootstrap_external>", line 724, in exec_module
  File "<frozen importlib._bootstrap_external>", line 860, in get_code
  File "<frozen importlib._bootstrap_external>", line 791, in source_to_code
  File "<frozen importlib._bootstrap>", line 219, in _call_with_frames_removed
  File "/opt/airflow/dags/tutorial.py", line 41
    retries = 3,
          ^
SyntaxError: invalid syntax
[2022-12-24 22:30:43,890] {processor.py:653} WARNING - No viable dags retrieved from /opt/airflow/dags/tutorial.py
[2022-12-24 22:30:43,969] {processor.py:161} INFO - Processing /opt/airflow/dags/tutorial.py took 0.118 seconds
[2022-12-24 22:30:47,907] {processor.py:153} INFO - Started process (PID=1402) to work on /opt/airflow/dags/tutorial.py
[2022-12-24 22:30:47,908] {processor.py:641} INFO - Processing file /opt/airflow/dags/tutorial.py for tasks to queue
[2022-12-24 22:30:47,908] {logging_mixin.py:115} INFO - [2022-12-24 22:30:47,908] {dagbag.py:507} INFO - Filling up the DagBag from /opt/airflow/dags/tutorial.py
[2022-12-24 22:30:47,960] {logging_mixin.py:115} INFO - [2022-12-24 22:30:47,955] {dagbag.py:320} ERROR - Failed to import: /opt/airflow/dags/tutorial.py
Traceback (most recent call last):
  File "/home/airflow/.local/lib/python3.7/site-packages/airflow/models/dagbag.py", line 317, in parse
    loader.exec_module(new_module)
  File "<frozen importlib._bootstrap_external>", line 728, in exec_module
  File "<frozen importlib._bootstrap>", line 219, in _call_with_frames_removed
  File "/opt/airflow/dags/tutorial.py", line 30, in <module>
    tags=["example"]
TypeError: __init__() got an unexpected keyword argument 'schedule'
[2022-12-24 22:30:47,963] {processor.py:653} WARNING - No viable dags retrieved from /opt/airflow/dags/tutorial.py
[2022-12-24 22:30:47,985] {processor.py:161} INFO - Processing /opt/airflow/dags/tutorial.py took 0.082 seconds
[2022-12-24 22:31:18,173] {processor.py:153} INFO - Started process (PID=1412) to work on /opt/airflow/dags/tutorial.py
[2022-12-24 22:31:18,174] {processor.py:641} INFO - Processing file /opt/airflow/dags/tutorial.py for tasks to queue
[2022-12-24 22:31:18,174] {logging_mixin.py:115} INFO - [2022-12-24 22:31:18,174] {dagbag.py:507} INFO - Filling up the DagBag from /opt/airflow/dags/tutorial.py
[2022-12-24 22:31:18,200] {logging_mixin.py:115} INFO - [2022-12-24 22:31:18,196] {dagbag.py:320} ERROR - Failed to import: /opt/airflow/dags/tutorial.py
Traceback (most recent call last):
  File "/home/airflow/.local/lib/python3.7/site-packages/airflow/models/dagbag.py", line 317, in parse
    loader.exec_module(new_module)
  File "<frozen importlib._bootstrap_external>", line 728, in exec_module
  File "<frozen importlib._bootstrap>", line 219, in _call_with_frames_removed
  File "/opt/airflow/dags/tutorial.py", line 30, in <module>
    tags=["example"]
TypeError: __init__() got an unexpected keyword argument 'schedule'
[2022-12-24 22:31:18,203] {processor.py:653} WARNING - No viable dags retrieved from /opt/airflow/dags/tutorial.py
[2022-12-24 22:31:18,219] {processor.py:161} INFO - Processing /opt/airflow/dags/tutorial.py took 0.049 seconds
[2022-12-24 22:31:48,389] {processor.py:153} INFO - Started process (PID=1422) to work on /opt/airflow/dags/tutorial.py
[2022-12-24 22:31:48,390] {processor.py:641} INFO - Processing file /opt/airflow/dags/tutorial.py for tasks to queue
[2022-12-24 22:31:48,390] {logging_mixin.py:115} INFO - [2022-12-24 22:31:48,390] {dagbag.py:507} INFO - Filling up the DagBag from /opt/airflow/dags/tutorial.py
[2022-12-24 22:31:48,412] {logging_mixin.py:115} INFO - [2022-12-24 22:31:48,408] {dagbag.py:320} ERROR - Failed to import: /opt/airflow/dags/tutorial.py
Traceback (most recent call last):
  File "/home/airflow/.local/lib/python3.7/site-packages/airflow/models/dagbag.py", line 317, in parse
    loader.exec_module(new_module)
  File "<frozen importlib._bootstrap_external>", line 728, in exec_module
  File "<frozen importlib._bootstrap>", line 219, in _call_with_frames_removed
  File "/opt/airflow/dags/tutorial.py", line 30, in <module>
    tags=["example"]
TypeError: __init__() got an unexpected keyword argument 'schedule'
[2022-12-24 22:31:48,414] {processor.py:653} WARNING - No viable dags retrieved from /opt/airflow/dags/tutorial.py
[2022-12-24 22:31:48,440] {processor.py:161} INFO - Processing /opt/airflow/dags/tutorial.py took 0.053 seconds
[2022-12-24 22:32:18,608] {processor.py:153} INFO - Started process (PID=1432) to work on /opt/airflow/dags/tutorial.py
[2022-12-24 22:32:18,609] {processor.py:641} INFO - Processing file /opt/airflow/dags/tutorial.py for tasks to queue
[2022-12-24 22:32:18,610] {logging_mixin.py:115} INFO - [2022-12-24 22:32:18,610] {dagbag.py:507} INFO - Filling up the DagBag from /opt/airflow/dags/tutorial.py
[2022-12-24 22:32:18,637] {logging_mixin.py:115} INFO - [2022-12-24 22:32:18,631] {dagbag.py:320} ERROR - Failed to import: /opt/airflow/dags/tutorial.py
Traceback (most recent call last):
  File "/home/airflow/.local/lib/python3.7/site-packages/airflow/models/dagbag.py", line 317, in parse
    loader.exec_module(new_module)
  File "<frozen importlib._bootstrap_external>", line 728, in exec_module
  File "<frozen importlib._bootstrap>", line 219, in _call_with_frames_removed
  File "/opt/airflow/dags/tutorial.py", line 30, in <module>
    tags=["example"]
TypeError: __init__() got an unexpected keyword argument 'schedule'
[2022-12-24 22:32:18,639] {processor.py:653} WARNING - No viable dags retrieved from /opt/airflow/dags/tutorial.py
[2022-12-24 22:32:18,655] {processor.py:161} INFO - Processing /opt/airflow/dags/tutorial.py took 0.050 seconds
[2022-12-24 22:32:48,823] {processor.py:153} INFO - Started process (PID=1442) to work on /opt/airflow/dags/tutorial.py
[2022-12-24 22:32:48,824] {processor.py:641} INFO - Processing file /opt/airflow/dags/tutorial.py for tasks to queue
[2022-12-24 22:32:48,824] {logging_mixin.py:115} INFO - [2022-12-24 22:32:48,824] {dagbag.py:507} INFO - Filling up the DagBag from /opt/airflow/dags/tutorial.py
[2022-12-24 22:32:48,847] {logging_mixin.py:115} INFO - [2022-12-24 22:32:48,843] {dagbag.py:320} ERROR - Failed to import: /opt/airflow/dags/tutorial.py
Traceback (most recent call last):
  File "/home/airflow/.local/lib/python3.7/site-packages/airflow/models/dagbag.py", line 317, in parse
    loader.exec_module(new_module)
  File "<frozen importlib._bootstrap_external>", line 728, in exec_module
  File "<frozen importlib._bootstrap>", line 219, in _call_with_frames_removed
  File "/opt/airflow/dags/tutorial.py", line 30, in <module>
    tags=["example"]
TypeError: __init__() got an unexpected keyword argument 'schedule'
[2022-12-24 22:32:48,849] {processor.py:653} WARNING - No viable dags retrieved from /opt/airflow/dags/tutorial.py
[2022-12-24 22:32:48,876] {processor.py:161} INFO - Processing /opt/airflow/dags/tutorial.py took 0.055 seconds
[2022-12-24 22:33:19,060] {processor.py:153} INFO - Started process (PID=1452) to work on /opt/airflow/dags/tutorial.py
[2022-12-24 22:33:19,061] {processor.py:641} INFO - Processing file /opt/airflow/dags/tutorial.py for tasks to queue
[2022-12-24 22:33:19,062] {logging_mixin.py:115} INFO - [2022-12-24 22:33:19,061] {dagbag.py:507} INFO - Filling up the DagBag from /opt/airflow/dags/tutorial.py
[2022-12-24 22:33:19,085] {logging_mixin.py:115} INFO - [2022-12-24 22:33:19,080] {dagbag.py:320} ERROR - Failed to import: /opt/airflow/dags/tutorial.py
Traceback (most recent call last):
  File "/home/airflow/.local/lib/python3.7/site-packages/airflow/models/dagbag.py", line 317, in parse
    loader.exec_module(new_module)
  File "<frozen importlib._bootstrap_external>", line 728, in exec_module
  File "<frozen importlib._bootstrap>", line 219, in _call_with_frames_removed
  File "/opt/airflow/dags/tutorial.py", line 30, in <module>
    tags=["example"]
TypeError: __init__() got an unexpected keyword argument 'schedule'
[2022-12-24 22:33:19,087] {processor.py:653} WARNING - No viable dags retrieved from /opt/airflow/dags/tutorial.py
[2022-12-24 22:33:19,115] {processor.py:161} INFO - Processing /opt/airflow/dags/tutorial.py took 0.057 seconds
[2022-12-24 22:33:49,300] {processor.py:153} INFO - Started process (PID=1462) to work on /opt/airflow/dags/tutorial.py
[2022-12-24 22:33:49,301] {processor.py:641} INFO - Processing file /opt/airflow/dags/tutorial.py for tasks to queue
[2022-12-24 22:33:49,302] {logging_mixin.py:115} INFO - [2022-12-24 22:33:49,301] {dagbag.py:507} INFO - Filling up the DagBag from /opt/airflow/dags/tutorial.py
[2022-12-24 22:33:49,325] {logging_mixin.py:115} INFO - [2022-12-24 22:33:49,321] {dagbag.py:320} ERROR - Failed to import: /opt/airflow/dags/tutorial.py
Traceback (most recent call last):
  File "/home/airflow/.local/lib/python3.7/site-packages/airflow/models/dagbag.py", line 317, in parse
    loader.exec_module(new_module)
  File "<frozen importlib._bootstrap_external>", line 728, in exec_module
  File "<frozen importlib._bootstrap>", line 219, in _call_with_frames_removed
  File "/opt/airflow/dags/tutorial.py", line 30, in <module>
    tags=["example"]
TypeError: __init__() got an unexpected keyword argument 'schedule'
[2022-12-24 22:33:49,327] {processor.py:653} WARNING - No viable dags retrieved from /opt/airflow/dags/tutorial.py
[2022-12-24 22:33:49,353] {processor.py:161} INFO - Processing /opt/airflow/dags/tutorial.py took 0.056 seconds
[2022-12-24 22:34:19,523] {processor.py:153} INFO - Started process (PID=1472) to work on /opt/airflow/dags/tutorial.py
[2022-12-24 22:34:19,524] {processor.py:641} INFO - Processing file /opt/airflow/dags/tutorial.py for tasks to queue
[2022-12-24 22:34:19,525] {logging_mixin.py:115} INFO - [2022-12-24 22:34:19,525] {dagbag.py:507} INFO - Filling up the DagBag from /opt/airflow/dags/tutorial.py
[2022-12-24 22:34:19,548] {logging_mixin.py:115} INFO - [2022-12-24 22:34:19,544] {dagbag.py:320} ERROR - Failed to import: /opt/airflow/dags/tutorial.py
Traceback (most recent call last):
  File "/home/airflow/.local/lib/python3.7/site-packages/airflow/models/dagbag.py", line 317, in parse
    loader.exec_module(new_module)
  File "<frozen importlib._bootstrap_external>", line 728, in exec_module
  File "<frozen importlib._bootstrap>", line 219, in _call_with_frames_removed
  File "/opt/airflow/dags/tutorial.py", line 30, in <module>
    tags=["example"]
TypeError: __init__() got an unexpected keyword argument 'schedule'
[2022-12-24 22:34:19,550] {processor.py:653} WARNING - No viable dags retrieved from /opt/airflow/dags/tutorial.py
[2022-12-24 22:34:19,564] {processor.py:161} INFO - Processing /opt/airflow/dags/tutorial.py took 0.044 seconds
[2022-12-24 22:34:49,779] {processor.py:153} INFO - Started process (PID=1482) to work on /opt/airflow/dags/tutorial.py
[2022-12-24 22:34:49,779] {processor.py:641} INFO - Processing file /opt/airflow/dags/tutorial.py for tasks to queue
[2022-12-24 22:34:49,780] {logging_mixin.py:115} INFO - [2022-12-24 22:34:49,780] {dagbag.py:507} INFO - Filling up the DagBag from /opt/airflow/dags/tutorial.py
[2022-12-24 22:34:49,802] {logging_mixin.py:115} INFO - [2022-12-24 22:34:49,798] {dagbag.py:320} ERROR - Failed to import: /opt/airflow/dags/tutorial.py
Traceback (most recent call last):
  File "/home/airflow/.local/lib/python3.7/site-packages/airflow/models/dagbag.py", line 317, in parse
    loader.exec_module(new_module)
  File "<frozen importlib._bootstrap_external>", line 728, in exec_module
  File "<frozen importlib._bootstrap>", line 219, in _call_with_frames_removed
  File "/opt/airflow/dags/tutorial.py", line 30, in <module>
    tags=["example"]
TypeError: __init__() got an unexpected keyword argument 'schedule'
[2022-12-24 22:34:49,804] {processor.py:653} WARNING - No viable dags retrieved from /opt/airflow/dags/tutorial.py
[2022-12-24 22:34:49,820] {processor.py:161} INFO - Processing /opt/airflow/dags/tutorial.py took 0.044 seconds
[2022-12-24 22:35:19,991] {processor.py:153} INFO - Started process (PID=1492) to work on /opt/airflow/dags/tutorial.py
[2022-12-24 22:35:19,992] {processor.py:641} INFO - Processing file /opt/airflow/dags/tutorial.py for tasks to queue
[2022-12-24 22:35:19,992] {logging_mixin.py:115} INFO - [2022-12-24 22:35:19,992] {dagbag.py:507} INFO - Filling up the DagBag from /opt/airflow/dags/tutorial.py
[2022-12-24 22:35:20,017] {logging_mixin.py:115} INFO - [2022-12-24 22:35:20,013] {dagbag.py:320} ERROR - Failed to import: /opt/airflow/dags/tutorial.py
Traceback (most recent call last):
  File "/home/airflow/.local/lib/python3.7/site-packages/airflow/models/dagbag.py", line 317, in parse
    loader.exec_module(new_module)
  File "<frozen importlib._bootstrap_external>", line 728, in exec_module
  File "<frozen importlib._bootstrap>", line 219, in _call_with_frames_removed
  File "/opt/airflow/dags/tutorial.py", line 30, in <module>
    tags=["example"]
TypeError: __init__() got an unexpected keyword argument 'schedule'
[2022-12-24 22:35:20,019] {processor.py:653} WARNING - No viable dags retrieved from /opt/airflow/dags/tutorial.py
[2022-12-24 22:35:20,037] {processor.py:161} INFO - Processing /opt/airflow/dags/tutorial.py took 0.048 seconds
[2022-12-24 22:35:50,204] {processor.py:153} INFO - Started process (PID=1502) to work on /opt/airflow/dags/tutorial.py
[2022-12-24 22:35:50,205] {processor.py:641} INFO - Processing file /opt/airflow/dags/tutorial.py for tasks to queue
[2022-12-24 22:35:50,205] {logging_mixin.py:115} INFO - [2022-12-24 22:35:50,205] {dagbag.py:507} INFO - Filling up the DagBag from /opt/airflow/dags/tutorial.py
[2022-12-24 22:35:50,228] {logging_mixin.py:115} INFO - [2022-12-24 22:35:50,223] {dagbag.py:320} ERROR - Failed to import: /opt/airflow/dags/tutorial.py
Traceback (most recent call last):
  File "/home/airflow/.local/lib/python3.7/site-packages/airflow/models/dagbag.py", line 317, in parse
    loader.exec_module(new_module)
  File "<frozen importlib._bootstrap_external>", line 728, in exec_module
  File "<frozen importlib._bootstrap>", line 219, in _call_with_frames_removed
  File "/opt/airflow/dags/tutorial.py", line 30, in <module>
    tags=["example"]
TypeError: __init__() got an unexpected keyword argument 'schedule'
[2022-12-24 22:35:50,230] {processor.py:653} WARNING - No viable dags retrieved from /opt/airflow/dags/tutorial.py
[2022-12-24 22:35:50,246] {processor.py:161} INFO - Processing /opt/airflow/dags/tutorial.py took 0.045 seconds
[2022-12-24 22:36:20,416] {processor.py:153} INFO - Started process (PID=1512) to work on /opt/airflow/dags/tutorial.py
[2022-12-24 22:36:20,416] {processor.py:641} INFO - Processing file /opt/airflow/dags/tutorial.py for tasks to queue
[2022-12-24 22:36:20,417] {logging_mixin.py:115} INFO - [2022-12-24 22:36:20,417] {dagbag.py:507} INFO - Filling up the DagBag from /opt/airflow/dags/tutorial.py
[2022-12-24 22:36:20,441] {logging_mixin.py:115} INFO - [2022-12-24 22:36:20,436] {dagbag.py:320} ERROR - Failed to import: /opt/airflow/dags/tutorial.py
Traceback (most recent call last):
  File "/home/airflow/.local/lib/python3.7/site-packages/airflow/models/dagbag.py", line 317, in parse
    loader.exec_module(new_module)
  File "<frozen importlib._bootstrap_external>", line 728, in exec_module
  File "<frozen importlib._bootstrap>", line 219, in _call_with_frames_removed
  File "/opt/airflow/dags/tutorial.py", line 30, in <module>
    tags=["example"]
TypeError: __init__() got an unexpected keyword argument 'schedule'
[2022-12-24 22:36:20,442] {processor.py:653} WARNING - No viable dags retrieved from /opt/airflow/dags/tutorial.py
[2022-12-24 22:36:20,469] {processor.py:161} INFO - Processing /opt/airflow/dags/tutorial.py took 0.056 seconds
[2022-12-24 22:36:50,643] {processor.py:153} INFO - Started process (PID=1522) to work on /opt/airflow/dags/tutorial.py
[2022-12-24 22:36:50,644] {processor.py:641} INFO - Processing file /opt/airflow/dags/tutorial.py for tasks to queue
[2022-12-24 22:36:50,645] {logging_mixin.py:115} INFO - [2022-12-24 22:36:50,645] {dagbag.py:507} INFO - Filling up the DagBag from /opt/airflow/dags/tutorial.py
[2022-12-24 22:36:50,671] {logging_mixin.py:115} INFO - [2022-12-24 22:36:50,666] {dagbag.py:320} ERROR - Failed to import: /opt/airflow/dags/tutorial.py
Traceback (most recent call last):
  File "/home/airflow/.local/lib/python3.7/site-packages/airflow/models/dagbag.py", line 317, in parse
    loader.exec_module(new_module)
  File "<frozen importlib._bootstrap_external>", line 728, in exec_module
  File "<frozen importlib._bootstrap>", line 219, in _call_with_frames_removed
  File "/opt/airflow/dags/tutorial.py", line 30, in <module>
    tags=["example"]
TypeError: __init__() got an unexpected keyword argument 'schedule'
[2022-12-24 22:36:50,673] {processor.py:653} WARNING - No viable dags retrieved from /opt/airflow/dags/tutorial.py
[2022-12-24 22:36:50,701] {processor.py:161} INFO - Processing /opt/airflow/dags/tutorial.py took 0.060 seconds
[2022-12-24 22:37:20,878] {processor.py:153} INFO - Started process (PID=1532) to work on /opt/airflow/dags/tutorial.py
[2022-12-24 22:37:20,878] {processor.py:641} INFO - Processing file /opt/airflow/dags/tutorial.py for tasks to queue
[2022-12-24 22:37:20,879] {logging_mixin.py:115} INFO - [2022-12-24 22:37:20,879] {dagbag.py:507} INFO - Filling up the DagBag from /opt/airflow/dags/tutorial.py
[2022-12-24 22:37:20,907] {logging_mixin.py:115} INFO - [2022-12-24 22:37:20,902] {dagbag.py:320} ERROR - Failed to import: /opt/airflow/dags/tutorial.py
Traceback (most recent call last):
  File "/home/airflow/.local/lib/python3.7/site-packages/airflow/models/dagbag.py", line 317, in parse
    loader.exec_module(new_module)
  File "<frozen importlib._bootstrap_external>", line 728, in exec_module
  File "<frozen importlib._bootstrap>", line 219, in _call_with_frames_removed
  File "/opt/airflow/dags/tutorial.py", line 30, in <module>
    tags=["example"]
TypeError: __init__() got an unexpected keyword argument 'schedule'
[2022-12-24 22:37:20,908] {processor.py:653} WARNING - No viable dags retrieved from /opt/airflow/dags/tutorial.py
[2022-12-24 22:37:20,937] {processor.py:161} INFO - Processing /opt/airflow/dags/tutorial.py took 0.062 seconds
[2022-12-24 22:37:48,105] {processor.py:153} INFO - Started process (PID=1542) to work on /opt/airflow/dags/tutorial.py
[2022-12-24 22:37:48,105] {processor.py:641} INFO - Processing file /opt/airflow/dags/tutorial.py for tasks to queue
[2022-12-24 22:37:48,106] {logging_mixin.py:115} INFO - [2022-12-24 22:37:48,106] {dagbag.py:507} INFO - Filling up the DagBag from /opt/airflow/dags/tutorial.py
[2022-12-24 22:37:48,157] {logging_mixin.py:115} INFO - [2022-12-24 22:37:48,151] {dagbag.py:320} ERROR - Failed to import: /opt/airflow/dags/tutorial.py
Traceback (most recent call last):
  File "/home/airflow/.local/lib/python3.7/site-packages/airflow/models/dagbag.py", line 317, in parse
    loader.exec_module(new_module)
  File "<frozen importlib._bootstrap_external>", line 728, in exec_module
  File "<frozen importlib._bootstrap>", line 219, in _call_with_frames_removed
  File "/opt/airflow/dags/tutorial.py", line 30, in <module>
    tags=["example"],
TypeError: __init__() got an unexpected keyword argument 'schedule'
[2022-12-24 22:37:48,159] {processor.py:653} WARNING - No viable dags retrieved from /opt/airflow/dags/tutorial.py
[2022-12-24 22:37:48,190] {processor.py:161} INFO - Processing /opt/airflow/dags/tutorial.py took 0.088 seconds
[2022-12-24 22:38:18,377] {processor.py:153} INFO - Started process (PID=1552) to work on /opt/airflow/dags/tutorial.py
[2022-12-24 22:38:18,378] {processor.py:641} INFO - Processing file /opt/airflow/dags/tutorial.py for tasks to queue
[2022-12-24 22:38:18,379] {logging_mixin.py:115} INFO - [2022-12-24 22:38:18,378] {dagbag.py:507} INFO - Filling up the DagBag from /opt/airflow/dags/tutorial.py
[2022-12-24 22:38:18,402] {logging_mixin.py:115} INFO - [2022-12-24 22:38:18,397] {dagbag.py:320} ERROR - Failed to import: /opt/airflow/dags/tutorial.py
Traceback (most recent call last):
  File "/home/airflow/.local/lib/python3.7/site-packages/airflow/models/dagbag.py", line 317, in parse
    loader.exec_module(new_module)
  File "<frozen importlib._bootstrap_external>", line 728, in exec_module
  File "<frozen importlib._bootstrap>", line 219, in _call_with_frames_removed
  File "/opt/airflow/dags/tutorial.py", line 30, in <module>
    tags=["example"],
TypeError: __init__() got an unexpected keyword argument 'schedule'
[2022-12-24 22:38:18,403] {processor.py:653} WARNING - No viable dags retrieved from /opt/airflow/dags/tutorial.py
[2022-12-24 22:38:18,431] {processor.py:161} INFO - Processing /opt/airflow/dags/tutorial.py took 0.056 seconds
[2022-12-24 22:38:48,595] {processor.py:153} INFO - Started process (PID=1562) to work on /opt/airflow/dags/tutorial.py
[2022-12-24 22:38:48,595] {processor.py:641} INFO - Processing file /opt/airflow/dags/tutorial.py for tasks to queue
[2022-12-24 22:38:48,596] {logging_mixin.py:115} INFO - [2022-12-24 22:38:48,596] {dagbag.py:507} INFO - Filling up the DagBag from /opt/airflow/dags/tutorial.py
[2022-12-24 22:38:48,621] {logging_mixin.py:115} INFO - [2022-12-24 22:38:48,617] {dagbag.py:320} ERROR - Failed to import: /opt/airflow/dags/tutorial.py
Traceback (most recent call last):
  File "/home/airflow/.local/lib/python3.7/site-packages/airflow/models/dagbag.py", line 317, in parse
    loader.exec_module(new_module)
  File "<frozen importlib._bootstrap_external>", line 728, in exec_module
  File "<frozen importlib._bootstrap>", line 219, in _call_with_frames_removed
  File "/opt/airflow/dags/tutorial.py", line 30, in <module>
    tags=["example"],
TypeError: __init__() got an unexpected keyword argument 'schedule'
[2022-12-24 22:38:48,623] {processor.py:653} WARNING - No viable dags retrieved from /opt/airflow/dags/tutorial.py
[2022-12-24 22:38:48,640] {processor.py:161} INFO - Processing /opt/airflow/dags/tutorial.py took 0.048 seconds
[2022-12-24 22:39:18,817] {processor.py:153} INFO - Started process (PID=1572) to work on /opt/airflow/dags/tutorial.py
[2022-12-24 22:39:18,817] {processor.py:641} INFO - Processing file /opt/airflow/dags/tutorial.py for tasks to queue
[2022-12-24 22:39:18,818] {logging_mixin.py:115} INFO - [2022-12-24 22:39:18,818] {dagbag.py:507} INFO - Filling up the DagBag from /opt/airflow/dags/tutorial.py
[2022-12-24 22:39:18,844] {logging_mixin.py:115} INFO - [2022-12-24 22:39:18,839] {dagbag.py:320} ERROR - Failed to import: /opt/airflow/dags/tutorial.py
Traceback (most recent call last):
  File "/home/airflow/.local/lib/python3.7/site-packages/airflow/models/dagbag.py", line 317, in parse
    loader.exec_module(new_module)
  File "<frozen importlib._bootstrap_external>", line 728, in exec_module
  File "<frozen importlib._bootstrap>", line 219, in _call_with_frames_removed
  File "/opt/airflow/dags/tutorial.py", line 30, in <module>
    tags=["example"],
TypeError: __init__() got an unexpected keyword argument 'schedule'
[2022-12-24 22:39:18,846] {processor.py:653} WARNING - No viable dags retrieved from /opt/airflow/dags/tutorial.py
[2022-12-24 22:39:18,875] {processor.py:161} INFO - Processing /opt/airflow/dags/tutorial.py took 0.061 seconds
[2022-12-24 22:39:34,974] {processor.py:153} INFO - Started process (PID=1577) to work on /opt/airflow/dags/tutorial.py
[2022-12-24 22:39:34,975] {processor.py:641} INFO - Processing file /opt/airflow/dags/tutorial.py for tasks to queue
[2022-12-24 22:39:34,976] {logging_mixin.py:115} INFO - [2022-12-24 22:39:34,976] {dagbag.py:507} INFO - Filling up the DagBag from /opt/airflow/dags/tutorial.py
[2022-12-24 22:39:35,027] {logging_mixin.py:115} INFO - [2022-12-24 22:39:35,021] {dagbag.py:320} ERROR - Failed to import: /opt/airflow/dags/tutorial.py
Traceback (most recent call last):
  File "/home/airflow/.local/lib/python3.7/site-packages/airflow/models/dagbag.py", line 317, in parse
    loader.exec_module(new_module)
  File "<frozen importlib._bootstrap_external>", line 728, in exec_module
  File "<frozen importlib._bootstrap>", line 219, in _call_with_frames_removed
  File "/opt/airflow/dags/tutorial.py", line 29, in <module>
    catchup=False,
TypeError: __init__() got an unexpected keyword argument 'schedule'
[2022-12-24 22:39:35,030] {processor.py:653} WARNING - No viable dags retrieved from /opt/airflow/dags/tutorial.py
[2022-12-24 22:39:35,050] {processor.py:161} INFO - Processing /opt/airflow/dags/tutorial.py took 0.079 seconds
[2022-12-24 22:40:05,295] {processor.py:153} INFO - Started process (PID=1587) to work on /opt/airflow/dags/tutorial.py
[2022-12-24 22:40:05,295] {processor.py:641} INFO - Processing file /opt/airflow/dags/tutorial.py for tasks to queue
[2022-12-24 22:40:05,296] {logging_mixin.py:115} INFO - [2022-12-24 22:40:05,296] {dagbag.py:507} INFO - Filling up the DagBag from /opt/airflow/dags/tutorial.py
[2022-12-24 22:40:05,324] {logging_mixin.py:115} INFO - [2022-12-24 22:40:05,319] {dagbag.py:320} ERROR - Failed to import: /opt/airflow/dags/tutorial.py
Traceback (most recent call last):
  File "/home/airflow/.local/lib/python3.7/site-packages/airflow/models/dagbag.py", line 317, in parse
    loader.exec_module(new_module)
  File "<frozen importlib._bootstrap_external>", line 728, in exec_module
  File "<frozen importlib._bootstrap>", line 219, in _call_with_frames_removed
  File "/opt/airflow/dags/tutorial.py", line 29, in <module>
    catchup=False,
TypeError: __init__() got an unexpected keyword argument 'schedule'
[2022-12-24 22:40:05,326] {processor.py:653} WARNING - No viable dags retrieved from /opt/airflow/dags/tutorial.py
[2022-12-24 22:40:05,355] {processor.py:161} INFO - Processing /opt/airflow/dags/tutorial.py took 0.062 seconds
[2022-12-24 22:40:35,544] {processor.py:153} INFO - Started process (PID=1597) to work on /opt/airflow/dags/tutorial.py
[2022-12-24 22:40:35,545] {processor.py:641} INFO - Processing file /opt/airflow/dags/tutorial.py for tasks to queue
[2022-12-24 22:40:35,545] {logging_mixin.py:115} INFO - [2022-12-24 22:40:35,545] {dagbag.py:507} INFO - Filling up the DagBag from /opt/airflow/dags/tutorial.py
[2022-12-24 22:40:35,574] {logging_mixin.py:115} INFO - [2022-12-24 22:40:35,569] {dagbag.py:320} ERROR - Failed to import: /opt/airflow/dags/tutorial.py
Traceback (most recent call last):
  File "/home/airflow/.local/lib/python3.7/site-packages/airflow/models/dagbag.py", line 317, in parse
    loader.exec_module(new_module)
  File "<frozen importlib._bootstrap_external>", line 728, in exec_module
  File "<frozen importlib._bootstrap>", line 219, in _call_with_frames_removed
  File "/opt/airflow/dags/tutorial.py", line 29, in <module>
    catchup=False,
TypeError: __init__() got an unexpected keyword argument 'schedule'
[2022-12-24 22:40:35,577] {processor.py:653} WARNING - No viable dags retrieved from /opt/airflow/dags/tutorial.py
[2022-12-24 22:40:35,604] {processor.py:161} INFO - Processing /opt/airflow/dags/tutorial.py took 0.063 seconds
[2022-12-24 22:40:56,742] {processor.py:153} INFO - Started process (PID=1607) to work on /opt/airflow/dags/tutorial.py
[2022-12-24 22:40:56,743] {processor.py:641} INFO - Processing file /opt/airflow/dags/tutorial.py for tasks to queue
[2022-12-24 22:40:56,744] {logging_mixin.py:115} INFO - [2022-12-24 22:40:56,744] {dagbag.py:507} INFO - Filling up the DagBag from /opt/airflow/dags/tutorial.py
[2022-12-24 22:40:56,786] {logging_mixin.py:115} INFO - [2022-12-24 22:40:56,781] {dagbag.py:320} ERROR - Failed to import: /opt/airflow/dags/tutorial.py
Traceback (most recent call last):
  File "/home/airflow/.local/lib/python3.7/site-packages/airflow/models/dagbag.py", line 317, in parse
    loader.exec_module(new_module)
  File "<frozen importlib._bootstrap_external>", line 728, in exec_module
  File "<frozen importlib._bootstrap>", line 219, in _call_with_frames_removed
  File "/opt/airflow/dags/tutorial.py", line 30, in <module>
    tags=["example"],
TypeError: __init__() got an unexpected keyword argument 'schedule'
[2022-12-24 22:40:56,788] {processor.py:653} WARNING - No viable dags retrieved from /opt/airflow/dags/tutorial.py
[2022-12-24 22:40:56,806] {processor.py:161} INFO - Processing /opt/airflow/dags/tutorial.py took 0.065 seconds
[2022-12-24 22:41:26,990] {processor.py:153} INFO - Started process (PID=1617) to work on /opt/airflow/dags/tutorial.py
[2022-12-24 22:41:26,990] {processor.py:641} INFO - Processing file /opt/airflow/dags/tutorial.py for tasks to queue
[2022-12-24 22:41:26,991] {logging_mixin.py:115} INFO - [2022-12-24 22:41:26,991] {dagbag.py:507} INFO - Filling up the DagBag from /opt/airflow/dags/tutorial.py
[2022-12-24 22:41:27,019] {logging_mixin.py:115} INFO - [2022-12-24 22:41:27,014] {dagbag.py:320} ERROR - Failed to import: /opt/airflow/dags/tutorial.py
Traceback (most recent call last):
  File "/home/airflow/.local/lib/python3.7/site-packages/airflow/models/dagbag.py", line 317, in parse
    loader.exec_module(new_module)
  File "<frozen importlib._bootstrap_external>", line 728, in exec_module
  File "<frozen importlib._bootstrap>", line 219, in _call_with_frames_removed
  File "/opt/airflow/dags/tutorial.py", line 30, in <module>
    tags=["example"],
TypeError: __init__() got an unexpected keyword argument 'schedule'
[2022-12-24 22:41:27,021] {processor.py:653} WARNING - No viable dags retrieved from /opt/airflow/dags/tutorial.py
[2022-12-24 22:41:27,040] {processor.py:161} INFO - Processing /opt/airflow/dags/tutorial.py took 0.052 seconds
[2022-12-24 22:41:50,180] {processor.py:153} INFO - Started process (PID=1627) to work on /opt/airflow/dags/tutorial.py
[2022-12-24 22:41:50,181] {processor.py:641} INFO - Processing file /opt/airflow/dags/tutorial.py for tasks to queue
[2022-12-24 22:41:50,181] {logging_mixin.py:115} INFO - [2022-12-24 22:41:50,181] {dagbag.py:507} INFO - Filling up the DagBag from /opt/airflow/dags/tutorial.py
[2022-12-24 22:41:50,219] {logging_mixin.py:115} INFO - [2022-12-24 22:41:50,215] {dagbag.py:320} ERROR - Failed to import: /opt/airflow/dags/tutorial.py
Traceback (most recent call last):
  File "/home/airflow/.local/lib/python3.7/site-packages/airflow/models/dagbag.py", line 317, in parse
    loader.exec_module(new_module)
  File "<frozen importlib._bootstrap_external>", line 728, in exec_module
  File "<frozen importlib._bootstrap>", line 219, in _call_with_frames_removed
  File "/opt/airflow/dags/tutorial.py", line 30, in <module>
    tags=["example"],
TypeError: __init__() got an unexpected keyword argument 'schedule'
[2022-12-24 22:41:50,221] {processor.py:653} WARNING - No viable dags retrieved from /opt/airflow/dags/tutorial.py
[2022-12-24 22:41:50,247] {processor.py:161} INFO - Processing /opt/airflow/dags/tutorial.py took 0.070 seconds
[2022-12-24 22:42:20,418] {processor.py:153} INFO - Started process (PID=1637) to work on /opt/airflow/dags/tutorial.py
[2022-12-24 22:42:20,419] {processor.py:641} INFO - Processing file /opt/airflow/dags/tutorial.py for tasks to queue
[2022-12-24 22:42:20,420] {logging_mixin.py:115} INFO - [2022-12-24 22:42:20,420] {dagbag.py:507} INFO - Filling up the DagBag from /opt/airflow/dags/tutorial.py
[2022-12-24 22:42:20,443] {logging_mixin.py:115} INFO - [2022-12-24 22:42:20,439] {dagbag.py:320} ERROR - Failed to import: /opt/airflow/dags/tutorial.py
Traceback (most recent call last):
  File "/home/airflow/.local/lib/python3.7/site-packages/airflow/models/dagbag.py", line 317, in parse
    loader.exec_module(new_module)
  File "<frozen importlib._bootstrap_external>", line 728, in exec_module
  File "<frozen importlib._bootstrap>", line 219, in _call_with_frames_removed
  File "/opt/airflow/dags/tutorial.py", line 30, in <module>
    tags=["example"],
TypeError: __init__() got an unexpected keyword argument 'schedule'
[2022-12-24 22:42:20,445] {processor.py:653} WARNING - No viable dags retrieved from /opt/airflow/dags/tutorial.py
[2022-12-24 22:42:20,461] {processor.py:161} INFO - Processing /opt/airflow/dags/tutorial.py took 0.045 seconds
[2022-12-24 22:42:31,475] {processor.py:153} INFO - Started process (PID=1642) to work on /opt/airflow/dags/tutorial.py
[2022-12-24 22:42:31,475] {processor.py:641} INFO - Processing file /opt/airflow/dags/tutorial.py for tasks to queue
[2022-12-24 22:42:31,476] {logging_mixin.py:115} INFO - [2022-12-24 22:42:31,476] {dagbag.py:507} INFO - Filling up the DagBag from /opt/airflow/dags/tutorial.py
[2022-12-24 22:42:31,516] {logging_mixin.py:115} INFO - [2022-12-24 22:42:31,511] {dagbag.py:320} ERROR - Failed to import: /opt/airflow/dags/tutorial.py
Traceback (most recent call last):
  File "/home/airflow/.local/lib/python3.7/site-packages/airflow/models/dagbag.py", line 317, in parse
    loader.exec_module(new_module)
  File "<frozen importlib._bootstrap_external>", line 728, in exec_module
  File "<frozen importlib._bootstrap>", line 219, in _call_with_frames_removed
  File "/opt/airflow/dags/tutorial.py", line 30, in <module>
    tags=["example"],
TypeError: __init__() got an unexpected keyword argument 'schedule'
[2022-12-24 22:42:31,518] {processor.py:653} WARNING - No viable dags retrieved from /opt/airflow/dags/tutorial.py
[2022-12-24 22:42:31,547] {processor.py:161} INFO - Processing /opt/airflow/dags/tutorial.py took 0.075 seconds
[2022-12-24 22:43:01,728] {processor.py:153} INFO - Started process (PID=1652) to work on /opt/airflow/dags/tutorial.py
[2022-12-24 22:43:01,729] {processor.py:641} INFO - Processing file /opt/airflow/dags/tutorial.py for tasks to queue
[2022-12-24 22:43:01,729] {logging_mixin.py:115} INFO - [2022-12-24 22:43:01,729] {dagbag.py:507} INFO - Filling up the DagBag from /opt/airflow/dags/tutorial.py
[2022-12-24 22:43:01,756] {logging_mixin.py:115} INFO - [2022-12-24 22:43:01,751] {dagbag.py:320} ERROR - Failed to import: /opt/airflow/dags/tutorial.py
Traceback (most recent call last):
  File "/home/airflow/.local/lib/python3.7/site-packages/airflow/models/dagbag.py", line 317, in parse
    loader.exec_module(new_module)
  File "<frozen importlib._bootstrap_external>", line 728, in exec_module
  File "<frozen importlib._bootstrap>", line 219, in _call_with_frames_removed
  File "/opt/airflow/dags/tutorial.py", line 30, in <module>
    tags=["example"],
TypeError: __init__() got an unexpected keyword argument 'schedule'
[2022-12-24 22:43:01,758] {processor.py:653} WARNING - No viable dags retrieved from /opt/airflow/dags/tutorial.py
[2022-12-24 22:43:01,789] {processor.py:161} INFO - Processing /opt/airflow/dags/tutorial.py took 0.064 seconds
[2022-12-24 22:43:31,987] {processor.py:153} INFO - Started process (PID=1662) to work on /opt/airflow/dags/tutorial.py
[2022-12-24 22:43:31,988] {processor.py:641} INFO - Processing file /opt/airflow/dags/tutorial.py for tasks to queue
[2022-12-24 22:43:31,989] {logging_mixin.py:115} INFO - [2022-12-24 22:43:31,989] {dagbag.py:507} INFO - Filling up the DagBag from /opt/airflow/dags/tutorial.py
[2022-12-24 22:43:32,026] {logging_mixin.py:115} INFO - [2022-12-24 22:43:32,019] {dagbag.py:320} ERROR - Failed to import: /opt/airflow/dags/tutorial.py
Traceback (most recent call last):
  File "/home/airflow/.local/lib/python3.7/site-packages/airflow/models/dagbag.py", line 317, in parse
    loader.exec_module(new_module)
  File "<frozen importlib._bootstrap_external>", line 728, in exec_module
  File "<frozen importlib._bootstrap>", line 219, in _call_with_frames_removed
  File "/opt/airflow/dags/tutorial.py", line 30, in <module>
    tags=["example"],
TypeError: __init__() got an unexpected keyword argument 'schedule'
[2022-12-24 22:43:32,029] {processor.py:653} WARNING - No viable dags retrieved from /opt/airflow/dags/tutorial.py
[2022-12-24 22:43:32,053] {processor.py:161} INFO - Processing /opt/airflow/dags/tutorial.py took 0.070 seconds
[2022-12-24 22:44:02,263] {processor.py:153} INFO - Started process (PID=1672) to work on /opt/airflow/dags/tutorial.py
[2022-12-24 22:44:02,265] {processor.py:641} INFO - Processing file /opt/airflow/dags/tutorial.py for tasks to queue
[2022-12-24 22:44:02,268] {logging_mixin.py:115} INFO - [2022-12-24 22:44:02,268] {dagbag.py:507} INFO - Filling up the DagBag from /opt/airflow/dags/tutorial.py
[2022-12-24 22:44:02,305] {logging_mixin.py:115} INFO - [2022-12-24 22:44:02,300] {dagbag.py:320} ERROR - Failed to import: /opt/airflow/dags/tutorial.py
Traceback (most recent call last):
  File "/home/airflow/.local/lib/python3.7/site-packages/airflow/models/dagbag.py", line 317, in parse
    loader.exec_module(new_module)
  File "<frozen importlib._bootstrap_external>", line 728, in exec_module
  File "<frozen importlib._bootstrap>", line 219, in _call_with_frames_removed
  File "/opt/airflow/dags/tutorial.py", line 30, in <module>
    tags=["example"],
TypeError: __init__() got an unexpected keyword argument 'schedule'
[2022-12-24 22:44:02,307] {processor.py:653} WARNING - No viable dags retrieved from /opt/airflow/dags/tutorial.py
[2022-12-24 22:44:02,336] {processor.py:161} INFO - Processing /opt/airflow/dags/tutorial.py took 0.088 seconds
[2022-12-24 22:44:32,536] {processor.py:153} INFO - Started process (PID=1682) to work on /opt/airflow/dags/tutorial.py
[2022-12-24 22:44:32,537] {processor.py:641} INFO - Processing file /opt/airflow/dags/tutorial.py for tasks to queue
[2022-12-24 22:44:32,537] {logging_mixin.py:115} INFO - [2022-12-24 22:44:32,537] {dagbag.py:507} INFO - Filling up the DagBag from /opt/airflow/dags/tutorial.py
[2022-12-24 22:44:32,566] {logging_mixin.py:115} INFO - [2022-12-24 22:44:32,561] {dagbag.py:320} ERROR - Failed to import: /opt/airflow/dags/tutorial.py
Traceback (most recent call last):
  File "/home/airflow/.local/lib/python3.7/site-packages/airflow/models/dagbag.py", line 317, in parse
    loader.exec_module(new_module)
  File "<frozen importlib._bootstrap_external>", line 728, in exec_module
  File "<frozen importlib._bootstrap>", line 219, in _call_with_frames_removed
  File "/opt/airflow/dags/tutorial.py", line 30, in <module>
    tags=["example"],
TypeError: __init__() got an unexpected keyword argument 'schedule'
[2022-12-24 22:44:32,569] {processor.py:653} WARNING - No viable dags retrieved from /opt/airflow/dags/tutorial.py
[2022-12-24 22:44:32,594] {processor.py:161} INFO - Processing /opt/airflow/dags/tutorial.py took 0.061 seconds
[2022-12-24 22:44:42,679] {processor.py:153} INFO - Started process (PID=1692) to work on /opt/airflow/dags/tutorial.py
[2022-12-24 22:44:42,680] {processor.py:641} INFO - Processing file /opt/airflow/dags/tutorial.py for tasks to queue
[2022-12-24 22:44:42,681] {logging_mixin.py:115} INFO - [2022-12-24 22:44:42,681] {dagbag.py:507} INFO - Filling up the DagBag from /opt/airflow/dags/tutorial.py
[2022-12-24 22:44:42,722] {processor.py:651} INFO - DAG(s) dict_keys(['tutorial']) retrieved from /opt/airflow/dags/tutorial.py
[2022-12-24 22:44:42,843] {logging_mixin.py:115} INFO - [2022-12-24 22:44:42,843] {manager.py:508} INFO - Created Permission View: can read on DAG:tutorial
[2022-12-24 22:44:42,854] {logging_mixin.py:115} INFO - [2022-12-24 22:44:42,854] {manager.py:508} INFO - Created Permission View: can delete on DAG:tutorial
[2022-12-24 22:44:42,861] {logging_mixin.py:115} INFO - [2022-12-24 22:44:42,861] {manager.py:508} INFO - Created Permission View: can edit on DAG:tutorial
[2022-12-24 22:44:42,862] {logging_mixin.py:115} INFO - [2022-12-24 22:44:42,862] {dag.py:2371} INFO - Sync 1 DAGs
[2022-12-24 22:44:42,870] {logging_mixin.py:115} INFO - [2022-12-24 22:44:42,870] {dag.py:2390} INFO - Creating ORM DAG for tutorial
[2022-12-24 22:44:42,884] {logging_mixin.py:115} INFO - [2022-12-24 22:44:42,884] {dag.py:2919} INFO - Setting next_dagrun for tutorial to 2022-12-24T00:00:00+00:00, run_after=2022-12-25T00:00:00+00:00
[2022-12-24 22:44:42,908] {processor.py:161} INFO - Processing /opt/airflow/dags/tutorial.py took 0.231 seconds
[2022-12-24 22:45:13,080] {processor.py:153} INFO - Started process (PID=1702) to work on /opt/airflow/dags/tutorial.py
[2022-12-24 22:45:13,081] {processor.py:641} INFO - Processing file /opt/airflow/dags/tutorial.py for tasks to queue
[2022-12-24 22:45:13,081] {logging_mixin.py:115} INFO - [2022-12-24 22:45:13,081] {dagbag.py:507} INFO - Filling up the DagBag from /opt/airflow/dags/tutorial.py
[2022-12-24 22:45:13,103] {processor.py:651} INFO - DAG(s) dict_keys(['tutorial']) retrieved from /opt/airflow/dags/tutorial.py
[2022-12-24 22:45:13,123] {logging_mixin.py:115} INFO - [2022-12-24 22:45:13,123] {dag.py:2371} INFO - Sync 1 DAGs
[2022-12-24 22:45:13,142] {logging_mixin.py:115} INFO - [2022-12-24 22:45:13,142] {dag.py:2919} INFO - Setting next_dagrun for tutorial to 2022-12-24T00:00:00+00:00, run_after=2022-12-25T00:00:00+00:00
[2022-12-24 22:45:13,166] {processor.py:161} INFO - Processing /opt/airflow/dags/tutorial.py took 0.088 seconds
[2022-12-24 22:45:43,329] {processor.py:153} INFO - Started process (PID=1721) to work on /opt/airflow/dags/tutorial.py
[2022-12-24 22:45:43,330] {processor.py:641} INFO - Processing file /opt/airflow/dags/tutorial.py for tasks to queue
[2022-12-24 22:45:43,331] {logging_mixin.py:115} INFO - [2022-12-24 22:45:43,331] {dagbag.py:507} INFO - Filling up the DagBag from /opt/airflow/dags/tutorial.py
[2022-12-24 22:45:43,356] {processor.py:651} INFO - DAG(s) dict_keys(['tutorial']) retrieved from /opt/airflow/dags/tutorial.py
[2022-12-24 22:45:43,376] {logging_mixin.py:115} INFO - [2022-12-24 22:45:43,376] {dag.py:2371} INFO - Sync 1 DAGs
[2022-12-24 22:45:43,393] {logging_mixin.py:115} INFO - [2022-12-24 22:45:43,393] {dag.py:2919} INFO - Setting next_dagrun for tutorial to 2022-12-24T00:00:00+00:00, run_after=2022-12-25T00:00:00+00:00
[2022-12-24 22:45:43,416] {processor.py:161} INFO - Processing /opt/airflow/dags/tutorial.py took 0.089 seconds
[2022-12-24 22:46:13,582] {processor.py:153} INFO - Started process (PID=1731) to work on /opt/airflow/dags/tutorial.py
[2022-12-24 22:46:13,582] {processor.py:641} INFO - Processing file /opt/airflow/dags/tutorial.py for tasks to queue
[2022-12-24 22:46:13,583] {logging_mixin.py:115} INFO - [2022-12-24 22:46:13,583] {dagbag.py:507} INFO - Filling up the DagBag from /opt/airflow/dags/tutorial.py
[2022-12-24 22:46:13,606] {processor.py:651} INFO - DAG(s) dict_keys(['tutorial']) retrieved from /opt/airflow/dags/tutorial.py
[2022-12-24 22:46:13,626] {logging_mixin.py:115} INFO - [2022-12-24 22:46:13,626] {dag.py:2371} INFO - Sync 1 DAGs
[2022-12-24 22:46:13,646] {logging_mixin.py:115} INFO - [2022-12-24 22:46:13,646] {dag.py:2919} INFO - Setting next_dagrun for tutorial to 2022-12-24T00:00:00+00:00, run_after=2022-12-25T00:00:00+00:00
[2022-12-24 22:46:13,659] {processor.py:161} INFO - Processing /opt/airflow/dags/tutorial.py took 0.079 seconds
[2022-12-24 22:46:43,812] {processor.py:153} INFO - Started process (PID=1741) to work on /opt/airflow/dags/tutorial.py
[2022-12-24 22:46:43,813] {processor.py:641} INFO - Processing file /opt/airflow/dags/tutorial.py for tasks to queue
[2022-12-24 22:46:43,814] {logging_mixin.py:115} INFO - [2022-12-24 22:46:43,814] {dagbag.py:507} INFO - Filling up the DagBag from /opt/airflow/dags/tutorial.py
[2022-12-24 22:46:43,839] {processor.py:651} INFO - DAG(s) dict_keys(['tutorial']) retrieved from /opt/airflow/dags/tutorial.py
[2022-12-24 22:46:43,861] {logging_mixin.py:115} INFO - [2022-12-24 22:46:43,860] {dag.py:2371} INFO - Sync 1 DAGs
[2022-12-24 22:46:43,880] {logging_mixin.py:115} INFO - [2022-12-24 22:46:43,880] {dag.py:2919} INFO - Setting next_dagrun for tutorial to 2022-12-24T00:00:00+00:00, run_after=2022-12-25T00:00:00+00:00
[2022-12-24 22:46:43,905] {processor.py:161} INFO - Processing /opt/airflow/dags/tutorial.py took 0.095 seconds
[2022-12-24 22:47:14,070] {processor.py:153} INFO - Started process (PID=1751) to work on /opt/airflow/dags/tutorial.py
[2022-12-24 22:47:14,071] {processor.py:641} INFO - Processing file /opt/airflow/dags/tutorial.py for tasks to queue
[2022-12-24 22:47:14,072] {logging_mixin.py:115} INFO - [2022-12-24 22:47:14,072] {dagbag.py:507} INFO - Filling up the DagBag from /opt/airflow/dags/tutorial.py
[2022-12-24 22:47:14,095] {processor.py:651} INFO - DAG(s) dict_keys(['tutorial']) retrieved from /opt/airflow/dags/tutorial.py
[2022-12-24 22:47:14,115] {logging_mixin.py:115} INFO - [2022-12-24 22:47:14,115] {dag.py:2371} INFO - Sync 1 DAGs
[2022-12-24 22:47:14,134] {logging_mixin.py:115} INFO - [2022-12-24 22:47:14,134] {dag.py:2919} INFO - Setting next_dagrun for tutorial to 2022-12-24T00:00:00+00:00, run_after=2022-12-25T00:00:00+00:00
[2022-12-24 22:47:14,157] {processor.py:161} INFO - Processing /opt/airflow/dags/tutorial.py took 0.089 seconds
[2022-12-24 22:47:44,318] {processor.py:153} INFO - Started process (PID=1761) to work on /opt/airflow/dags/tutorial.py
[2022-12-24 22:47:44,319] {processor.py:641} INFO - Processing file /opt/airflow/dags/tutorial.py for tasks to queue
[2022-12-24 22:47:44,320] {logging_mixin.py:115} INFO - [2022-12-24 22:47:44,320] {dagbag.py:507} INFO - Filling up the DagBag from /opt/airflow/dags/tutorial.py
[2022-12-24 22:47:44,340] {processor.py:651} INFO - DAG(s) dict_keys(['tutorial']) retrieved from /opt/airflow/dags/tutorial.py
[2022-12-24 22:47:44,359] {logging_mixin.py:115} INFO - [2022-12-24 22:47:44,359] {dag.py:2371} INFO - Sync 1 DAGs
[2022-12-24 22:47:44,375] {logging_mixin.py:115} INFO - [2022-12-24 22:47:44,375] {dag.py:2919} INFO - Setting next_dagrun for tutorial to 2022-12-24T00:00:00+00:00, run_after=2022-12-25T00:00:00+00:00
[2022-12-24 22:47:44,404] {processor.py:161} INFO - Processing /opt/airflow/dags/tutorial.py took 0.087 seconds
[2022-12-24 22:48:14,558] {processor.py:153} INFO - Started process (PID=1771) to work on /opt/airflow/dags/tutorial.py
[2022-12-24 22:48:14,576] {processor.py:641} INFO - Processing file /opt/airflow/dags/tutorial.py for tasks to queue
[2022-12-24 22:48:14,577] {logging_mixin.py:115} INFO - [2022-12-24 22:48:14,577] {dagbag.py:507} INFO - Filling up the DagBag from /opt/airflow/dags/tutorial.py
[2022-12-24 22:48:14,597] {processor.py:651} INFO - DAG(s) dict_keys(['tutorial']) retrieved from /opt/airflow/dags/tutorial.py
[2022-12-24 22:48:14,616] {logging_mixin.py:115} INFO - [2022-12-24 22:48:14,616] {dag.py:2371} INFO - Sync 1 DAGs
[2022-12-24 22:48:14,632] {logging_mixin.py:115} INFO - [2022-12-24 22:48:14,632] {dag.py:2919} INFO - Setting next_dagrun for tutorial to 2022-12-24T00:00:00+00:00, run_after=2022-12-25T00:00:00+00:00
[2022-12-24 22:48:14,649] {processor.py:161} INFO - Processing /opt/airflow/dags/tutorial.py took 0.093 seconds
[2022-12-24 22:48:44,795] {processor.py:153} INFO - Started process (PID=1781) to work on /opt/airflow/dags/tutorial.py
[2022-12-24 22:48:44,796] {processor.py:641} INFO - Processing file /opt/airflow/dags/tutorial.py for tasks to queue
[2022-12-24 22:48:44,796] {logging_mixin.py:115} INFO - [2022-12-24 22:48:44,796] {dagbag.py:507} INFO - Filling up the DagBag from /opt/airflow/dags/tutorial.py
[2022-12-24 22:48:44,816] {processor.py:651} INFO - DAG(s) dict_keys(['tutorial']) retrieved from /opt/airflow/dags/tutorial.py
[2022-12-24 22:48:44,834] {logging_mixin.py:115} INFO - [2022-12-24 22:48:44,834] {dag.py:2371} INFO - Sync 1 DAGs
[2022-12-24 22:48:44,850] {logging_mixin.py:115} INFO - [2022-12-24 22:48:44,850] {dag.py:2919} INFO - Setting next_dagrun for tutorial to 2022-12-24T00:00:00+00:00, run_after=2022-12-25T00:00:00+00:00
[2022-12-24 22:48:44,872] {processor.py:161} INFO - Processing /opt/airflow/dags/tutorial.py took 0.079 seconds
[2022-12-24 22:49:15,034] {processor.py:153} INFO - Started process (PID=1791) to work on /opt/airflow/dags/tutorial.py
[2022-12-24 22:49:15,035] {processor.py:641} INFO - Processing file /opt/airflow/dags/tutorial.py for tasks to queue
[2022-12-24 22:49:15,035] {logging_mixin.py:115} INFO - [2022-12-24 22:49:15,035] {dagbag.py:507} INFO - Filling up the DagBag from /opt/airflow/dags/tutorial.py
[2022-12-24 22:49:15,056] {processor.py:651} INFO - DAG(s) dict_keys(['tutorial']) retrieved from /opt/airflow/dags/tutorial.py
[2022-12-24 22:49:15,074] {logging_mixin.py:115} INFO - [2022-12-24 22:49:15,074] {dag.py:2371} INFO - Sync 1 DAGs
[2022-12-24 22:49:15,090] {logging_mixin.py:115} INFO - [2022-12-24 22:49:15,090] {dag.py:2919} INFO - Setting next_dagrun for tutorial to 2022-12-24T00:00:00+00:00, run_after=2022-12-25T00:00:00+00:00
[2022-12-24 22:49:15,113] {processor.py:161} INFO - Processing /opt/airflow/dags/tutorial.py took 0.081 seconds
[2022-12-24 22:49:45,346] {processor.py:153} INFO - Started process (PID=1801) to work on /opt/airflow/dags/tutorial.py
[2022-12-24 22:49:45,347] {processor.py:641} INFO - Processing file /opt/airflow/dags/tutorial.py for tasks to queue
[2022-12-24 22:49:45,347] {logging_mixin.py:115} INFO - [2022-12-24 22:49:45,347] {dagbag.py:507} INFO - Filling up the DagBag from /opt/airflow/dags/tutorial.py
[2022-12-24 22:49:45,369] {processor.py:651} INFO - DAG(s) dict_keys(['tutorial']) retrieved from /opt/airflow/dags/tutorial.py
[2022-12-24 22:49:45,388] {logging_mixin.py:115} INFO - [2022-12-24 22:49:45,388] {dag.py:2371} INFO - Sync 1 DAGs
[2022-12-24 22:49:45,405] {logging_mixin.py:115} INFO - [2022-12-24 22:49:45,405] {dag.py:2919} INFO - Setting next_dagrun for tutorial to 2022-12-24T00:00:00+00:00, run_after=2022-12-25T00:00:00+00:00
[2022-12-24 22:49:45,430] {processor.py:161} INFO - Processing /opt/airflow/dags/tutorial.py took 0.085 seconds
[2022-12-24 22:50:15,586] {processor.py:153} INFO - Started process (PID=1811) to work on /opt/airflow/dags/tutorial.py
[2022-12-24 22:50:15,587] {processor.py:641} INFO - Processing file /opt/airflow/dags/tutorial.py for tasks to queue
[2022-12-24 22:50:15,588] {logging_mixin.py:115} INFO - [2022-12-24 22:50:15,587] {dagbag.py:507} INFO - Filling up the DagBag from /opt/airflow/dags/tutorial.py
[2022-12-24 22:50:15,610] {processor.py:651} INFO - DAG(s) dict_keys(['tutorial']) retrieved from /opt/airflow/dags/tutorial.py
[2022-12-24 22:50:15,629] {logging_mixin.py:115} INFO - [2022-12-24 22:50:15,629] {dag.py:2371} INFO - Sync 1 DAGs
[2022-12-24 22:50:15,646] {logging_mixin.py:115} INFO - [2022-12-24 22:50:15,646] {dag.py:2919} INFO - Setting next_dagrun for tutorial to 2022-12-24T00:00:00+00:00, run_after=2022-12-25T00:00:00+00:00
[2022-12-24 22:50:15,686] {processor.py:161} INFO - Processing /opt/airflow/dags/tutorial.py took 0.102 seconds
[2022-12-24 22:50:46,363] {processor.py:153} INFO - Started process (PID=1821) to work on /opt/airflow/dags/tutorial.py
[2022-12-24 22:50:46,364] {processor.py:641} INFO - Processing file /opt/airflow/dags/tutorial.py for tasks to queue
[2022-12-24 22:50:46,365] {logging_mixin.py:115} INFO - [2022-12-24 22:50:46,365] {dagbag.py:507} INFO - Filling up the DagBag from /opt/airflow/dags/tutorial.py
[2022-12-24 22:50:46,391] {processor.py:651} INFO - DAG(s) dict_keys(['tutorial']) retrieved from /opt/airflow/dags/tutorial.py
[2022-12-24 22:50:46,410] {logging_mixin.py:115} INFO - [2022-12-24 22:50:46,410] {dag.py:2371} INFO - Sync 1 DAGs
[2022-12-24 22:50:46,431] {logging_mixin.py:115} INFO - [2022-12-24 22:50:46,431] {dag.py:2919} INFO - Setting next_dagrun for tutorial to 2022-12-24T00:00:00+00:00, run_after=2022-12-25T00:00:00+00:00
[2022-12-24 22:50:46,444] {processor.py:161} INFO - Processing /opt/airflow/dags/tutorial.py took 0.083 seconds
[2022-12-24 22:51:16,594] {processor.py:153} INFO - Started process (PID=1831) to work on /opt/airflow/dags/tutorial.py
[2022-12-24 22:51:16,595] {processor.py:641} INFO - Processing file /opt/airflow/dags/tutorial.py for tasks to queue
[2022-12-24 22:51:16,595] {logging_mixin.py:115} INFO - [2022-12-24 22:51:16,595] {dagbag.py:507} INFO - Filling up the DagBag from /opt/airflow/dags/tutorial.py
[2022-12-24 22:51:16,617] {processor.py:651} INFO - DAG(s) dict_keys(['tutorial']) retrieved from /opt/airflow/dags/tutorial.py
[2022-12-24 22:51:16,636] {logging_mixin.py:115} INFO - [2022-12-24 22:51:16,636] {dag.py:2371} INFO - Sync 1 DAGs
[2022-12-24 22:51:16,652] {logging_mixin.py:115} INFO - [2022-12-24 22:51:16,652] {dag.py:2919} INFO - Setting next_dagrun for tutorial to 2022-12-24T00:00:00+00:00, run_after=2022-12-25T00:00:00+00:00
[2022-12-24 22:51:16,663] {processor.py:161} INFO - Processing /opt/airflow/dags/tutorial.py took 0.071 seconds
[2022-12-24 22:51:27,666] {processor.py:153} INFO - Started process (PID=1836) to work on /opt/airflow/dags/tutorial.py
[2022-12-24 22:51:27,667] {processor.py:641} INFO - Processing file /opt/airflow/dags/tutorial.py for tasks to queue
[2022-12-24 22:51:27,668] {logging_mixin.py:115} INFO - [2022-12-24 22:51:27,668] {dagbag.py:507} INFO - Filling up the DagBag from /opt/airflow/dags/tutorial.py
[2022-12-24 22:51:27,705] {processor.py:651} INFO - DAG(s) dict_keys(['tutorial']) retrieved from /opt/airflow/dags/tutorial.py
[2022-12-24 22:51:27,725] {logging_mixin.py:115} INFO - [2022-12-24 22:51:27,725] {dag.py:2371} INFO - Sync 1 DAGs
[2022-12-24 22:51:27,742] {logging_mixin.py:115} INFO - [2022-12-24 22:51:27,742] {dag.py:2919} INFO - Setting next_dagrun for tutorial to 2022-12-24T00:00:00+00:00, run_after=2022-12-25T00:00:00+00:00
[2022-12-24 22:51:27,758] {processor.py:161} INFO - Processing /opt/airflow/dags/tutorial.py took 0.094 seconds
[2022-12-24 22:51:57,924] {processor.py:153} INFO - Started process (PID=1846) to work on /opt/airflow/dags/tutorial.py
[2022-12-24 22:51:57,924] {processor.py:641} INFO - Processing file /opt/airflow/dags/tutorial.py for tasks to queue
[2022-12-24 22:51:57,925] {logging_mixin.py:115} INFO - [2022-12-24 22:51:57,925] {dagbag.py:507} INFO - Filling up the DagBag from /opt/airflow/dags/tutorial.py
[2022-12-24 22:51:57,948] {processor.py:651} INFO - DAG(s) dict_keys(['tutorial']) retrieved from /opt/airflow/dags/tutorial.py
[2022-12-24 22:51:57,969] {logging_mixin.py:115} INFO - [2022-12-24 22:51:57,969] {dag.py:2371} INFO - Sync 1 DAGs
[2022-12-24 22:51:57,988] {logging_mixin.py:115} INFO - [2022-12-24 22:51:57,988] {dag.py:2919} INFO - Setting next_dagrun for tutorial to 2022-12-24T00:00:00+00:00, run_after=2022-12-25T00:00:00+00:00
[2022-12-24 22:51:58,011] {processor.py:161} INFO - Processing /opt/airflow/dags/tutorial.py took 0.090 seconds
[2022-12-24 22:52:28,184] {processor.py:153} INFO - Started process (PID=1856) to work on /opt/airflow/dags/tutorial.py
[2022-12-24 22:52:28,185] {processor.py:641} INFO - Processing file /opt/airflow/dags/tutorial.py for tasks to queue
[2022-12-24 22:52:28,186] {logging_mixin.py:115} INFO - [2022-12-24 22:52:28,186] {dagbag.py:507} INFO - Filling up the DagBag from /opt/airflow/dags/tutorial.py
[2022-12-24 22:52:28,207] {processor.py:651} INFO - DAG(s) dict_keys(['tutorial']) retrieved from /opt/airflow/dags/tutorial.py
[2022-12-24 22:52:28,228] {logging_mixin.py:115} INFO - [2022-12-24 22:52:28,227] {dag.py:2371} INFO - Sync 1 DAGs
[2022-12-24 22:52:28,246] {logging_mixin.py:115} INFO - [2022-12-24 22:52:28,246] {dag.py:2919} INFO - Setting next_dagrun for tutorial to 2022-12-24T00:00:00+00:00, run_after=2022-12-25T00:00:00+00:00
[2022-12-24 22:52:28,260] {processor.py:161} INFO - Processing /opt/airflow/dags/tutorial.py took 0.077 seconds
[2022-12-24 22:52:58,430] {processor.py:153} INFO - Started process (PID=1866) to work on /opt/airflow/dags/tutorial.py
[2022-12-24 22:52:58,430] {processor.py:641} INFO - Processing file /opt/airflow/dags/tutorial.py for tasks to queue
[2022-12-24 22:52:58,432] {logging_mixin.py:115} INFO - [2022-12-24 22:52:58,431] {dagbag.py:507} INFO - Filling up the DagBag from /opt/airflow/dags/tutorial.py
[2022-12-24 22:52:58,459] {processor.py:651} INFO - DAG(s) dict_keys(['tutorial']) retrieved from /opt/airflow/dags/tutorial.py
[2022-12-24 22:52:58,481] {logging_mixin.py:115} INFO - [2022-12-24 22:52:58,481] {dag.py:2371} INFO - Sync 1 DAGs
[2022-12-24 22:52:58,502] {logging_mixin.py:115} INFO - [2022-12-24 22:52:58,502] {dag.py:2919} INFO - Setting next_dagrun for tutorial to 2022-12-24T00:00:00+00:00, run_after=2022-12-25T00:00:00+00:00
[2022-12-24 22:52:58,515] {processor.py:161} INFO - Processing /opt/airflow/dags/tutorial.py took 0.088 seconds
[2022-12-24 22:53:28,693] {processor.py:153} INFO - Started process (PID=1876) to work on /opt/airflow/dags/tutorial.py
[2022-12-24 22:53:28,719] {processor.py:641} INFO - Processing file /opt/airflow/dags/tutorial.py for tasks to queue
[2022-12-24 22:53:28,720] {logging_mixin.py:115} INFO - [2022-12-24 22:53:28,720] {dagbag.py:507} INFO - Filling up the DagBag from /opt/airflow/dags/tutorial.py
[2022-12-24 22:53:28,748] {processor.py:651} INFO - DAG(s) dict_keys(['tutorial']) retrieved from /opt/airflow/dags/tutorial.py
[2022-12-24 22:53:28,774] {logging_mixin.py:115} INFO - [2022-12-24 22:53:28,773] {dag.py:2371} INFO - Sync 1 DAGs
[2022-12-24 22:53:28,795] {logging_mixin.py:115} INFO - [2022-12-24 22:53:28,795] {dag.py:2919} INFO - Setting next_dagrun for tutorial to 2022-12-24T00:00:00+00:00, run_after=2022-12-25T00:00:00+00:00
[2022-12-24 22:53:28,820] {processor.py:161} INFO - Processing /opt/airflow/dags/tutorial.py took 0.129 seconds
[2022-12-24 22:53:58,933] {processor.py:153} INFO - Started process (PID=1886) to work on /opt/airflow/dags/tutorial.py
[2022-12-24 22:53:58,934] {processor.py:641} INFO - Processing file /opt/airflow/dags/tutorial.py for tasks to queue
[2022-12-24 22:53:58,935] {logging_mixin.py:115} INFO - [2022-12-24 22:53:58,935] {dagbag.py:507} INFO - Filling up the DagBag from /opt/airflow/dags/tutorial.py
[2022-12-24 22:53:58,955] {processor.py:651} INFO - DAG(s) dict_keys(['tutorial']) retrieved from /opt/airflow/dags/tutorial.py
[2022-12-24 22:53:58,974] {logging_mixin.py:115} INFO - [2022-12-24 22:53:58,974] {dag.py:2371} INFO - Sync 1 DAGs
[2022-12-24 22:53:58,991] {logging_mixin.py:115} INFO - [2022-12-24 22:53:58,991] {dag.py:2919} INFO - Setting next_dagrun for tutorial to 2022-12-24T00:00:00+00:00, run_after=2022-12-25T00:00:00+00:00
[2022-12-24 22:53:59,014] {processor.py:161} INFO - Processing /opt/airflow/dags/tutorial.py took 0.083 seconds
[2022-12-24 22:54:29,188] {processor.py:153} INFO - Started process (PID=1896) to work on /opt/airflow/dags/tutorial.py
[2022-12-24 22:54:29,188] {processor.py:641} INFO - Processing file /opt/airflow/dags/tutorial.py for tasks to queue
[2022-12-24 22:54:29,189] {logging_mixin.py:115} INFO - [2022-12-24 22:54:29,189] {dagbag.py:507} INFO - Filling up the DagBag from /opt/airflow/dags/tutorial.py
[2022-12-24 22:54:29,209] {processor.py:651} INFO - DAG(s) dict_keys(['tutorial']) retrieved from /opt/airflow/dags/tutorial.py
[2022-12-24 22:54:29,228] {logging_mixin.py:115} INFO - [2022-12-24 22:54:29,228] {dag.py:2371} INFO - Sync 1 DAGs
[2022-12-24 22:54:29,245] {logging_mixin.py:115} INFO - [2022-12-24 22:54:29,244] {dag.py:2919} INFO - Setting next_dagrun for tutorial to 2022-12-24T00:00:00+00:00, run_after=2022-12-25T00:00:00+00:00
[2022-12-24 22:54:29,255] {processor.py:161} INFO - Processing /opt/airflow/dags/tutorial.py took 0.069 seconds
[2022-12-24 22:54:59,478] {processor.py:153} INFO - Started process (PID=1906) to work on /opt/airflow/dags/tutorial.py
[2022-12-24 22:54:59,479] {processor.py:641} INFO - Processing file /opt/airflow/dags/tutorial.py for tasks to queue
[2022-12-24 22:54:59,479] {logging_mixin.py:115} INFO - [2022-12-24 22:54:59,479] {dagbag.py:507} INFO - Filling up the DagBag from /opt/airflow/dags/tutorial.py
[2022-12-24 22:54:59,504] {processor.py:651} INFO - DAG(s) dict_keys(['tutorial']) retrieved from /opt/airflow/dags/tutorial.py
[2022-12-24 22:54:59,527] {logging_mixin.py:115} INFO - [2022-12-24 22:54:59,527] {dag.py:2371} INFO - Sync 1 DAGs
[2022-12-24 22:54:59,548] {logging_mixin.py:115} INFO - [2022-12-24 22:54:59,547] {dag.py:2919} INFO - Setting next_dagrun for tutorial to 2022-12-24T00:00:00+00:00, run_after=2022-12-25T00:00:00+00:00
[2022-12-24 22:54:59,572] {processor.py:161} INFO - Processing /opt/airflow/dags/tutorial.py took 0.097 seconds
[2022-12-24 22:55:29,632] {processor.py:153} INFO - Started process (PID=1916) to work on /opt/airflow/dags/tutorial.py
[2022-12-24 22:55:29,633] {processor.py:641} INFO - Processing file /opt/airflow/dags/tutorial.py for tasks to queue
[2022-12-24 22:55:29,634] {logging_mixin.py:115} INFO - [2022-12-24 22:55:29,634] {dagbag.py:507} INFO - Filling up the DagBag from /opt/airflow/dags/tutorial.py
[2022-12-24 22:55:29,655] {processor.py:651} INFO - DAG(s) dict_keys(['tutorial']) retrieved from /opt/airflow/dags/tutorial.py
[2022-12-24 22:55:29,673] {logging_mixin.py:115} INFO - [2022-12-24 22:55:29,673] {dag.py:2371} INFO - Sync 1 DAGs
[2022-12-24 22:55:29,691] {logging_mixin.py:115} INFO - [2022-12-24 22:55:29,690] {dag.py:2919} INFO - Setting next_dagrun for tutorial to 2022-12-24T00:00:00+00:00, run_after=2022-12-25T00:00:00+00:00
[2022-12-24 22:55:29,716] {processor.py:161} INFO - Processing /opt/airflow/dags/tutorial.py took 0.085 seconds
[2022-12-24 22:55:59,887] {processor.py:153} INFO - Started process (PID=1926) to work on /opt/airflow/dags/tutorial.py
[2022-12-24 22:55:59,887] {processor.py:641} INFO - Processing file /opt/airflow/dags/tutorial.py for tasks to queue
[2022-12-24 22:55:59,888] {logging_mixin.py:115} INFO - [2022-12-24 22:55:59,888] {dagbag.py:507} INFO - Filling up the DagBag from /opt/airflow/dags/tutorial.py
[2022-12-24 22:55:59,908] {processor.py:651} INFO - DAG(s) dict_keys(['tutorial']) retrieved from /opt/airflow/dags/tutorial.py
[2022-12-24 22:55:59,927] {logging_mixin.py:115} INFO - [2022-12-24 22:55:59,927] {dag.py:2371} INFO - Sync 1 DAGs
[2022-12-24 22:55:59,946] {logging_mixin.py:115} INFO - [2022-12-24 22:55:59,946] {dag.py:2919} INFO - Setting next_dagrun for tutorial to 2022-12-24T00:00:00+00:00, run_after=2022-12-25T00:00:00+00:00
[2022-12-24 22:55:59,970] {processor.py:161} INFO - Processing /opt/airflow/dags/tutorial.py took 0.085 seconds
[2022-12-24 22:56:30,148] {processor.py:153} INFO - Started process (PID=1936) to work on /opt/airflow/dags/tutorial.py
[2022-12-24 22:56:30,148] {processor.py:641} INFO - Processing file /opt/airflow/dags/tutorial.py for tasks to queue
[2022-12-24 22:56:30,149] {logging_mixin.py:115} INFO - [2022-12-24 22:56:30,149] {dagbag.py:507} INFO - Filling up the DagBag from /opt/airflow/dags/tutorial.py
[2022-12-24 22:56:30,170] {processor.py:651} INFO - DAG(s) dict_keys(['tutorial']) retrieved from /opt/airflow/dags/tutorial.py
[2022-12-24 22:56:30,189] {logging_mixin.py:115} INFO - [2022-12-24 22:56:30,188] {dag.py:2371} INFO - Sync 1 DAGs
[2022-12-24 22:56:30,205] {logging_mixin.py:115} INFO - [2022-12-24 22:56:30,205] {dag.py:2919} INFO - Setting next_dagrun for tutorial to 2022-12-24T00:00:00+00:00, run_after=2022-12-25T00:00:00+00:00
[2022-12-24 22:56:30,217] {processor.py:161} INFO - Processing /opt/airflow/dags/tutorial.py took 0.071 seconds
[2022-12-24 22:57:00,377] {processor.py:153} INFO - Started process (PID=1946) to work on /opt/airflow/dags/tutorial.py
[2022-12-24 22:57:00,377] {processor.py:641} INFO - Processing file /opt/airflow/dags/tutorial.py for tasks to queue
[2022-12-24 22:57:00,378] {logging_mixin.py:115} INFO - [2022-12-24 22:57:00,378] {dagbag.py:507} INFO - Filling up the DagBag from /opt/airflow/dags/tutorial.py
[2022-12-24 22:57:00,398] {processor.py:651} INFO - DAG(s) dict_keys(['tutorial']) retrieved from /opt/airflow/dags/tutorial.py
[2022-12-24 22:57:00,417] {logging_mixin.py:115} INFO - [2022-12-24 22:57:00,417] {dag.py:2371} INFO - Sync 1 DAGs
[2022-12-24 22:57:00,433] {logging_mixin.py:115} INFO - [2022-12-24 22:57:00,433] {dag.py:2919} INFO - Setting next_dagrun for tutorial to 2022-12-24T00:00:00+00:00, run_after=2022-12-25T00:00:00+00:00
[2022-12-24 22:57:00,444] {processor.py:161} INFO - Processing /opt/airflow/dags/tutorial.py took 0.069 seconds
[2022-12-24 22:57:30,600] {processor.py:153} INFO - Started process (PID=1956) to work on /opt/airflow/dags/tutorial.py
[2022-12-24 22:57:30,601] {processor.py:641} INFO - Processing file /opt/airflow/dags/tutorial.py for tasks to queue
[2022-12-24 22:57:30,601] {logging_mixin.py:115} INFO - [2022-12-24 22:57:30,601] {dagbag.py:507} INFO - Filling up the DagBag from /opt/airflow/dags/tutorial.py
[2022-12-24 22:57:30,621] {processor.py:651} INFO - DAG(s) dict_keys(['tutorial']) retrieved from /opt/airflow/dags/tutorial.py
[2022-12-24 22:57:30,639] {logging_mixin.py:115} INFO - [2022-12-24 22:57:30,639] {dag.py:2371} INFO - Sync 1 DAGs
[2022-12-24 22:57:30,656] {logging_mixin.py:115} INFO - [2022-12-24 22:57:30,656] {dag.py:2919} INFO - Setting next_dagrun for tutorial to 2022-12-24T00:00:00+00:00, run_after=2022-12-25T00:00:00+00:00
[2022-12-24 22:57:30,678] {processor.py:161} INFO - Processing /opt/airflow/dags/tutorial.py took 0.080 seconds
[2022-12-24 22:58:00,844] {processor.py:153} INFO - Started process (PID=1966) to work on /opt/airflow/dags/tutorial.py
[2022-12-24 22:58:00,845] {processor.py:641} INFO - Processing file /opt/airflow/dags/tutorial.py for tasks to queue
[2022-12-24 22:58:00,846] {logging_mixin.py:115} INFO - [2022-12-24 22:58:00,845] {dagbag.py:507} INFO - Filling up the DagBag from /opt/airflow/dags/tutorial.py
[2022-12-24 22:58:00,869] {processor.py:651} INFO - DAG(s) dict_keys(['tutorial']) retrieved from /opt/airflow/dags/tutorial.py
[2022-12-24 22:58:00,890] {logging_mixin.py:115} INFO - [2022-12-24 22:58:00,890] {dag.py:2371} INFO - Sync 1 DAGs
[2022-12-24 22:58:00,908] {logging_mixin.py:115} INFO - [2022-12-24 22:58:00,908] {dag.py:2919} INFO - Setting next_dagrun for tutorial to 2022-12-24T00:00:00+00:00, run_after=2022-12-25T00:00:00+00:00
[2022-12-24 22:58:00,922] {processor.py:161} INFO - Processing /opt/airflow/dags/tutorial.py took 0.080 seconds
[2022-12-24 22:58:31,084] {processor.py:153} INFO - Started process (PID=1976) to work on /opt/airflow/dags/tutorial.py
[2022-12-24 22:58:31,085] {processor.py:641} INFO - Processing file /opt/airflow/dags/tutorial.py for tasks to queue
[2022-12-24 22:58:31,085] {logging_mixin.py:115} INFO - [2022-12-24 22:58:31,085] {dagbag.py:507} INFO - Filling up the DagBag from /opt/airflow/dags/tutorial.py
[2022-12-24 22:58:31,110] {processor.py:651} INFO - DAG(s) dict_keys(['tutorial']) retrieved from /opt/airflow/dags/tutorial.py
[2022-12-24 22:58:31,132] {logging_mixin.py:115} INFO - [2022-12-24 22:58:31,132] {dag.py:2371} INFO - Sync 1 DAGs
[2022-12-24 22:58:31,152] {logging_mixin.py:115} INFO - [2022-12-24 22:58:31,152] {dag.py:2919} INFO - Setting next_dagrun for tutorial to 2022-12-24T00:00:00+00:00, run_after=2022-12-25T00:00:00+00:00
[2022-12-24 22:58:31,168] {processor.py:161} INFO - Processing /opt/airflow/dags/tutorial.py took 0.086 seconds
[2022-12-24 22:59:01,331] {processor.py:153} INFO - Started process (PID=1986) to work on /opt/airflow/dags/tutorial.py
[2022-12-24 22:59:01,332] {processor.py:641} INFO - Processing file /opt/airflow/dags/tutorial.py for tasks to queue
[2022-12-24 22:59:01,333] {logging_mixin.py:115} INFO - [2022-12-24 22:59:01,333] {dagbag.py:507} INFO - Filling up the DagBag from /opt/airflow/dags/tutorial.py
[2022-12-24 22:59:01,355] {processor.py:651} INFO - DAG(s) dict_keys(['tutorial']) retrieved from /opt/airflow/dags/tutorial.py
[2022-12-24 22:59:01,374] {logging_mixin.py:115} INFO - [2022-12-24 22:59:01,374] {dag.py:2371} INFO - Sync 1 DAGs
[2022-12-24 22:59:01,392] {logging_mixin.py:115} INFO - [2022-12-24 22:59:01,392] {dag.py:2919} INFO - Setting next_dagrun for tutorial to 2022-12-24T00:00:00+00:00, run_after=2022-12-25T00:00:00+00:00
[2022-12-24 22:59:01,416] {processor.py:161} INFO - Processing /opt/airflow/dags/tutorial.py took 0.087 seconds
[2022-12-24 22:59:31,578] {processor.py:153} INFO - Started process (PID=1996) to work on /opt/airflow/dags/tutorial.py
[2022-12-24 22:59:31,579] {processor.py:641} INFO - Processing file /opt/airflow/dags/tutorial.py for tasks to queue
[2022-12-24 22:59:31,579] {logging_mixin.py:115} INFO - [2022-12-24 22:59:31,579] {dagbag.py:507} INFO - Filling up the DagBag from /opt/airflow/dags/tutorial.py
[2022-12-24 22:59:31,600] {processor.py:651} INFO - DAG(s) dict_keys(['tutorial']) retrieved from /opt/airflow/dags/tutorial.py
[2022-12-24 22:59:31,618] {logging_mixin.py:115} INFO - [2022-12-24 22:59:31,617] {dag.py:2371} INFO - Sync 1 DAGs
[2022-12-24 22:59:31,634] {logging_mixin.py:115} INFO - [2022-12-24 22:59:31,634] {dag.py:2919} INFO - Setting next_dagrun for tutorial to 2022-12-24T00:00:00+00:00, run_after=2022-12-25T00:00:00+00:00
[2022-12-24 22:59:31,645] {processor.py:161} INFO - Processing /opt/airflow/dags/tutorial.py took 0.069 seconds
[2022-12-24 23:00:01,814] {processor.py:153} INFO - Started process (PID=2006) to work on /opt/airflow/dags/tutorial.py
[2022-12-24 23:00:01,814] {processor.py:641} INFO - Processing file /opt/airflow/dags/tutorial.py for tasks to queue
[2022-12-24 23:00:01,815] {logging_mixin.py:115} INFO - [2022-12-24 23:00:01,815] {dagbag.py:507} INFO - Filling up the DagBag from /opt/airflow/dags/tutorial.py
[2022-12-24 23:00:01,835] {processor.py:651} INFO - DAG(s) dict_keys(['tutorial']) retrieved from /opt/airflow/dags/tutorial.py
[2022-12-24 23:00:01,853] {logging_mixin.py:115} INFO - [2022-12-24 23:00:01,853] {dag.py:2371} INFO - Sync 1 DAGs
[2022-12-24 23:00:01,869] {logging_mixin.py:115} INFO - [2022-12-24 23:00:01,869] {dag.py:2919} INFO - Setting next_dagrun for tutorial to 2022-12-24T00:00:00+00:00, run_after=2022-12-25T00:00:00+00:00
[2022-12-24 23:00:01,892] {processor.py:161} INFO - Processing /opt/airflow/dags/tutorial.py took 0.080 seconds
[2022-12-24 23:00:32,052] {processor.py:153} INFO - Started process (PID=2016) to work on /opt/airflow/dags/tutorial.py
[2022-12-24 23:00:32,053] {processor.py:641} INFO - Processing file /opt/airflow/dags/tutorial.py for tasks to queue
[2022-12-24 23:00:32,054] {logging_mixin.py:115} INFO - [2022-12-24 23:00:32,054] {dagbag.py:507} INFO - Filling up the DagBag from /opt/airflow/dags/tutorial.py
[2022-12-24 23:00:32,073] {processor.py:651} INFO - DAG(s) dict_keys(['tutorial']) retrieved from /opt/airflow/dags/tutorial.py
[2022-12-24 23:00:32,091] {logging_mixin.py:115} INFO - [2022-12-24 23:00:32,091] {dag.py:2371} INFO - Sync 1 DAGs
[2022-12-24 23:00:32,107] {logging_mixin.py:115} INFO - [2022-12-24 23:00:32,107] {dag.py:2919} INFO - Setting next_dagrun for tutorial to 2022-12-24T00:00:00+00:00, run_after=2022-12-25T00:00:00+00:00
[2022-12-24 23:00:32,129] {processor.py:161} INFO - Processing /opt/airflow/dags/tutorial.py took 0.079 seconds
[2022-12-24 23:01:02,301] {processor.py:153} INFO - Started process (PID=2026) to work on /opt/airflow/dags/tutorial.py
[2022-12-24 23:01:02,302] {processor.py:641} INFO - Processing file /opt/airflow/dags/tutorial.py for tasks to queue
[2022-12-24 23:01:02,303] {logging_mixin.py:115} INFO - [2022-12-24 23:01:02,303] {dagbag.py:507} INFO - Filling up the DagBag from /opt/airflow/dags/tutorial.py
[2022-12-24 23:01:02,330] {processor.py:651} INFO - DAG(s) dict_keys(['tutorial']) retrieved from /opt/airflow/dags/tutorial.py
[2022-12-24 23:01:02,357] {logging_mixin.py:115} INFO - [2022-12-24 23:01:02,357] {dag.py:2371} INFO - Sync 1 DAGs
[2022-12-24 23:01:02,377] {logging_mixin.py:115} INFO - [2022-12-24 23:01:02,376] {dag.py:2919} INFO - Setting next_dagrun for tutorial to 2022-12-24T00:00:00+00:00, run_after=2022-12-25T00:00:00+00:00
[2022-12-24 23:01:02,388] {processor.py:161} INFO - Processing /opt/airflow/dags/tutorial.py took 0.090 seconds
[2022-12-24 23:01:32,550] {processor.py:153} INFO - Started process (PID=2036) to work on /opt/airflow/dags/tutorial.py
[2022-12-24 23:01:32,551] {processor.py:641} INFO - Processing file /opt/airflow/dags/tutorial.py for tasks to queue
[2022-12-24 23:01:32,552] {logging_mixin.py:115} INFO - [2022-12-24 23:01:32,552] {dagbag.py:507} INFO - Filling up the DagBag from /opt/airflow/dags/tutorial.py
[2022-12-24 23:01:32,571] {processor.py:651} INFO - DAG(s) dict_keys(['tutorial']) retrieved from /opt/airflow/dags/tutorial.py
[2022-12-24 23:01:32,590] {logging_mixin.py:115} INFO - [2022-12-24 23:01:32,590] {dag.py:2371} INFO - Sync 1 DAGs
[2022-12-24 23:01:32,606] {logging_mixin.py:115} INFO - [2022-12-24 23:01:32,606] {dag.py:2919} INFO - Setting next_dagrun for tutorial to 2022-12-24T00:00:00+00:00, run_after=2022-12-25T00:00:00+00:00
[2022-12-24 23:01:32,628] {processor.py:161} INFO - Processing /opt/airflow/dags/tutorial.py took 0.080 seconds
[2022-12-24 23:02:02,792] {processor.py:153} INFO - Started process (PID=2046) to work on /opt/airflow/dags/tutorial.py
[2022-12-24 23:02:02,792] {processor.py:641} INFO - Processing file /opt/airflow/dags/tutorial.py for tasks to queue
[2022-12-24 23:02:02,793] {logging_mixin.py:115} INFO - [2022-12-24 23:02:02,793] {dagbag.py:507} INFO - Filling up the DagBag from /opt/airflow/dags/tutorial.py
[2022-12-24 23:02:02,814] {processor.py:651} INFO - DAG(s) dict_keys(['tutorial']) retrieved from /opt/airflow/dags/tutorial.py
[2022-12-24 23:02:02,833] {logging_mixin.py:115} INFO - [2022-12-24 23:02:02,833] {dag.py:2371} INFO - Sync 1 DAGs
[2022-12-24 23:02:02,849] {logging_mixin.py:115} INFO - [2022-12-24 23:02:02,849] {dag.py:2919} INFO - Setting next_dagrun for tutorial to 2022-12-24T00:00:00+00:00, run_after=2022-12-25T00:00:00+00:00
[2022-12-24 23:02:02,872] {processor.py:161} INFO - Processing /opt/airflow/dags/tutorial.py took 0.082 seconds
[2022-12-24 23:02:33,038] {processor.py:153} INFO - Started process (PID=2056) to work on /opt/airflow/dags/tutorial.py
[2022-12-24 23:02:33,039] {processor.py:641} INFO - Processing file /opt/airflow/dags/tutorial.py for tasks to queue
[2022-12-24 23:02:33,040] {logging_mixin.py:115} INFO - [2022-12-24 23:02:33,040] {dagbag.py:507} INFO - Filling up the DagBag from /opt/airflow/dags/tutorial.py
[2022-12-24 23:02:33,061] {processor.py:651} INFO - DAG(s) dict_keys(['tutorial']) retrieved from /opt/airflow/dags/tutorial.py
[2022-12-24 23:02:33,081] {logging_mixin.py:115} INFO - [2022-12-24 23:02:33,081] {dag.py:2371} INFO - Sync 1 DAGs
[2022-12-24 23:02:33,098] {logging_mixin.py:115} INFO - [2022-12-24 23:02:33,098] {dag.py:2919} INFO - Setting next_dagrun for tutorial to 2022-12-24T00:00:00+00:00, run_after=2022-12-25T00:00:00+00:00
[2022-12-24 23:02:33,108] {processor.py:161} INFO - Processing /opt/airflow/dags/tutorial.py took 0.072 seconds
[2022-12-24 23:03:03,334] {processor.py:153} INFO - Started process (PID=2066) to work on /opt/airflow/dags/tutorial.py
[2022-12-24 23:03:03,335] {processor.py:641} INFO - Processing file /opt/airflow/dags/tutorial.py for tasks to queue
[2022-12-24 23:03:03,336] {logging_mixin.py:115} INFO - [2022-12-24 23:03:03,336] {dagbag.py:507} INFO - Filling up the DagBag from /opt/airflow/dags/tutorial.py
[2022-12-24 23:03:03,361] {processor.py:651} INFO - DAG(s) dict_keys(['tutorial']) retrieved from /opt/airflow/dags/tutorial.py
[2022-12-24 23:03:03,383] {logging_mixin.py:115} INFO - [2022-12-24 23:03:03,383] {dag.py:2371} INFO - Sync 1 DAGs
[2022-12-24 23:03:03,402] {logging_mixin.py:115} INFO - [2022-12-24 23:03:03,402] {dag.py:2919} INFO - Setting next_dagrun for tutorial to 2022-12-24T00:00:00+00:00, run_after=2022-12-25T00:00:00+00:00
[2022-12-24 23:03:03,416] {processor.py:161} INFO - Processing /opt/airflow/dags/tutorial.py took 0.084 seconds
[2022-12-24 23:03:33,598] {processor.py:153} INFO - Started process (PID=2076) to work on /opt/airflow/dags/tutorial.py
[2022-12-24 23:03:33,599] {processor.py:641} INFO - Processing file /opt/airflow/dags/tutorial.py for tasks to queue
[2022-12-24 23:03:33,599] {logging_mixin.py:115} INFO - [2022-12-24 23:03:33,599] {dagbag.py:507} INFO - Filling up the DagBag from /opt/airflow/dags/tutorial.py
[2022-12-24 23:03:33,622] {processor.py:651} INFO - DAG(s) dict_keys(['tutorial']) retrieved from /opt/airflow/dags/tutorial.py
[2022-12-24 23:03:33,642] {logging_mixin.py:115} INFO - [2022-12-24 23:03:33,642] {dag.py:2371} INFO - Sync 1 DAGs
[2022-12-24 23:03:33,659] {logging_mixin.py:115} INFO - [2022-12-24 23:03:33,659] {dag.py:2919} INFO - Setting next_dagrun for tutorial to 2022-12-24T00:00:00+00:00, run_after=2022-12-25T00:00:00+00:00
[2022-12-24 23:03:33,672] {processor.py:161} INFO - Processing /opt/airflow/dags/tutorial.py took 0.076 seconds
[2022-12-24 23:04:03,841] {processor.py:153} INFO - Started process (PID=2086) to work on /opt/airflow/dags/tutorial.py
[2022-12-24 23:04:03,842] {processor.py:641} INFO - Processing file /opt/airflow/dags/tutorial.py for tasks to queue
[2022-12-24 23:04:03,843] {logging_mixin.py:115} INFO - [2022-12-24 23:04:03,842] {dagbag.py:507} INFO - Filling up the DagBag from /opt/airflow/dags/tutorial.py
[2022-12-24 23:04:03,866] {processor.py:651} INFO - DAG(s) dict_keys(['tutorial']) retrieved from /opt/airflow/dags/tutorial.py
[2022-12-24 23:04:03,887] {logging_mixin.py:115} INFO - [2022-12-24 23:04:03,887] {dag.py:2371} INFO - Sync 1 DAGs
[2022-12-24 23:04:03,906] {logging_mixin.py:115} INFO - [2022-12-24 23:04:03,906] {dag.py:2919} INFO - Setting next_dagrun for tutorial to 2022-12-24T00:00:00+00:00, run_after=2022-12-25T00:00:00+00:00
[2022-12-24 23:04:03,930] {processor.py:161} INFO - Processing /opt/airflow/dags/tutorial.py took 0.092 seconds
[2022-12-24 23:04:34,006] {processor.py:153} INFO - Started process (PID=2096) to work on /opt/airflow/dags/tutorial.py
[2022-12-24 23:04:34,006] {processor.py:641} INFO - Processing file /opt/airflow/dags/tutorial.py for tasks to queue
[2022-12-24 23:04:34,007] {logging_mixin.py:115} INFO - [2022-12-24 23:04:34,007] {dagbag.py:507} INFO - Filling up the DagBag from /opt/airflow/dags/tutorial.py
[2022-12-24 23:04:34,030] {processor.py:651} INFO - DAG(s) dict_keys(['tutorial']) retrieved from /opt/airflow/dags/tutorial.py
[2022-12-24 23:04:34,054] {logging_mixin.py:115} INFO - [2022-12-24 23:04:34,054] {dag.py:2371} INFO - Sync 1 DAGs
[2022-12-24 23:04:34,072] {logging_mixin.py:115} INFO - [2022-12-24 23:04:34,072] {dag.py:2919} INFO - Setting next_dagrun for tutorial to 2022-12-24T00:00:00+00:00, run_after=2022-12-25T00:00:00+00:00
[2022-12-24 23:04:34,096] {processor.py:161} INFO - Processing /opt/airflow/dags/tutorial.py took 0.092 seconds
[2022-12-24 23:05:04,396] {processor.py:153} INFO - Started process (PID=2106) to work on /opt/airflow/dags/tutorial.py
[2022-12-24 23:05:04,396] {processor.py:641} INFO - Processing file /opt/airflow/dags/tutorial.py for tasks to queue
[2022-12-24 23:05:04,397] {logging_mixin.py:115} INFO - [2022-12-24 23:05:04,397] {dagbag.py:507} INFO - Filling up the DagBag from /opt/airflow/dags/tutorial.py
[2022-12-24 23:05:04,421] {processor.py:651} INFO - DAG(s) dict_keys(['tutorial']) retrieved from /opt/airflow/dags/tutorial.py
[2022-12-24 23:05:04,442] {logging_mixin.py:115} INFO - [2022-12-24 23:05:04,442] {dag.py:2371} INFO - Sync 1 DAGs
[2022-12-24 23:05:04,460] {logging_mixin.py:115} INFO - [2022-12-24 23:05:04,460] {dag.py:2919} INFO - Setting next_dagrun for tutorial to 2022-12-24T00:00:00+00:00, run_after=2022-12-25T00:00:00+00:00
[2022-12-24 23:05:04,473] {processor.py:161} INFO - Processing /opt/airflow/dags/tutorial.py took 0.080 seconds
[2022-12-24 23:05:34,647] {processor.py:153} INFO - Started process (PID=2116) to work on /opt/airflow/dags/tutorial.py
[2022-12-24 23:05:34,647] {processor.py:641} INFO - Processing file /opt/airflow/dags/tutorial.py for tasks to queue
[2022-12-24 23:05:34,648] {logging_mixin.py:115} INFO - [2022-12-24 23:05:34,648] {dagbag.py:507} INFO - Filling up the DagBag from /opt/airflow/dags/tutorial.py
[2022-12-24 23:05:34,669] {processor.py:651} INFO - DAG(s) dict_keys(['tutorial']) retrieved from /opt/airflow/dags/tutorial.py
[2022-12-24 23:05:34,688] {logging_mixin.py:115} INFO - [2022-12-24 23:05:34,687] {dag.py:2371} INFO - Sync 1 DAGs
[2022-12-24 23:05:34,704] {logging_mixin.py:115} INFO - [2022-12-24 23:05:34,704] {dag.py:2919} INFO - Setting next_dagrun for tutorial to 2022-12-24T00:00:00+00:00, run_after=2022-12-25T00:00:00+00:00
[2022-12-24 23:05:34,726] {processor.py:161} INFO - Processing /opt/airflow/dags/tutorial.py took 0.081 seconds
[2022-12-24 23:06:04,890] {processor.py:153} INFO - Started process (PID=2126) to work on /opt/airflow/dags/tutorial.py
[2022-12-24 23:06:04,891] {processor.py:641} INFO - Processing file /opt/airflow/dags/tutorial.py for tasks to queue
[2022-12-24 23:06:04,891] {logging_mixin.py:115} INFO - [2022-12-24 23:06:04,891] {dagbag.py:507} INFO - Filling up the DagBag from /opt/airflow/dags/tutorial.py
[2022-12-24 23:06:04,913] {processor.py:651} INFO - DAG(s) dict_keys(['tutorial']) retrieved from /opt/airflow/dags/tutorial.py
[2022-12-24 23:06:04,932] {logging_mixin.py:115} INFO - [2022-12-24 23:06:04,932] {dag.py:2371} INFO - Sync 1 DAGs
[2022-12-24 23:06:04,949] {logging_mixin.py:115} INFO - [2022-12-24 23:06:04,949] {dag.py:2919} INFO - Setting next_dagrun for tutorial to 2022-12-24T00:00:00+00:00, run_after=2022-12-25T00:00:00+00:00
[2022-12-24 23:06:04,960] {processor.py:161} INFO - Processing /opt/airflow/dags/tutorial.py took 0.072 seconds
[2022-12-24 23:06:35,132] {processor.py:153} INFO - Started process (PID=2136) to work on /opt/airflow/dags/tutorial.py
[2022-12-24 23:06:35,132] {processor.py:641} INFO - Processing file /opt/airflow/dags/tutorial.py for tasks to queue
[2022-12-24 23:06:35,133] {logging_mixin.py:115} INFO - [2022-12-24 23:06:35,133] {dagbag.py:507} INFO - Filling up the DagBag from /opt/airflow/dags/tutorial.py
[2022-12-24 23:06:35,153] {processor.py:651} INFO - DAG(s) dict_keys(['tutorial']) retrieved from /opt/airflow/dags/tutorial.py
[2022-12-24 23:06:35,171] {logging_mixin.py:115} INFO - [2022-12-24 23:06:35,171] {dag.py:2371} INFO - Sync 1 DAGs
[2022-12-24 23:06:35,188] {logging_mixin.py:115} INFO - [2022-12-24 23:06:35,188] {dag.py:2919} INFO - Setting next_dagrun for tutorial to 2022-12-24T00:00:00+00:00, run_after=2022-12-25T00:00:00+00:00
[2022-12-24 23:06:35,209] {processor.py:161} INFO - Processing /opt/airflow/dags/tutorial.py took 0.080 seconds
[2022-12-24 23:07:05,377] {processor.py:153} INFO - Started process (PID=2146) to work on /opt/airflow/dags/tutorial.py
[2022-12-24 23:07:05,378] {processor.py:641} INFO - Processing file /opt/airflow/dags/tutorial.py for tasks to queue
[2022-12-24 23:07:05,379] {logging_mixin.py:115} INFO - [2022-12-24 23:07:05,379] {dagbag.py:507} INFO - Filling up the DagBag from /opt/airflow/dags/tutorial.py
[2022-12-24 23:07:05,400] {processor.py:651} INFO - DAG(s) dict_keys(['tutorial']) retrieved from /opt/airflow/dags/tutorial.py
[2022-12-24 23:07:05,420] {logging_mixin.py:115} INFO - [2022-12-24 23:07:05,419] {dag.py:2371} INFO - Sync 1 DAGs
[2022-12-24 23:07:05,437] {logging_mixin.py:115} INFO - [2022-12-24 23:07:05,437] {dag.py:2919} INFO - Setting next_dagrun for tutorial to 2022-12-24T00:00:00+00:00, run_after=2022-12-25T00:00:00+00:00
[2022-12-24 23:07:05,460] {processor.py:161} INFO - Processing /opt/airflow/dags/tutorial.py took 0.085 seconds
[2022-12-24 23:07:35,628] {processor.py:153} INFO - Started process (PID=2156) to work on /opt/airflow/dags/tutorial.py
[2022-12-24 23:07:35,629] {processor.py:641} INFO - Processing file /opt/airflow/dags/tutorial.py for tasks to queue
[2022-12-24 23:07:35,630] {logging_mixin.py:115} INFO - [2022-12-24 23:07:35,630] {dagbag.py:507} INFO - Filling up the DagBag from /opt/airflow/dags/tutorial.py
[2022-12-24 23:07:35,650] {processor.py:651} INFO - DAG(s) dict_keys(['tutorial']) retrieved from /opt/airflow/dags/tutorial.py
[2022-12-24 23:07:35,668] {logging_mixin.py:115} INFO - [2022-12-24 23:07:35,668] {dag.py:2371} INFO - Sync 1 DAGs
[2022-12-24 23:07:35,685] {logging_mixin.py:115} INFO - [2022-12-24 23:07:35,685] {dag.py:2919} INFO - Setting next_dagrun for tutorial to 2022-12-24T00:00:00+00:00, run_after=2022-12-25T00:00:00+00:00
[2022-12-24 23:07:35,697] {processor.py:161} INFO - Processing /opt/airflow/dags/tutorial.py took 0.071 seconds
