[2022-12-24 20:19:26,925] {manager.py:474} INFO - Processing files using up to 2 processes at a time 
[2022-12-24 20:19:26,925] {manager.py:475} INFO - Process each file at most once every 30 seconds
[2022-12-24 20:19:26,926] {manager.py:477} INFO - Checking for new files in /opt/airflow/dags every 300 seconds
[2022-12-24 20:19:26,926] {manager.py:684} INFO - Searching for files in /opt/airflow/dags
[2022-12-24 20:19:26,931] {manager.py:687} INFO - There are 0 files in /opt/airflow/dags
[2022-12-24 20:24:27,472] {manager.py:684} INFO - Searching for files in /opt/airflow/dags
[2022-12-24 20:24:27,475] {manager.py:687} INFO - There are 0 files in /opt/airflow/dags
[2022-12-24 20:29:27,986] {manager.py:684} INFO - Searching for files in /opt/airflow/dags
[2022-12-24 20:29:27,998] {manager.py:687} INFO - There are 0 files in /opt/airflow/dags
[2022-12-24 20:34:28,517] {manager.py:684} INFO - Searching for files in /opt/airflow/dags
[2022-12-24 20:34:28,530] {manager.py:687} INFO - There are 1 files in /opt/airflow/dags
[2022-12-24 20:34:28,547] {manager.py:803} INFO - 
================================================================================
DAG File Processing Stats

File Path                          PID  Runtime      # DAGs    # Errors  Last Runtime    Last Run
-------------------------------  -----  ---------  --------  ----------  --------------  ----------
/opt/airflow/dags/sample_dag.py    219  0.01s             0           0
================================================================================
[2022-12-24 20:34:58,658] {manager.py:803} INFO - 
================================================================================
DAG File Processing Stats

File Path                          PID  Runtime      # DAGs    # Errors  Last Runtime    Last Run
-------------------------------  -----  ---------  --------  ----------  --------------  -------------------
/opt/airflow/dags/sample_dag.py    224  0.00s             0           1  0.11s           2022-12-24T20:34:28
================================================================================
[2022-12-24 20:35:28,777] {manager.py:803} INFO - 
================================================================================
DAG File Processing Stats

File Path                          PID  Runtime      # DAGs    # Errors  Last Runtime    Last Run
-------------------------------  -----  ---------  --------  ----------  --------------  -------------------
/opt/airflow/dags/sample_dag.py    229  0.00s             0           1  0.08s           2022-12-24T20:34:58
================================================================================
[2022-12-24 20:35:58,927] {manager.py:803} INFO - 
================================================================================
DAG File Processing Stats

File Path                          PID  Runtime      # DAGs    # Errors  Last Runtime    Last Run
-------------------------------  -----  ---------  --------  ----------  --------------  -------------------
/opt/airflow/dags/sample_dag.py    234  0.00s             0           1  0.09s           2022-12-24T20:35:28
================================================================================
[2022-12-24 20:36:29,055] {manager.py:803} INFO - 
================================================================================
DAG File Processing Stats

File Path                          PID  Runtime      # DAGs    # Errors  Last Runtime    Last Run
-------------------------------  -----  ---------  --------  ----------  --------------  -------------------
/opt/airflow/dags/sample_dag.py    239  0.00s             0           1  0.08s           2022-12-24T20:35:59
================================================================================
[2022-12-24 20:36:59,275] {manager.py:803} INFO - 
================================================================================
DAG File Processing Stats

File Path                        PID    Runtime      # DAGs    # Errors  Last Runtime    Last Run
-------------------------------  -----  ---------  --------  ----------  --------------  -------------------
/opt/airflow/dags/sample_dag.py                           1           0  0.20s           2022-12-24T20:36:57
================================================================================
[2022-12-24 20:37:29,535] {manager.py:803} INFO - 
================================================================================
DAG File Processing Stats

File Path                        PID    Runtime      # DAGs    # Errors  Last Runtime    Last Run
-------------------------------  -----  ---------  --------  ----------  --------------  -------------------
/opt/airflow/dags/sample_dag.py                           1           0  0.11s           2022-12-24T20:37:27
================================================================================
[2022-12-24 20:37:59,731] {manager.py:803} INFO - 
================================================================================
DAG File Processing Stats

File Path                        PID    Runtime      # DAGs    # Errors  Last Runtime    Last Run
-------------------------------  -----  ---------  --------  ----------  --------------  -------------------
/opt/airflow/dags/sample_dag.py                           1           0  0.11s           2022-12-24T20:37:57
================================================================================
[2022-12-24 20:38:29,925] {manager.py:803} INFO - 
================================================================================
DAG File Processing Stats

File Path                        PID    Runtime      # DAGs    # Errors  Last Runtime    Last Run
-------------------------------  -----  ---------  --------  ----------  --------------  -------------------
/opt/airflow/dags/sample_dag.py                           1           0  0.12s           2022-12-24T20:38:28
================================================================================
[2022-12-24 20:39:00,133] {manager.py:803} INFO - 
================================================================================
DAG File Processing Stats

File Path                        PID    Runtime      # DAGs    # Errors  Last Runtime    Last Run
-------------------------------  -----  ---------  --------  ----------  --------------  -------------------
/opt/airflow/dags/sample_dag.py                           1           0  0.12s           2022-12-24T20:38:58
================================================================================
[2022-12-24 20:39:29,336] {manager.py:684} INFO - Searching for files in /opt/airflow/dags
[2022-12-24 20:39:29,377] {manager.py:687} INFO - There are 1 files in /opt/airflow/dags
[2022-12-24 20:39:30,398] {manager.py:803} INFO - 
================================================================================
DAG File Processing Stats

File Path                        PID    Runtime      # DAGs    # Errors  Last Runtime    Last Run
-------------------------------  -----  ---------  --------  ----------  --------------  -------------------
/opt/airflow/dags/sample_dag.py                           1           0  0.11s           2022-12-24T20:39:28
================================================================================
[2022-12-24 20:40:00,534] {manager.py:803} INFO - 
================================================================================
DAG File Processing Stats

File Path                        PID    Runtime      # DAGs    # Errors  Last Runtime    Last Run
-------------------------------  -----  ---------  --------  ----------  --------------  -------------------
/opt/airflow/dags/sample_dag.py                           1           0  0.11s           2022-12-24T20:39:58
================================================================================
[2022-12-24 20:40:30,710] {manager.py:803} INFO - 
================================================================================
DAG File Processing Stats

File Path                        PID    Runtime      # DAGs    # Errors  Last Runtime    Last Run
-------------------------------  -----  ---------  --------  ----------  --------------  -------------------
/opt/airflow/dags/sample_dag.py                           1           0  0.12s           2022-12-24T20:40:28
================================================================================
[2022-12-24 20:41:00,832] {manager.py:803} INFO - 
================================================================================
DAG File Processing Stats

File Path                        PID    Runtime      # DAGs    # Errors  Last Runtime    Last Run
-------------------------------  -----  ---------  --------  ----------  --------------  -------------------
/opt/airflow/dags/sample_dag.py                           1           0  0.11s           2022-12-24T20:40:58
================================================================================
[2022-12-24 20:41:31,019] {manager.py:803} INFO - 
================================================================================
DAG File Processing Stats

File Path                        PID    Runtime      # DAGs    # Errors  Last Runtime    Last Run
-------------------------------  -----  ---------  --------  ----------  --------------  -------------------
/opt/airflow/dags/sample_dag.py                           1           0  0.11s           2022-12-24T20:41:29
================================================================================
[2022-12-24 20:42:01,136] {manager.py:803} INFO - 
================================================================================
DAG File Processing Stats

File Path                        PID    Runtime      # DAGs    # Errors  Last Runtime    Last Run
-------------------------------  -----  ---------  --------  ----------  --------------  -------------------
/opt/airflow/dags/sample_dag.py                           1           0  0.09s           2022-12-24T20:41:59
================================================================================
[2022-12-24 20:42:31,311] {manager.py:803} INFO - 
================================================================================
DAG File Processing Stats

File Path                        PID    Runtime      # DAGs    # Errors  Last Runtime    Last Run
-------------------------------  -----  ---------  --------  ----------  --------------  -------------------
/opt/airflow/dags/sample_dag.py                           1           0  0.14s           2022-12-24T20:42:29
================================================================================
[2022-12-24 20:43:01,463] {manager.py:803} INFO - 
================================================================================
DAG File Processing Stats

File Path                        PID    Runtime      # DAGs    # Errors  Last Runtime    Last Run
-------------------------------  -----  ---------  --------  ----------  --------------  -------------------
/opt/airflow/dags/sample_dag.py                           1           0  0.11s           2022-12-24T20:42:59
================================================================================
[2022-12-24 20:43:31,607] {manager.py:803} INFO - 
================================================================================
DAG File Processing Stats

File Path                        PID    Runtime      # DAGs    # Errors  Last Runtime    Last Run
-------------------------------  -----  ---------  --------  ----------  --------------  -------------------
/opt/airflow/dags/sample_dag.py                           1           0  0.09s           2022-12-24T20:43:29
================================================================================
[2022-12-24 20:44:01,748] {manager.py:803} INFO - 
================================================================================
DAG File Processing Stats

File Path                        PID    Runtime      # DAGs    # Errors  Last Runtime    Last Run
-------------------------------  -----  ---------  --------  ----------  --------------  -------------------
/opt/airflow/dags/sample_dag.py                           1           0  0.20s           2022-12-24T20:43:53
================================================================================
[2022-12-24 20:44:29,996] {manager.py:684} INFO - Searching for files in /opt/airflow/dags
[2022-12-24 20:44:30,030] {manager.py:687} INFO - There are 1 files in /opt/airflow/dags
[2022-12-24 20:44:32,047] {manager.py:803} INFO - 
================================================================================
DAG File Processing Stats

File Path                        PID    Runtime      # DAGs    # Errors  Last Runtime    Last Run
-------------------------------  -----  ---------  --------  ----------  --------------  -------------------
/opt/airflow/dags/sample_dag.py                           1           0  0.12s           2022-12-24T20:44:24
================================================================================
[2022-12-24 20:45:02,205] {manager.py:803} INFO - 
================================================================================
DAG File Processing Stats

File Path                        PID    Runtime      # DAGs    # Errors  Last Runtime    Last Run
-------------------------------  -----  ---------  --------  ----------  --------------  -------------------
/opt/airflow/dags/sample_dag.py                           1           0  0.10s           2022-12-24T20:44:54
================================================================================
[2022-12-24 20:45:32,338] {manager.py:803} INFO - 
================================================================================
DAG File Processing Stats

File Path                        PID    Runtime      # DAGs    # Errors  Last Runtime    Last Run
-------------------------------  -----  ---------  --------  ----------  --------------  -------------------
/opt/airflow/dags/sample_dag.py                           1           0  0.12s           2022-12-24T20:45:24
================================================================================
[2022-12-24 20:46:02,518] {manager.py:803} INFO - 
================================================================================
DAG File Processing Stats

File Path                        PID    Runtime      # DAGs    # Errors  Last Runtime    Last Run
-------------------------------  -----  ---------  --------  ----------  --------------  -------------------
/opt/airflow/dags/sample_dag.py                           1           0  0.11s           2022-12-24T20:45:54
================================================================================
[2022-12-24 20:46:32,632] {manager.py:803} INFO - 
================================================================================
DAG File Processing Stats

File Path                        PID    Runtime      # DAGs    # Errors  Last Runtime    Last Run
-------------------------------  -----  ---------  --------  ----------  --------------  -------------------
/opt/airflow/dags/sample_dag.py                           1           0  0.11s           2022-12-24T20:46:24
================================================================================
[2022-12-24 20:47:02,821] {manager.py:803} INFO - 
================================================================================
DAG File Processing Stats

File Path                        PID    Runtime      # DAGs    # Errors  Last Runtime    Last Run
-------------------------------  -----  ---------  --------  ----------  --------------  -------------------
/opt/airflow/dags/sample_dag.py                           1           0  0.11s           2022-12-24T20:46:54
================================================================================
[2022-12-24 20:47:32,946] {manager.py:803} INFO - 
================================================================================
DAG File Processing Stats

File Path                        PID    Runtime      # DAGs    # Errors  Last Runtime    Last Run
-------------------------------  -----  ---------  --------  ----------  --------------  -------------------
/opt/airflow/dags/sample_dag.py                           1           0  0.11s           2022-12-24T20:47:25
================================================================================
[2022-12-24 20:48:03,138] {manager.py:803} INFO - 
================================================================================
DAG File Processing Stats

File Path                        PID    Runtime      # DAGs    # Errors  Last Runtime    Last Run
-------------------------------  -----  ---------  --------  ----------  --------------  -------------------
/opt/airflow/dags/sample_dag.py                           1           0  0.14s           2022-12-24T20:47:55
================================================================================
[2022-12-24 20:48:33,272] {manager.py:803} INFO - 
================================================================================
DAG File Processing Stats

File Path                        PID    Runtime      # DAGs    # Errors  Last Runtime    Last Run
-------------------------------  -----  ---------  --------  ----------  --------------  -------------------
/opt/airflow/dags/sample_dag.py                           1           0  0.11s           2022-12-24T20:48:25
================================================================================
[2022-12-24 20:49:03,440] {manager.py:803} INFO - 
================================================================================
DAG File Processing Stats

File Path                        PID    Runtime      # DAGs    # Errors  Last Runtime    Last Run
-------------------------------  -----  ---------  --------  ----------  --------------  -------------------
/opt/airflow/dags/sample_dag.py                           1           0  0.11s           2022-12-24T20:48:55
================================================================================
[2022-12-24 20:49:30,560] {manager.py:684} INFO - Searching for files in /opt/airflow/dags
[2022-12-24 20:49:30,588] {manager.py:687} INFO - There are 1 files in /opt/airflow/dags
[2022-12-24 20:49:33,611] {manager.py:803} INFO - 
================================================================================
DAG File Processing Stats

File Path                        PID    Runtime      # DAGs    # Errors  Last Runtime    Last Run
-------------------------------  -----  ---------  --------  ----------  --------------  -------------------
/opt/airflow/dags/sample_dag.py                           1           0  0.11s           2022-12-24T20:49:25
================================================================================
[2022-12-24 20:50:03,735] {manager.py:803} INFO - 
================================================================================
DAG File Processing Stats

File Path                        PID    Runtime      # DAGs    # Errors  Last Runtime    Last Run
-------------------------------  -----  ---------  --------  ----------  --------------  -------------------
/opt/airflow/dags/sample_dag.py                           1           0  0.11s           2022-12-24T20:49:55
================================================================================
[2022-12-24 20:50:33,919] {manager.py:803} INFO - 
================================================================================
DAG File Processing Stats

File Path                        PID    Runtime      # DAGs    # Errors  Last Runtime    Last Run
-------------------------------  -----  ---------  --------  ----------  --------------  -------------------
/opt/airflow/dags/sample_dag.py                           1           0  0.13s           2022-12-24T20:50:25
================================================================================
[2022-12-24 20:51:04,057] {manager.py:803} INFO - 
================================================================================
DAG File Processing Stats

File Path                        PID    Runtime      # DAGs    # Errors  Last Runtime    Last Run
-------------------------------  -----  ---------  --------  ----------  --------------  -------------------
/opt/airflow/dags/sample_dag.py                           1           0  0.11s           2022-12-24T20:50:56
================================================================================
