[2022-12-25 20:05:14,173] {processor.py:153} INFO - Started process (PID=19549) to work on /opt/airflow/dags/podcast_summer2.py
[2022-12-25 20:05:14,173] {processor.py:641} INFO - Processing file /opt/airflow/dags/podcast_summer2.py for tasks to queue
[2022-12-25 20:05:14,174] {logging_mixin.py:115} INFO - [2022-12-25 20:05:14,174] {dagbag.py:507} INFO - Filling up the DagBag from /opt/airflow/dags/podcast_summer2.py
[2022-12-25 20:05:14,269] {logging_mixin.py:115} INFO - [2022-12-25 20:05:14,264] {dagbag.py:320} ERROR - Failed to import: /opt/airflow/dags/podcast_summer2.py
Traceback (most recent call last):
  File "/home/airflow/.local/lib/python3.7/site-packages/airflow/models/dagbag.py", line 317, in parse
    loader.exec_module(new_module)
  File "<frozen importlib._bootstrap_external>", line 728, in exec_module
  File "<frozen importlib._bootstrap>", line 219, in _call_with_frames_removed
  File "/opt/airflow/dags/podcast_summer2.py", line 4, in <module>
    import xmltodict
ModuleNotFoundError: No module named 'xmltodict'
[2022-12-25 20:05:14,271] {processor.py:653} WARNING - No viable dags retrieved from /opt/airflow/dags/podcast_summer2.py
[2022-12-25 20:05:14,287] {processor.py:161} INFO - Processing /opt/airflow/dags/podcast_summer2.py took 0.116 seconds
[2022-12-25 20:05:44,542] {processor.py:153} INFO - Started process (PID=19569) to work on /opt/airflow/dags/podcast_summer2.py
[2022-12-25 20:05:44,543] {processor.py:641} INFO - Processing file /opt/airflow/dags/podcast_summer2.py for tasks to queue
[2022-12-25 20:05:44,543] {logging_mixin.py:115} INFO - [2022-12-25 20:05:44,543] {dagbag.py:507} INFO - Filling up the DagBag from /opt/airflow/dags/podcast_summer2.py
[2022-12-25 20:05:44,582] {logging_mixin.py:115} INFO - [2022-12-25 20:05:44,576] {dagbag.py:320} ERROR - Failed to import: /opt/airflow/dags/podcast_summer2.py
Traceback (most recent call last):
  File "/home/airflow/.local/lib/python3.7/site-packages/airflow/models/dagbag.py", line 317, in parse
    loader.exec_module(new_module)
  File "<frozen importlib._bootstrap_external>", line 728, in exec_module
  File "<frozen importlib._bootstrap>", line 219, in _call_with_frames_removed
  File "/opt/airflow/dags/podcast_summer2.py", line 4, in <module>
    import xmltodict
ModuleNotFoundError: No module named 'xmltodict'
[2022-12-25 20:05:44,583] {processor.py:653} WARNING - No viable dags retrieved from /opt/airflow/dags/podcast_summer2.py
[2022-12-25 20:05:44,600] {processor.py:161} INFO - Processing /opt/airflow/dags/podcast_summer2.py took 0.060 seconds
[2022-12-25 20:06:14,961] {processor.py:153} INFO - Started process (PID=19589) to work on /opt/airflow/dags/podcast_summer2.py
[2022-12-25 20:06:14,962] {processor.py:641} INFO - Processing file /opt/airflow/dags/podcast_summer2.py for tasks to queue
[2022-12-25 20:06:14,962] {logging_mixin.py:115} INFO - [2022-12-25 20:06:14,962] {dagbag.py:507} INFO - Filling up the DagBag from /opt/airflow/dags/podcast_summer2.py
[2022-12-25 20:06:14,996] {logging_mixin.py:115} INFO - [2022-12-25 20:06:14,991] {dagbag.py:320} ERROR - Failed to import: /opt/airflow/dags/podcast_summer2.py
Traceback (most recent call last):
  File "/home/airflow/.local/lib/python3.7/site-packages/airflow/models/dagbag.py", line 317, in parse
    loader.exec_module(new_module)
  File "<frozen importlib._bootstrap_external>", line 728, in exec_module
  File "<frozen importlib._bootstrap>", line 219, in _call_with_frames_removed
  File "/opt/airflow/dags/podcast_summer2.py", line 4, in <module>
    import xmltodict
ModuleNotFoundError: No module named 'xmltodict'
[2022-12-25 20:06:14,997] {processor.py:653} WARNING - No viable dags retrieved from /opt/airflow/dags/podcast_summer2.py
[2022-12-25 20:06:15,013] {processor.py:161} INFO - Processing /opt/airflow/dags/podcast_summer2.py took 0.053 seconds
[2022-12-25 20:06:45,401] {processor.py:153} INFO - Started process (PID=19609) to work on /opt/airflow/dags/podcast_summer2.py
[2022-12-25 20:06:45,402] {processor.py:641} INFO - Processing file /opt/airflow/dags/podcast_summer2.py for tasks to queue
[2022-12-25 20:06:45,402] {logging_mixin.py:115} INFO - [2022-12-25 20:06:45,402] {dagbag.py:507} INFO - Filling up the DagBag from /opt/airflow/dags/podcast_summer2.py
[2022-12-25 20:06:45,436] {logging_mixin.py:115} INFO - [2022-12-25 20:06:45,431] {dagbag.py:320} ERROR - Failed to import: /opt/airflow/dags/podcast_summer2.py
Traceback (most recent call last):
  File "/home/airflow/.local/lib/python3.7/site-packages/airflow/models/dagbag.py", line 317, in parse
    loader.exec_module(new_module)
  File "<frozen importlib._bootstrap_external>", line 728, in exec_module
  File "<frozen importlib._bootstrap>", line 219, in _call_with_frames_removed
  File "/opt/airflow/dags/podcast_summer2.py", line 4, in <module>
    import xmltodict
ModuleNotFoundError: No module named 'xmltodict'
[2022-12-25 20:06:45,438] {processor.py:653} WARNING - No viable dags retrieved from /opt/airflow/dags/podcast_summer2.py
[2022-12-25 20:06:45,463] {processor.py:161} INFO - Processing /opt/airflow/dags/podcast_summer2.py took 0.064 seconds
[2022-12-25 20:07:15,812] {processor.py:153} INFO - Started process (PID=19629) to work on /opt/airflow/dags/podcast_summer2.py
[2022-12-25 20:07:15,813] {processor.py:641} INFO - Processing file /opt/airflow/dags/podcast_summer2.py for tasks to queue
[2022-12-25 20:07:15,814] {logging_mixin.py:115} INFO - [2022-12-25 20:07:15,813] {dagbag.py:507} INFO - Filling up the DagBag from /opt/airflow/dags/podcast_summer2.py
[2022-12-25 20:07:15,852] {logging_mixin.py:115} INFO - [2022-12-25 20:07:15,846] {dagbag.py:320} ERROR - Failed to import: /opt/airflow/dags/podcast_summer2.py
Traceback (most recent call last):
  File "/home/airflow/.local/lib/python3.7/site-packages/airflow/models/dagbag.py", line 317, in parse
    loader.exec_module(new_module)
  File "<frozen importlib._bootstrap_external>", line 728, in exec_module
  File "<frozen importlib._bootstrap>", line 219, in _call_with_frames_removed
  File "/opt/airflow/dags/podcast_summer2.py", line 4, in <module>
    import xmltodict
ModuleNotFoundError: No module named 'xmltodict'
[2022-12-25 20:07:15,854] {processor.py:653} WARNING - No viable dags retrieved from /opt/airflow/dags/podcast_summer2.py
[2022-12-25 20:07:15,873] {processor.py:161} INFO - Processing /opt/airflow/dags/podcast_summer2.py took 0.063 seconds
[2022-12-25 20:07:46,228] {processor.py:153} INFO - Started process (PID=19649) to work on /opt/airflow/dags/podcast_summer2.py
[2022-12-25 20:07:46,229] {processor.py:641} INFO - Processing file /opt/airflow/dags/podcast_summer2.py for tasks to queue
[2022-12-25 20:07:46,230] {logging_mixin.py:115} INFO - [2022-12-25 20:07:46,229] {dagbag.py:507} INFO - Filling up the DagBag from /opt/airflow/dags/podcast_summer2.py
[2022-12-25 20:07:46,264] {logging_mixin.py:115} INFO - [2022-12-25 20:07:46,259] {dagbag.py:320} ERROR - Failed to import: /opt/airflow/dags/podcast_summer2.py
Traceback (most recent call last):
  File "/home/airflow/.local/lib/python3.7/site-packages/airflow/models/dagbag.py", line 317, in parse
    loader.exec_module(new_module)
  File "<frozen importlib._bootstrap_external>", line 728, in exec_module
  File "<frozen importlib._bootstrap>", line 219, in _call_with_frames_removed
  File "/opt/airflow/dags/podcast_summer2.py", line 4, in <module>
    import xmltodict
ModuleNotFoundError: No module named 'xmltodict'
[2022-12-25 20:07:46,265] {processor.py:653} WARNING - No viable dags retrieved from /opt/airflow/dags/podcast_summer2.py
[2022-12-25 20:07:46,357] {processor.py:161} INFO - Processing /opt/airflow/dags/podcast_summer2.py took 0.130 seconds
[2022-12-25 20:08:16,713] {processor.py:153} INFO - Started process (PID=19669) to work on /opt/airflow/dags/podcast_summer2.py
[2022-12-25 20:08:16,713] {processor.py:641} INFO - Processing file /opt/airflow/dags/podcast_summer2.py for tasks to queue
[2022-12-25 20:08:16,714] {logging_mixin.py:115} INFO - [2022-12-25 20:08:16,714] {dagbag.py:507} INFO - Filling up the DagBag from /opt/airflow/dags/podcast_summer2.py
[2022-12-25 20:08:16,746] {logging_mixin.py:115} INFO - [2022-12-25 20:08:16,742] {dagbag.py:320} ERROR - Failed to import: /opt/airflow/dags/podcast_summer2.py
Traceback (most recent call last):
  File "/home/airflow/.local/lib/python3.7/site-packages/airflow/models/dagbag.py", line 317, in parse
    loader.exec_module(new_module)
  File "<frozen importlib._bootstrap_external>", line 728, in exec_module
  File "<frozen importlib._bootstrap>", line 219, in _call_with_frames_removed
  File "/opt/airflow/dags/podcast_summer2.py", line 4, in <module>
    import xmltodict
ModuleNotFoundError: No module named 'xmltodict'
[2022-12-25 20:08:16,747] {processor.py:653} WARNING - No viable dags retrieved from /opt/airflow/dags/podcast_summer2.py
[2022-12-25 20:08:16,761] {processor.py:161} INFO - Processing /opt/airflow/dags/podcast_summer2.py took 0.050 seconds
[2022-12-25 20:08:47,107] {processor.py:153} INFO - Started process (PID=19689) to work on /opt/airflow/dags/podcast_summer2.py
[2022-12-25 20:08:47,108] {processor.py:641} INFO - Processing file /opt/airflow/dags/podcast_summer2.py for tasks to queue
[2022-12-25 20:08:47,109] {logging_mixin.py:115} INFO - [2022-12-25 20:08:47,109] {dagbag.py:507} INFO - Filling up the DagBag from /opt/airflow/dags/podcast_summer2.py
[2022-12-25 20:08:47,149] {logging_mixin.py:115} INFO - [2022-12-25 20:08:47,144] {dagbag.py:320} ERROR - Failed to import: /opt/airflow/dags/podcast_summer2.py
Traceback (most recent call last):
  File "/home/airflow/.local/lib/python3.7/site-packages/airflow/models/dagbag.py", line 317, in parse
    loader.exec_module(new_module)
  File "<frozen importlib._bootstrap_external>", line 728, in exec_module
  File "<frozen importlib._bootstrap>", line 219, in _call_with_frames_removed
  File "/opt/airflow/dags/podcast_summer2.py", line 4, in <module>
    import xmltodict
ModuleNotFoundError: No module named 'xmltodict'
[2022-12-25 20:08:47,151] {processor.py:653} WARNING - No viable dags retrieved from /opt/airflow/dags/podcast_summer2.py
[2022-12-25 20:08:47,171] {processor.py:161} INFO - Processing /opt/airflow/dags/podcast_summer2.py took 0.068 seconds
[2022-12-25 20:09:17,410] {processor.py:153} INFO - Started process (PID=19709) to work on /opt/airflow/dags/podcast_summer2.py
[2022-12-25 20:09:17,411] {processor.py:641} INFO - Processing file /opt/airflow/dags/podcast_summer2.py for tasks to queue
[2022-12-25 20:09:17,412] {logging_mixin.py:115} INFO - [2022-12-25 20:09:17,412] {dagbag.py:507} INFO - Filling up the DagBag from /opt/airflow/dags/podcast_summer2.py
[2022-12-25 20:09:17,444] {logging_mixin.py:115} INFO - [2022-12-25 20:09:17,440] {dagbag.py:320} ERROR - Failed to import: /opt/airflow/dags/podcast_summer2.py
Traceback (most recent call last):
  File "/home/airflow/.local/lib/python3.7/site-packages/airflow/models/dagbag.py", line 317, in parse
    loader.exec_module(new_module)
  File "<frozen importlib._bootstrap_external>", line 728, in exec_module
  File "<frozen importlib._bootstrap>", line 219, in _call_with_frames_removed
  File "/opt/airflow/dags/podcast_summer2.py", line 4, in <module>
    import xmltodict
ModuleNotFoundError: No module named 'xmltodict'
[2022-12-25 20:09:17,445] {processor.py:653} WARNING - No viable dags retrieved from /opt/airflow/dags/podcast_summer2.py
[2022-12-25 20:09:17,459] {processor.py:161} INFO - Processing /opt/airflow/dags/podcast_summer2.py took 0.050 seconds
[2022-12-25 20:09:47,790] {processor.py:153} INFO - Started process (PID=19729) to work on /opt/airflow/dags/podcast_summer2.py
[2022-12-25 20:09:47,790] {processor.py:641} INFO - Processing file /opt/airflow/dags/podcast_summer2.py for tasks to queue
[2022-12-25 20:09:47,791] {logging_mixin.py:115} INFO - [2022-12-25 20:09:47,791] {dagbag.py:507} INFO - Filling up the DagBag from /opt/airflow/dags/podcast_summer2.py
[2022-12-25 20:09:47,829] {logging_mixin.py:115} INFO - [2022-12-25 20:09:47,824] {dagbag.py:320} ERROR - Failed to import: /opt/airflow/dags/podcast_summer2.py
Traceback (most recent call last):
  File "/home/airflow/.local/lib/python3.7/site-packages/airflow/models/dagbag.py", line 317, in parse
    loader.exec_module(new_module)
  File "<frozen importlib._bootstrap_external>", line 728, in exec_module
  File "<frozen importlib._bootstrap>", line 219, in _call_with_frames_removed
  File "/opt/airflow/dags/podcast_summer2.py", line 4, in <module>
    import xmltodict
ModuleNotFoundError: No module named 'xmltodict'
[2022-12-25 20:09:47,832] {processor.py:653} WARNING - No viable dags retrieved from /opt/airflow/dags/podcast_summer2.py
[2022-12-25 20:09:47,861] {processor.py:161} INFO - Processing /opt/airflow/dags/podcast_summer2.py took 0.073 seconds
[2022-12-25 20:10:18,294] {processor.py:153} INFO - Started process (PID=19749) to work on /opt/airflow/dags/podcast_summer2.py
[2022-12-25 20:10:18,294] {processor.py:641} INFO - Processing file /opt/airflow/dags/podcast_summer2.py for tasks to queue
[2022-12-25 20:10:18,295] {logging_mixin.py:115} INFO - [2022-12-25 20:10:18,295] {dagbag.py:507} INFO - Filling up the DagBag from /opt/airflow/dags/podcast_summer2.py
[2022-12-25 20:10:18,329] {logging_mixin.py:115} INFO - [2022-12-25 20:10:18,324] {dagbag.py:320} ERROR - Failed to import: /opt/airflow/dags/podcast_summer2.py
Traceback (most recent call last):
  File "/home/airflow/.local/lib/python3.7/site-packages/airflow/models/dagbag.py", line 317, in parse
    loader.exec_module(new_module)
  File "<frozen importlib._bootstrap_external>", line 728, in exec_module
  File "<frozen importlib._bootstrap>", line 219, in _call_with_frames_removed
  File "/opt/airflow/dags/podcast_summer2.py", line 4, in <module>
    import xmltodict
ModuleNotFoundError: No module named 'xmltodict'
[2022-12-25 20:10:18,331] {processor.py:653} WARNING - No viable dags retrieved from /opt/airflow/dags/podcast_summer2.py
[2022-12-25 20:10:18,357] {processor.py:161} INFO - Processing /opt/airflow/dags/podcast_summer2.py took 0.066 seconds
[2022-12-25 20:10:48,700] {processor.py:153} INFO - Started process (PID=19769) to work on /opt/airflow/dags/podcast_summer2.py
[2022-12-25 20:10:48,700] {processor.py:641} INFO - Processing file /opt/airflow/dags/podcast_summer2.py for tasks to queue
[2022-12-25 20:10:48,701] {logging_mixin.py:115} INFO - [2022-12-25 20:10:48,701] {dagbag.py:507} INFO - Filling up the DagBag from /opt/airflow/dags/podcast_summer2.py
[2022-12-25 20:10:48,739] {logging_mixin.py:115} INFO - [2022-12-25 20:10:48,734] {dagbag.py:320} ERROR - Failed to import: /opt/airflow/dags/podcast_summer2.py
Traceback (most recent call last):
  File "/home/airflow/.local/lib/python3.7/site-packages/airflow/models/dagbag.py", line 317, in parse
    loader.exec_module(new_module)
  File "<frozen importlib._bootstrap_external>", line 728, in exec_module
  File "<frozen importlib._bootstrap>", line 219, in _call_with_frames_removed
  File "/opt/airflow/dags/podcast_summer2.py", line 4, in <module>
    import xmltodict
ModuleNotFoundError: No module named 'xmltodict'
[2022-12-25 20:10:48,742] {processor.py:653} WARNING - No viable dags retrieved from /opt/airflow/dags/podcast_summer2.py
[2022-12-25 20:10:48,768] {processor.py:161} INFO - Processing /opt/airflow/dags/podcast_summer2.py took 0.070 seconds
[2022-12-25 20:11:19,111] {processor.py:153} INFO - Started process (PID=19789) to work on /opt/airflow/dags/podcast_summer2.py
[2022-12-25 20:11:19,112] {processor.py:641} INFO - Processing file /opt/airflow/dags/podcast_summer2.py for tasks to queue
[2022-12-25 20:11:19,112] {logging_mixin.py:115} INFO - [2022-12-25 20:11:19,112] {dagbag.py:507} INFO - Filling up the DagBag from /opt/airflow/dags/podcast_summer2.py
[2022-12-25 20:11:19,148] {logging_mixin.py:115} INFO - [2022-12-25 20:11:19,143] {dagbag.py:320} ERROR - Failed to import: /opt/airflow/dags/podcast_summer2.py
Traceback (most recent call last):
  File "/home/airflow/.local/lib/python3.7/site-packages/airflow/models/dagbag.py", line 317, in parse
    loader.exec_module(new_module)
  File "<frozen importlib._bootstrap_external>", line 728, in exec_module
  File "<frozen importlib._bootstrap>", line 219, in _call_with_frames_removed
  File "/opt/airflow/dags/podcast_summer2.py", line 4, in <module>
    import xmltodict
ModuleNotFoundError: No module named 'xmltodict'
[2022-12-25 20:11:19,150] {processor.py:653} WARNING - No viable dags retrieved from /opt/airflow/dags/podcast_summer2.py
[2022-12-25 20:11:19,176] {processor.py:161} INFO - Processing /opt/airflow/dags/podcast_summer2.py took 0.067 seconds
[2022-12-25 20:11:49,536] {processor.py:153} INFO - Started process (PID=19809) to work on /opt/airflow/dags/podcast_summer2.py
[2022-12-25 20:11:49,537] {processor.py:641} INFO - Processing file /opt/airflow/dags/podcast_summer2.py for tasks to queue
[2022-12-25 20:11:49,538] {logging_mixin.py:115} INFO - [2022-12-25 20:11:49,538] {dagbag.py:507} INFO - Filling up the DagBag from /opt/airflow/dags/podcast_summer2.py
[2022-12-25 20:11:49,578] {logging_mixin.py:115} INFO - [2022-12-25 20:11:49,572] {dagbag.py:320} ERROR - Failed to import: /opt/airflow/dags/podcast_summer2.py
Traceback (most recent call last):
  File "/home/airflow/.local/lib/python3.7/site-packages/airflow/models/dagbag.py", line 317, in parse
    loader.exec_module(new_module)
  File "<frozen importlib._bootstrap_external>", line 728, in exec_module
  File "<frozen importlib._bootstrap>", line 219, in _call_with_frames_removed
  File "/opt/airflow/dags/podcast_summer2.py", line 4, in <module>
    import xmltodict
ModuleNotFoundError: No module named 'xmltodict'
[2022-12-25 20:11:49,580] {processor.py:653} WARNING - No viable dags retrieved from /opt/airflow/dags/podcast_summer2.py
[2022-12-25 20:11:49,607] {processor.py:161} INFO - Processing /opt/airflow/dags/podcast_summer2.py took 0.073 seconds
[2022-12-25 20:12:15,903] {processor.py:153} INFO - Started process (PID=19824) to work on /opt/airflow/dags/podcast_summer2.py
[2022-12-25 20:12:15,904] {processor.py:641} INFO - Processing file /opt/airflow/dags/podcast_summer2.py for tasks to queue
[2022-12-25 20:12:15,904] {logging_mixin.py:115} INFO - [2022-12-25 20:12:15,904] {dagbag.py:507} INFO - Filling up the DagBag from /opt/airflow/dags/podcast_summer2.py
[2022-12-25 20:12:15,958] {logging_mixin.py:115} INFO - [2022-12-25 20:12:15,953] {dagbag.py:320} ERROR - Failed to import: /opt/airflow/dags/podcast_summer2.py
Traceback (most recent call last):
  File "/home/airflow/.local/lib/python3.7/site-packages/airflow/models/dagbag.py", line 317, in parse
    loader.exec_module(new_module)
  File "<frozen importlib._bootstrap_external>", line 728, in exec_module
  File "<frozen importlib._bootstrap>", line 219, in _call_with_frames_removed
  File "/opt/airflow/dags/podcast_summer2.py", line 4, in <module>
    import xmltodict
ModuleNotFoundError: No module named 'xmltodict'
[2022-12-25 20:12:15,960] {processor.py:653} WARNING - No viable dags retrieved from /opt/airflow/dags/podcast_summer2.py
[2022-12-25 20:12:15,976] {processor.py:161} INFO - Processing /opt/airflow/dags/podcast_summer2.py took 0.076 seconds
[2022-12-25 20:12:46,280] {processor.py:153} INFO - Started process (PID=19844) to work on /opt/airflow/dags/podcast_summer2.py
[2022-12-25 20:12:46,281] {processor.py:641} INFO - Processing file /opt/airflow/dags/podcast_summer2.py for tasks to queue
[2022-12-25 20:12:46,281] {logging_mixin.py:115} INFO - [2022-12-25 20:12:46,281] {dagbag.py:507} INFO - Filling up the DagBag from /opt/airflow/dags/podcast_summer2.py
[2022-12-25 20:12:46,316] {logging_mixin.py:115} INFO - [2022-12-25 20:12:46,312] {dagbag.py:320} ERROR - Failed to import: /opt/airflow/dags/podcast_summer2.py
Traceback (most recent call last):
  File "/home/airflow/.local/lib/python3.7/site-packages/airflow/models/dagbag.py", line 317, in parse
    loader.exec_module(new_module)
  File "<frozen importlib._bootstrap_external>", line 728, in exec_module
  File "<frozen importlib._bootstrap>", line 219, in _call_with_frames_removed
  File "/opt/airflow/dags/podcast_summer2.py", line 4, in <module>
    import xmltodict
ModuleNotFoundError: No module named 'xmltodict'
[2022-12-25 20:12:46,317] {processor.py:653} WARNING - No viable dags retrieved from /opt/airflow/dags/podcast_summer2.py
[2022-12-25 20:12:46,331] {processor.py:161} INFO - Processing /opt/airflow/dags/podcast_summer2.py took 0.053 seconds
[2022-12-25 20:13:16,602] {processor.py:153} INFO - Started process (PID=19864) to work on /opt/airflow/dags/podcast_summer2.py
[2022-12-25 20:13:16,603] {processor.py:641} INFO - Processing file /opt/airflow/dags/podcast_summer2.py for tasks to queue
[2022-12-25 20:13:16,604] {logging_mixin.py:115} INFO - [2022-12-25 20:13:16,603] {dagbag.py:507} INFO - Filling up the DagBag from /opt/airflow/dags/podcast_summer2.py
[2022-12-25 20:13:16,645] {logging_mixin.py:115} INFO - [2022-12-25 20:13:16,639] {dagbag.py:320} ERROR - Failed to import: /opt/airflow/dags/podcast_summer2.py
Traceback (most recent call last):
  File "/home/airflow/.local/lib/python3.7/site-packages/airflow/models/dagbag.py", line 317, in parse
    loader.exec_module(new_module)
  File "<frozen importlib._bootstrap_external>", line 728, in exec_module
  File "<frozen importlib._bootstrap>", line 219, in _call_with_frames_removed
  File "/opt/airflow/dags/podcast_summer2.py", line 4, in <module>
    import xmltodict
ModuleNotFoundError: No module named 'xmltodict'
[2022-12-25 20:13:16,647] {processor.py:653} WARNING - No viable dags retrieved from /opt/airflow/dags/podcast_summer2.py
[2022-12-25 20:13:16,677] {processor.py:161} INFO - Processing /opt/airflow/dags/podcast_summer2.py took 0.077 seconds
[2022-12-25 20:13:47,013] {processor.py:153} INFO - Started process (PID=19879) to work on /opt/airflow/dags/podcast_summer2.py
[2022-12-25 20:13:47,014] {processor.py:641} INFO - Processing file /opt/airflow/dags/podcast_summer2.py for tasks to queue
[2022-12-25 20:13:47,014] {logging_mixin.py:115} INFO - [2022-12-25 20:13:47,014] {dagbag.py:507} INFO - Filling up the DagBag from /opt/airflow/dags/podcast_summer2.py
[2022-12-25 20:13:47,050] {logging_mixin.py:115} INFO - [2022-12-25 20:13:47,045] {dagbag.py:320} ERROR - Failed to import: /opt/airflow/dags/podcast_summer2.py
Traceback (most recent call last):
  File "/home/airflow/.local/lib/python3.7/site-packages/airflow/models/dagbag.py", line 317, in parse
    loader.exec_module(new_module)
  File "<frozen importlib._bootstrap_external>", line 728, in exec_module
  File "<frozen importlib._bootstrap>", line 219, in _call_with_frames_removed
  File "/opt/airflow/dags/podcast_summer2.py", line 4, in <module>
    import xmltodict
ModuleNotFoundError: No module named 'xmltodict'
[2022-12-25 20:13:47,051] {processor.py:653} WARNING - No viable dags retrieved from /opt/airflow/dags/podcast_summer2.py
[2022-12-25 20:13:47,067] {processor.py:161} INFO - Processing /opt/airflow/dags/podcast_summer2.py took 0.056 seconds
[2022-12-25 20:14:17,358] {processor.py:153} INFO - Started process (PID=19894) to work on /opt/airflow/dags/podcast_summer2.py
[2022-12-25 20:14:17,358] {processor.py:641} INFO - Processing file /opt/airflow/dags/podcast_summer2.py for tasks to queue
[2022-12-25 20:14:17,359] {logging_mixin.py:115} INFO - [2022-12-25 20:14:17,359] {dagbag.py:507} INFO - Filling up the DagBag from /opt/airflow/dags/podcast_summer2.py
[2022-12-25 20:14:17,392] {logging_mixin.py:115} INFO - [2022-12-25 20:14:17,388] {dagbag.py:320} ERROR - Failed to import: /opt/airflow/dags/podcast_summer2.py
Traceback (most recent call last):
  File "/home/airflow/.local/lib/python3.7/site-packages/airflow/models/dagbag.py", line 317, in parse
    loader.exec_module(new_module)
  File "<frozen importlib._bootstrap_external>", line 728, in exec_module
  File "<frozen importlib._bootstrap>", line 219, in _call_with_frames_removed
  File "/opt/airflow/dags/podcast_summer2.py", line 4, in <module>
    import xmltodict
ModuleNotFoundError: No module named 'xmltodict'
[2022-12-25 20:14:17,394] {processor.py:653} WARNING - No viable dags retrieved from /opt/airflow/dags/podcast_summer2.py
[2022-12-25 20:14:17,421] {processor.py:161} INFO - Processing /opt/airflow/dags/podcast_summer2.py took 0.065 seconds
[2022-12-25 20:14:47,713] {processor.py:153} INFO - Started process (PID=19909) to work on /opt/airflow/dags/podcast_summer2.py
[2022-12-25 20:14:47,713] {processor.py:641} INFO - Processing file /opt/airflow/dags/podcast_summer2.py for tasks to queue
[2022-12-25 20:14:47,714] {logging_mixin.py:115} INFO - [2022-12-25 20:14:47,714] {dagbag.py:507} INFO - Filling up the DagBag from /opt/airflow/dags/podcast_summer2.py
[2022-12-25 20:14:47,749] {logging_mixin.py:115} INFO - [2022-12-25 20:14:47,744] {dagbag.py:320} ERROR - Failed to import: /opt/airflow/dags/podcast_summer2.py
Traceback (most recent call last):
  File "/home/airflow/.local/lib/python3.7/site-packages/airflow/models/dagbag.py", line 317, in parse
    loader.exec_module(new_module)
  File "<frozen importlib._bootstrap_external>", line 728, in exec_module
  File "<frozen importlib._bootstrap>", line 219, in _call_with_frames_removed
  File "/opt/airflow/dags/podcast_summer2.py", line 4, in <module>
    import xmltodict
ModuleNotFoundError: No module named 'xmltodict'
[2022-12-25 20:14:47,751] {processor.py:653} WARNING - No viable dags retrieved from /opt/airflow/dags/podcast_summer2.py
[2022-12-25 20:14:47,768] {processor.py:161} INFO - Processing /opt/airflow/dags/podcast_summer2.py took 0.057 seconds
[2022-12-25 20:15:18,212] {processor.py:153} INFO - Started process (PID=19924) to work on /opt/airflow/dags/podcast_summer2.py
[2022-12-25 20:15:18,213] {processor.py:641} INFO - Processing file /opt/airflow/dags/podcast_summer2.py for tasks to queue
[2022-12-25 20:15:18,213] {logging_mixin.py:115} INFO - [2022-12-25 20:15:18,213] {dagbag.py:507} INFO - Filling up the DagBag from /opt/airflow/dags/podcast_summer2.py
[2022-12-25 20:15:18,252] {logging_mixin.py:115} INFO - [2022-12-25 20:15:18,247] {dagbag.py:320} ERROR - Failed to import: /opt/airflow/dags/podcast_summer2.py
Traceback (most recent call last):
  File "/home/airflow/.local/lib/python3.7/site-packages/airflow/models/dagbag.py", line 317, in parse
    loader.exec_module(new_module)
  File "<frozen importlib._bootstrap_external>", line 728, in exec_module
  File "<frozen importlib._bootstrap>", line 219, in _call_with_frames_removed
  File "/opt/airflow/dags/podcast_summer2.py", line 4, in <module>
    import xmltodict
ModuleNotFoundError: No module named 'xmltodict'
[2022-12-25 20:15:18,254] {processor.py:653} WARNING - No viable dags retrieved from /opt/airflow/dags/podcast_summer2.py
[2022-12-25 20:15:18,269] {processor.py:161} INFO - Processing /opt/airflow/dags/podcast_summer2.py took 0.059 seconds
[2022-12-25 20:15:48,529] {processor.py:153} INFO - Started process (PID=19939) to work on /opt/airflow/dags/podcast_summer2.py
[2022-12-25 20:15:48,530] {processor.py:641} INFO - Processing file /opt/airflow/dags/podcast_summer2.py for tasks to queue
[2022-12-25 20:15:48,530] {logging_mixin.py:115} INFO - [2022-12-25 20:15:48,530] {dagbag.py:507} INFO - Filling up the DagBag from /opt/airflow/dags/podcast_summer2.py
[2022-12-25 20:15:48,567] {logging_mixin.py:115} INFO - [2022-12-25 20:15:48,563] {dagbag.py:320} ERROR - Failed to import: /opt/airflow/dags/podcast_summer2.py
Traceback (most recent call last):
  File "/home/airflow/.local/lib/python3.7/site-packages/airflow/models/dagbag.py", line 317, in parse
    loader.exec_module(new_module)
  File "<frozen importlib._bootstrap_external>", line 728, in exec_module
  File "<frozen importlib._bootstrap>", line 219, in _call_with_frames_removed
  File "/opt/airflow/dags/podcast_summer2.py", line 4, in <module>
    import xmltodict
ModuleNotFoundError: No module named 'xmltodict'
[2022-12-25 20:15:48,569] {processor.py:653} WARNING - No viable dags retrieved from /opt/airflow/dags/podcast_summer2.py
[2022-12-25 20:15:48,596] {processor.py:161} INFO - Processing /opt/airflow/dags/podcast_summer2.py took 0.069 seconds
[2022-12-25 20:16:18,879] {processor.py:153} INFO - Started process (PID=19954) to work on /opt/airflow/dags/podcast_summer2.py
[2022-12-25 20:16:18,880] {processor.py:641} INFO - Processing file /opt/airflow/dags/podcast_summer2.py for tasks to queue
[2022-12-25 20:16:18,880] {logging_mixin.py:115} INFO - [2022-12-25 20:16:18,880] {dagbag.py:507} INFO - Filling up the DagBag from /opt/airflow/dags/podcast_summer2.py
[2022-12-25 20:16:18,917] {logging_mixin.py:115} INFO - [2022-12-25 20:16:18,912] {dagbag.py:320} ERROR - Failed to import: /opt/airflow/dags/podcast_summer2.py
Traceback (most recent call last):
  File "/home/airflow/.local/lib/python3.7/site-packages/airflow/models/dagbag.py", line 317, in parse
    loader.exec_module(new_module)
  File "<frozen importlib._bootstrap_external>", line 728, in exec_module
  File "<frozen importlib._bootstrap>", line 219, in _call_with_frames_removed
  File "/opt/airflow/dags/podcast_summer2.py", line 4, in <module>
    import xmltodict
ModuleNotFoundError: No module named 'xmltodict'
[2022-12-25 20:16:18,919] {processor.py:653} WARNING - No viable dags retrieved from /opt/airflow/dags/podcast_summer2.py
[2022-12-25 20:16:18,946] {processor.py:161} INFO - Processing /opt/airflow/dags/podcast_summer2.py took 0.069 seconds
[2022-12-25 20:16:49,179] {processor.py:153} INFO - Started process (PID=19969) to work on /opt/airflow/dags/podcast_summer2.py
[2022-12-25 20:16:49,179] {processor.py:641} INFO - Processing file /opt/airflow/dags/podcast_summer2.py for tasks to queue
[2022-12-25 20:16:49,180] {logging_mixin.py:115} INFO - [2022-12-25 20:16:49,180] {dagbag.py:507} INFO - Filling up the DagBag from /opt/airflow/dags/podcast_summer2.py
[2022-12-25 20:16:49,213] {logging_mixin.py:115} INFO - [2022-12-25 20:16:49,209] {dagbag.py:320} ERROR - Failed to import: /opt/airflow/dags/podcast_summer2.py
Traceback (most recent call last):
  File "/home/airflow/.local/lib/python3.7/site-packages/airflow/models/dagbag.py", line 317, in parse
    loader.exec_module(new_module)
  File "<frozen importlib._bootstrap_external>", line 728, in exec_module
  File "<frozen importlib._bootstrap>", line 219, in _call_with_frames_removed
  File "/opt/airflow/dags/podcast_summer2.py", line 4, in <module>
    import xmltodict
ModuleNotFoundError: No module named 'xmltodict'
[2022-12-25 20:16:49,215] {processor.py:653} WARNING - No viable dags retrieved from /opt/airflow/dags/podcast_summer2.py
[2022-12-25 20:16:49,229] {processor.py:161} INFO - Processing /opt/airflow/dags/podcast_summer2.py took 0.052 seconds
[2022-12-25 20:17:19,532] {processor.py:153} INFO - Started process (PID=19984) to work on /opt/airflow/dags/podcast_summer2.py
[2022-12-25 20:17:19,533] {processor.py:641} INFO - Processing file /opt/airflow/dags/podcast_summer2.py for tasks to queue
[2022-12-25 20:17:19,533] {logging_mixin.py:115} INFO - [2022-12-25 20:17:19,533] {dagbag.py:507} INFO - Filling up the DagBag from /opt/airflow/dags/podcast_summer2.py
[2022-12-25 20:17:19,569] {logging_mixin.py:115} INFO - [2022-12-25 20:17:19,564] {dagbag.py:320} ERROR - Failed to import: /opt/airflow/dags/podcast_summer2.py
Traceback (most recent call last):
  File "/home/airflow/.local/lib/python3.7/site-packages/airflow/models/dagbag.py", line 317, in parse
    loader.exec_module(new_module)
  File "<frozen importlib._bootstrap_external>", line 728, in exec_module
  File "<frozen importlib._bootstrap>", line 219, in _call_with_frames_removed
  File "/opt/airflow/dags/podcast_summer2.py", line 4, in <module>
    import xmltodict
ModuleNotFoundError: No module named 'xmltodict'
[2022-12-25 20:17:19,571] {processor.py:653} WARNING - No viable dags retrieved from /opt/airflow/dags/podcast_summer2.py
[2022-12-25 20:17:19,586] {processor.py:161} INFO - Processing /opt/airflow/dags/podcast_summer2.py took 0.056 seconds
[2022-12-25 20:17:49,820] {processor.py:153} INFO - Started process (PID=19999) to work on /opt/airflow/dags/podcast_summer2.py
[2022-12-25 20:17:49,820] {processor.py:641} INFO - Processing file /opt/airflow/dags/podcast_summer2.py for tasks to queue
[2022-12-25 20:17:49,821] {logging_mixin.py:115} INFO - [2022-12-25 20:17:49,821] {dagbag.py:507} INFO - Filling up the DagBag from /opt/airflow/dags/podcast_summer2.py
[2022-12-25 20:17:49,858] {logging_mixin.py:115} INFO - [2022-12-25 20:17:49,852] {dagbag.py:320} ERROR - Failed to import: /opt/airflow/dags/podcast_summer2.py
Traceback (most recent call last):
  File "/home/airflow/.local/lib/python3.7/site-packages/airflow/models/dagbag.py", line 317, in parse
    loader.exec_module(new_module)
  File "<frozen importlib._bootstrap_external>", line 728, in exec_module
  File "<frozen importlib._bootstrap>", line 219, in _call_with_frames_removed
  File "/opt/airflow/dags/podcast_summer2.py", line 4, in <module>
    import xmltodict
ModuleNotFoundError: No module named 'xmltodict'
[2022-12-25 20:17:49,861] {processor.py:653} WARNING - No viable dags retrieved from /opt/airflow/dags/podcast_summer2.py
[2022-12-25 20:17:49,888] {processor.py:161} INFO - Processing /opt/airflow/dags/podcast_summer2.py took 0.071 seconds
[2022-12-25 20:18:20,172] {processor.py:153} INFO - Started process (PID=20014) to work on /opt/airflow/dags/podcast_summer2.py
[2022-12-25 20:18:20,173] {processor.py:641} INFO - Processing file /opt/airflow/dags/podcast_summer2.py for tasks to queue
[2022-12-25 20:18:20,173] {logging_mixin.py:115} INFO - [2022-12-25 20:18:20,173] {dagbag.py:507} INFO - Filling up the DagBag from /opt/airflow/dags/podcast_summer2.py
[2022-12-25 20:18:20,206] {logging_mixin.py:115} INFO - [2022-12-25 20:18:20,202] {dagbag.py:320} ERROR - Failed to import: /opt/airflow/dags/podcast_summer2.py
Traceback (most recent call last):
  File "/home/airflow/.local/lib/python3.7/site-packages/airflow/models/dagbag.py", line 317, in parse
    loader.exec_module(new_module)
  File "<frozen importlib._bootstrap_external>", line 728, in exec_module
  File "<frozen importlib._bootstrap>", line 219, in _call_with_frames_removed
  File "/opt/airflow/dags/podcast_summer2.py", line 4, in <module>
    import xmltodict
ModuleNotFoundError: No module named 'xmltodict'
[2022-12-25 20:18:20,208] {processor.py:653} WARNING - No viable dags retrieved from /opt/airflow/dags/podcast_summer2.py
[2022-12-25 20:18:20,233] {processor.py:161} INFO - Processing /opt/airflow/dags/podcast_summer2.py took 0.063 seconds
[2022-12-25 20:18:50,493] {processor.py:153} INFO - Started process (PID=20029) to work on /opt/airflow/dags/podcast_summer2.py
[2022-12-25 20:18:50,493] {processor.py:641} INFO - Processing file /opt/airflow/dags/podcast_summer2.py for tasks to queue
[2022-12-25 20:18:50,494] {logging_mixin.py:115} INFO - [2022-12-25 20:18:50,494] {dagbag.py:507} INFO - Filling up the DagBag from /opt/airflow/dags/podcast_summer2.py
[2022-12-25 20:18:50,527] {logging_mixin.py:115} INFO - [2022-12-25 20:18:50,523] {dagbag.py:320} ERROR - Failed to import: /opt/airflow/dags/podcast_summer2.py
Traceback (most recent call last):
  File "/home/airflow/.local/lib/python3.7/site-packages/airflow/models/dagbag.py", line 317, in parse
    loader.exec_module(new_module)
  File "<frozen importlib._bootstrap_external>", line 728, in exec_module
  File "<frozen importlib._bootstrap>", line 219, in _call_with_frames_removed
  File "/opt/airflow/dags/podcast_summer2.py", line 4, in <module>
    import xmltodict
ModuleNotFoundError: No module named 'xmltodict'
[2022-12-25 20:18:50,529] {processor.py:653} WARNING - No viable dags retrieved from /opt/airflow/dags/podcast_summer2.py
[2022-12-25 20:18:50,554] {processor.py:161} INFO - Processing /opt/airflow/dags/podcast_summer2.py took 0.063 seconds
[2022-12-25 20:19:20,832] {processor.py:153} INFO - Started process (PID=20044) to work on /opt/airflow/dags/podcast_summer2.py
[2022-12-25 20:19:20,832] {processor.py:641} INFO - Processing file /opt/airflow/dags/podcast_summer2.py for tasks to queue
[2022-12-25 20:19:20,833] {logging_mixin.py:115} INFO - [2022-12-25 20:19:20,833] {dagbag.py:507} INFO - Filling up the DagBag from /opt/airflow/dags/podcast_summer2.py
[2022-12-25 20:19:20,868] {logging_mixin.py:115} INFO - [2022-12-25 20:19:20,864] {dagbag.py:320} ERROR - Failed to import: /opt/airflow/dags/podcast_summer2.py
Traceback (most recent call last):
  File "/home/airflow/.local/lib/python3.7/site-packages/airflow/models/dagbag.py", line 317, in parse
    loader.exec_module(new_module)
  File "<frozen importlib._bootstrap_external>", line 728, in exec_module
  File "<frozen importlib._bootstrap>", line 219, in _call_with_frames_removed
  File "/opt/airflow/dags/podcast_summer2.py", line 4, in <module>
    import xmltodict
ModuleNotFoundError: No module named 'xmltodict'
[2022-12-25 20:19:20,870] {processor.py:653} WARNING - No viable dags retrieved from /opt/airflow/dags/podcast_summer2.py
[2022-12-25 20:19:20,884] {processor.py:161} INFO - Processing /opt/airflow/dags/podcast_summer2.py took 0.054 seconds
[2022-12-25 20:19:51,179] {processor.py:153} INFO - Started process (PID=20059) to work on /opt/airflow/dags/podcast_summer2.py
[2022-12-25 20:19:51,179] {processor.py:641} INFO - Processing file /opt/airflow/dags/podcast_summer2.py for tasks to queue
[2022-12-25 20:19:51,180] {logging_mixin.py:115} INFO - [2022-12-25 20:19:51,180] {dagbag.py:507} INFO - Filling up the DagBag from /opt/airflow/dags/podcast_summer2.py
[2022-12-25 20:19:51,214] {logging_mixin.py:115} INFO - [2022-12-25 20:19:51,209] {dagbag.py:320} ERROR - Failed to import: /opt/airflow/dags/podcast_summer2.py
Traceback (most recent call last):
  File "/home/airflow/.local/lib/python3.7/site-packages/airflow/models/dagbag.py", line 317, in parse
    loader.exec_module(new_module)
  File "<frozen importlib._bootstrap_external>", line 728, in exec_module
  File "<frozen importlib._bootstrap>", line 219, in _call_with_frames_removed
  File "/opt/airflow/dags/podcast_summer2.py", line 4, in <module>
    import xmltodict
ModuleNotFoundError: No module named 'xmltodict'
[2022-12-25 20:19:51,216] {processor.py:653} WARNING - No viable dags retrieved from /opt/airflow/dags/podcast_summer2.py
[2022-12-25 20:19:51,242] {processor.py:161} INFO - Processing /opt/airflow/dags/podcast_summer2.py took 0.064 seconds
[2022-12-25 20:20:21,547] {processor.py:153} INFO - Started process (PID=20074) to work on /opt/airflow/dags/podcast_summer2.py
[2022-12-25 20:20:21,548] {processor.py:641} INFO - Processing file /opt/airflow/dags/podcast_summer2.py for tasks to queue
[2022-12-25 20:20:21,549] {logging_mixin.py:115} INFO - [2022-12-25 20:20:21,548] {dagbag.py:507} INFO - Filling up the DagBag from /opt/airflow/dags/podcast_summer2.py
[2022-12-25 20:20:21,588] {logging_mixin.py:115} INFO - [2022-12-25 20:20:21,581] {dagbag.py:320} ERROR - Failed to import: /opt/airflow/dags/podcast_summer2.py
Traceback (most recent call last):
  File "/home/airflow/.local/lib/python3.7/site-packages/airflow/models/dagbag.py", line 317, in parse
    loader.exec_module(new_module)
  File "<frozen importlib._bootstrap_external>", line 728, in exec_module
  File "<frozen importlib._bootstrap>", line 219, in _call_with_frames_removed
  File "/opt/airflow/dags/podcast_summer2.py", line 4, in <module>
    import xmltodict
ModuleNotFoundError: No module named 'xmltodict'
[2022-12-25 20:20:21,592] {processor.py:653} WARNING - No viable dags retrieved from /opt/airflow/dags/podcast_summer2.py
[2022-12-25 20:20:21,617] {processor.py:161} INFO - Processing /opt/airflow/dags/podcast_summer2.py took 0.072 seconds
[2022-12-25 20:20:51,848] {processor.py:153} INFO - Started process (PID=20089) to work on /opt/airflow/dags/podcast_summer2.py
[2022-12-25 20:20:51,849] {processor.py:641} INFO - Processing file /opt/airflow/dags/podcast_summer2.py for tasks to queue
[2022-12-25 20:20:51,849] {logging_mixin.py:115} INFO - [2022-12-25 20:20:51,849] {dagbag.py:507} INFO - Filling up the DagBag from /opt/airflow/dags/podcast_summer2.py
[2022-12-25 20:20:51,882] {logging_mixin.py:115} INFO - [2022-12-25 20:20:51,878] {dagbag.py:320} ERROR - Failed to import: /opt/airflow/dags/podcast_summer2.py
Traceback (most recent call last):
  File "/home/airflow/.local/lib/python3.7/site-packages/airflow/models/dagbag.py", line 317, in parse
    loader.exec_module(new_module)
  File "<frozen importlib._bootstrap_external>", line 728, in exec_module
  File "<frozen importlib._bootstrap>", line 219, in _call_with_frames_removed
  File "/opt/airflow/dags/podcast_summer2.py", line 4, in <module>
    import xmltodict
ModuleNotFoundError: No module named 'xmltodict'
[2022-12-25 20:20:51,883] {processor.py:653} WARNING - No viable dags retrieved from /opt/airflow/dags/podcast_summer2.py
[2022-12-25 20:20:51,897] {processor.py:161} INFO - Processing /opt/airflow/dags/podcast_summer2.py took 0.051 seconds
[2022-12-25 20:21:22,151] {processor.py:153} INFO - Started process (PID=20104) to work on /opt/airflow/dags/podcast_summer2.py
[2022-12-25 20:21:22,152] {processor.py:641} INFO - Processing file /opt/airflow/dags/podcast_summer2.py for tasks to queue
[2022-12-25 20:21:22,152] {logging_mixin.py:115} INFO - [2022-12-25 20:21:22,152] {dagbag.py:507} INFO - Filling up the DagBag from /opt/airflow/dags/podcast_summer2.py
[2022-12-25 20:21:22,187] {logging_mixin.py:115} INFO - [2022-12-25 20:21:22,182] {dagbag.py:320} ERROR - Failed to import: /opt/airflow/dags/podcast_summer2.py
Traceback (most recent call last):
  File "/home/airflow/.local/lib/python3.7/site-packages/airflow/models/dagbag.py", line 317, in parse
    loader.exec_module(new_module)
  File "<frozen importlib._bootstrap_external>", line 728, in exec_module
  File "<frozen importlib._bootstrap>", line 219, in _call_with_frames_removed
  File "/opt/airflow/dags/podcast_summer2.py", line 4, in <module>
    import xmltodict
ModuleNotFoundError: No module named 'xmltodict'
[2022-12-25 20:21:22,188] {processor.py:653} WARNING - No viable dags retrieved from /opt/airflow/dags/podcast_summer2.py
[2022-12-25 20:21:22,202] {processor.py:161} INFO - Processing /opt/airflow/dags/podcast_summer2.py took 0.053 seconds
[2022-12-25 20:21:52,464] {processor.py:153} INFO - Started process (PID=20119) to work on /opt/airflow/dags/podcast_summer2.py
[2022-12-25 20:21:52,467] {processor.py:641} INFO - Processing file /opt/airflow/dags/podcast_summer2.py for tasks to queue
[2022-12-25 20:21:52,470] {logging_mixin.py:115} INFO - [2022-12-25 20:21:52,470] {dagbag.py:507} INFO - Filling up the DagBag from /opt/airflow/dags/podcast_summer2.py
[2022-12-25 20:21:52,521] {logging_mixin.py:115} INFO - [2022-12-25 20:21:52,514] {dagbag.py:320} ERROR - Failed to import: /opt/airflow/dags/podcast_summer2.py
Traceback (most recent call last):
  File "/home/airflow/.local/lib/python3.7/site-packages/airflow/models/dagbag.py", line 317, in parse
    loader.exec_module(new_module)
  File "<frozen importlib._bootstrap_external>", line 728, in exec_module
  File "<frozen importlib._bootstrap>", line 219, in _call_with_frames_removed
  File "/opt/airflow/dags/podcast_summer2.py", line 4, in <module>
    import xmltodict
ModuleNotFoundError: No module named 'xmltodict'
[2022-12-25 20:21:52,524] {processor.py:653} WARNING - No viable dags retrieved from /opt/airflow/dags/podcast_summer2.py
[2022-12-25 20:21:52,542] {processor.py:161} INFO - Processing /opt/airflow/dags/podcast_summer2.py took 0.082 seconds
[2022-12-25 20:22:22,863] {processor.py:153} INFO - Started process (PID=20134) to work on /opt/airflow/dags/podcast_summer2.py
[2022-12-25 20:22:22,864] {processor.py:641} INFO - Processing file /opt/airflow/dags/podcast_summer2.py for tasks to queue
[2022-12-25 20:22:22,865] {logging_mixin.py:115} INFO - [2022-12-25 20:22:22,865] {dagbag.py:507} INFO - Filling up the DagBag from /opt/airflow/dags/podcast_summer2.py
[2022-12-25 20:22:22,900] {logging_mixin.py:115} INFO - [2022-12-25 20:22:22,896] {dagbag.py:320} ERROR - Failed to import: /opt/airflow/dags/podcast_summer2.py
Traceback (most recent call last):
  File "/home/airflow/.local/lib/python3.7/site-packages/airflow/models/dagbag.py", line 317, in parse
    loader.exec_module(new_module)
  File "<frozen importlib._bootstrap_external>", line 728, in exec_module
  File "<frozen importlib._bootstrap>", line 219, in _call_with_frames_removed
  File "/opt/airflow/dags/podcast_summer2.py", line 4, in <module>
    import xmltodict
ModuleNotFoundError: No module named 'xmltodict'
[2022-12-25 20:22:22,902] {processor.py:653} WARNING - No viable dags retrieved from /opt/airflow/dags/podcast_summer2.py
[2022-12-25 20:22:22,915] {processor.py:161} INFO - Processing /opt/airflow/dags/podcast_summer2.py took 0.054 seconds
[2022-12-25 20:22:53,175] {processor.py:153} INFO - Started process (PID=20149) to work on /opt/airflow/dags/podcast_summer2.py
[2022-12-25 20:22:53,175] {processor.py:641} INFO - Processing file /opt/airflow/dags/podcast_summer2.py for tasks to queue
[2022-12-25 20:22:53,176] {logging_mixin.py:115} INFO - [2022-12-25 20:22:53,176] {dagbag.py:507} INFO - Filling up the DagBag from /opt/airflow/dags/podcast_summer2.py
[2022-12-25 20:22:53,210] {logging_mixin.py:115} INFO - [2022-12-25 20:22:53,206] {dagbag.py:320} ERROR - Failed to import: /opt/airflow/dags/podcast_summer2.py
Traceback (most recent call last):
  File "/home/airflow/.local/lib/python3.7/site-packages/airflow/models/dagbag.py", line 317, in parse
    loader.exec_module(new_module)
  File "<frozen importlib._bootstrap_external>", line 728, in exec_module
  File "<frozen importlib._bootstrap>", line 219, in _call_with_frames_removed
  File "/opt/airflow/dags/podcast_summer2.py", line 4, in <module>
    import xmltodict
ModuleNotFoundError: No module named 'xmltodict'
[2022-12-25 20:22:53,212] {processor.py:653} WARNING - No viable dags retrieved from /opt/airflow/dags/podcast_summer2.py
[2022-12-25 20:22:53,226] {processor.py:161} INFO - Processing /opt/airflow/dags/podcast_summer2.py took 0.054 seconds
[2022-12-25 20:23:23,502] {processor.py:153} INFO - Started process (PID=20164) to work on /opt/airflow/dags/podcast_summer2.py
[2022-12-25 20:23:23,502] {processor.py:641} INFO - Processing file /opt/airflow/dags/podcast_summer2.py for tasks to queue
[2022-12-25 20:23:23,503] {logging_mixin.py:115} INFO - [2022-12-25 20:23:23,503] {dagbag.py:507} INFO - Filling up the DagBag from /opt/airflow/dags/podcast_summer2.py
[2022-12-25 20:23:23,539] {logging_mixin.py:115} INFO - [2022-12-25 20:23:23,534] {dagbag.py:320} ERROR - Failed to import: /opt/airflow/dags/podcast_summer2.py
Traceback (most recent call last):
  File "/home/airflow/.local/lib/python3.7/site-packages/airflow/models/dagbag.py", line 317, in parse
    loader.exec_module(new_module)
  File "<frozen importlib._bootstrap_external>", line 728, in exec_module
  File "<frozen importlib._bootstrap>", line 219, in _call_with_frames_removed
  File "/opt/airflow/dags/podcast_summer2.py", line 4, in <module>
    import xmltodict
ModuleNotFoundError: No module named 'xmltodict'
[2022-12-25 20:23:23,543] {processor.py:653} WARNING - No viable dags retrieved from /opt/airflow/dags/podcast_summer2.py
[2022-12-25 20:23:23,559] {processor.py:161} INFO - Processing /opt/airflow/dags/podcast_summer2.py took 0.059 seconds
[2022-12-25 20:23:53,825] {processor.py:153} INFO - Started process (PID=20179) to work on /opt/airflow/dags/podcast_summer2.py
[2022-12-25 20:23:53,825] {processor.py:641} INFO - Processing file /opt/airflow/dags/podcast_summer2.py for tasks to queue
[2022-12-25 20:23:53,826] {logging_mixin.py:115} INFO - [2022-12-25 20:23:53,826] {dagbag.py:507} INFO - Filling up the DagBag from /opt/airflow/dags/podcast_summer2.py
[2022-12-25 20:23:53,860] {logging_mixin.py:115} INFO - [2022-12-25 20:23:53,855] {dagbag.py:320} ERROR - Failed to import: /opt/airflow/dags/podcast_summer2.py
Traceback (most recent call last):
  File "/home/airflow/.local/lib/python3.7/site-packages/airflow/models/dagbag.py", line 317, in parse
    loader.exec_module(new_module)
  File "<frozen importlib._bootstrap_external>", line 728, in exec_module
  File "<frozen importlib._bootstrap>", line 219, in _call_with_frames_removed
  File "/opt/airflow/dags/podcast_summer2.py", line 4, in <module>
    import xmltodict
ModuleNotFoundError: No module named 'xmltodict'
[2022-12-25 20:23:53,861] {processor.py:653} WARNING - No viable dags retrieved from /opt/airflow/dags/podcast_summer2.py
[2022-12-25 20:23:53,875] {processor.py:161} INFO - Processing /opt/airflow/dags/podcast_summer2.py took 0.052 seconds
[2022-12-25 20:24:24,144] {processor.py:153} INFO - Started process (PID=20194) to work on /opt/airflow/dags/podcast_summer2.py
[2022-12-25 20:24:24,145] {processor.py:641} INFO - Processing file /opt/airflow/dags/podcast_summer2.py for tasks to queue
[2022-12-25 20:24:24,145] {logging_mixin.py:115} INFO - [2022-12-25 20:24:24,145] {dagbag.py:507} INFO - Filling up the DagBag from /opt/airflow/dags/podcast_summer2.py
[2022-12-25 20:24:24,188] {logging_mixin.py:115} INFO - [2022-12-25 20:24:24,183] {dagbag.py:320} ERROR - Failed to import: /opt/airflow/dags/podcast_summer2.py
Traceback (most recent call last):
  File "/home/airflow/.local/lib/python3.7/site-packages/airflow/models/dagbag.py", line 317, in parse
    loader.exec_module(new_module)
  File "<frozen importlib._bootstrap_external>", line 728, in exec_module
  File "<frozen importlib._bootstrap>", line 219, in _call_with_frames_removed
  File "/opt/airflow/dags/podcast_summer2.py", line 4, in <module>
    import xmltodict
ModuleNotFoundError: No module named 'xmltodict'
[2022-12-25 20:24:24,190] {processor.py:653} WARNING - No viable dags retrieved from /opt/airflow/dags/podcast_summer2.py
[2022-12-25 20:24:24,219] {processor.py:161} INFO - Processing /opt/airflow/dags/podcast_summer2.py took 0.077 seconds
[2022-12-25 20:27:45,280] {processor.py:153} INFO - Started process (PID=219) to work on /opt/airflow/dags/podcast_summer2.py
[2022-12-25 20:27:45,281] {processor.py:641} INFO - Processing file /opt/airflow/dags/podcast_summer2.py for tasks to queue
[2022-12-25 20:27:45,282] {logging_mixin.py:115} INFO - [2022-12-25 20:27:45,282] {dagbag.py:507} INFO - Filling up the DagBag from /opt/airflow/dags/podcast_summer2.py
[2022-12-25 20:27:45,341] {logging_mixin.py:115} INFO - [2022-12-25 20:27:45,335] {dagbag.py:320} ERROR - Failed to import: /opt/airflow/dags/podcast_summer2.py
Traceback (most recent call last):
  File "/home/airflow/.local/lib/python3.7/site-packages/airflow/models/dagbag.py", line 317, in parse
    loader.exec_module(new_module)
  File "<frozen importlib._bootstrap_external>", line 728, in exec_module
  File "<frozen importlib._bootstrap>", line 219, in _call_with_frames_removed
  File "/opt/airflow/dags/podcast_summer2.py", line 4, in <module>
    import xmltodict
ModuleNotFoundError: No module named 'xmltodict'
[2022-12-25 20:27:45,343] {processor.py:653} WARNING - No viable dags retrieved from /opt/airflow/dags/podcast_summer2.py
[2022-12-25 20:27:45,363] {processor.py:161} INFO - Processing /opt/airflow/dags/podcast_summer2.py took 0.087 seconds
[2022-12-25 20:28:15,712] {processor.py:153} INFO - Started process (PID=234) to work on /opt/airflow/dags/podcast_summer2.py
[2022-12-25 20:28:15,713] {processor.py:641} INFO - Processing file /opt/airflow/dags/podcast_summer2.py for tasks to queue
[2022-12-25 20:28:15,714] {logging_mixin.py:115} INFO - [2022-12-25 20:28:15,714] {dagbag.py:507} INFO - Filling up the DagBag from /opt/airflow/dags/podcast_summer2.py
[2022-12-25 20:28:15,760] {logging_mixin.py:115} INFO - [2022-12-25 20:28:15,754] {dagbag.py:320} ERROR - Failed to import: /opt/airflow/dags/podcast_summer2.py
Traceback (most recent call last):
  File "/home/airflow/.local/lib/python3.7/site-packages/airflow/models/dagbag.py", line 317, in parse
    loader.exec_module(new_module)
  File "<frozen importlib._bootstrap_external>", line 728, in exec_module
  File "<frozen importlib._bootstrap>", line 219, in _call_with_frames_removed
  File "/opt/airflow/dags/podcast_summer2.py", line 4, in <module>
    import xmltodict
ModuleNotFoundError: No module named 'xmltodict'
[2022-12-25 20:28:15,763] {processor.py:653} WARNING - No viable dags retrieved from /opt/airflow/dags/podcast_summer2.py
[2022-12-25 20:28:15,793] {processor.py:161} INFO - Processing /opt/airflow/dags/podcast_summer2.py took 0.084 seconds
[2022-12-25 20:28:46,026] {processor.py:153} INFO - Started process (PID=249) to work on /opt/airflow/dags/podcast_summer2.py
[2022-12-25 20:28:46,027] {processor.py:641} INFO - Processing file /opt/airflow/dags/podcast_summer2.py for tasks to queue
[2022-12-25 20:28:46,027] {logging_mixin.py:115} INFO - [2022-12-25 20:28:46,027] {dagbag.py:507} INFO - Filling up the DagBag from /opt/airflow/dags/podcast_summer2.py
[2022-12-25 20:28:46,066] {logging_mixin.py:115} INFO - [2022-12-25 20:28:46,061] {dagbag.py:320} ERROR - Failed to import: /opt/airflow/dags/podcast_summer2.py
Traceback (most recent call last):
  File "/home/airflow/.local/lib/python3.7/site-packages/airflow/models/dagbag.py", line 317, in parse
    loader.exec_module(new_module)
  File "<frozen importlib._bootstrap_external>", line 728, in exec_module
  File "<frozen importlib._bootstrap>", line 219, in _call_with_frames_removed
  File "/opt/airflow/dags/podcast_summer2.py", line 4, in <module>
    import xmltodict
ModuleNotFoundError: No module named 'xmltodict'
[2022-12-25 20:28:46,067] {processor.py:653} WARNING - No viable dags retrieved from /opt/airflow/dags/podcast_summer2.py
[2022-12-25 20:28:46,083] {processor.py:161} INFO - Processing /opt/airflow/dags/podcast_summer2.py took 0.059 seconds
[2022-12-25 20:29:16,315] {processor.py:153} INFO - Started process (PID=264) to work on /opt/airflow/dags/podcast_summer2.py
[2022-12-25 20:29:16,316] {processor.py:641} INFO - Processing file /opt/airflow/dags/podcast_summer2.py for tasks to queue
[2022-12-25 20:29:16,316] {logging_mixin.py:115} INFO - [2022-12-25 20:29:16,316] {dagbag.py:507} INFO - Filling up the DagBag from /opt/airflow/dags/podcast_summer2.py
[2022-12-25 20:29:16,354] {logging_mixin.py:115} INFO - [2022-12-25 20:29:16,350] {dagbag.py:320} ERROR - Failed to import: /opt/airflow/dags/podcast_summer2.py
Traceback (most recent call last):
  File "/home/airflow/.local/lib/python3.7/site-packages/airflow/models/dagbag.py", line 317, in parse
    loader.exec_module(new_module)
  File "<frozen importlib._bootstrap_external>", line 728, in exec_module
  File "<frozen importlib._bootstrap>", line 219, in _call_with_frames_removed
  File "/opt/airflow/dags/podcast_summer2.py", line 4, in <module>
    import xmltodict
ModuleNotFoundError: No module named 'xmltodict'
[2022-12-25 20:29:16,356] {processor.py:653} WARNING - No viable dags retrieved from /opt/airflow/dags/podcast_summer2.py
[2022-12-25 20:29:16,382] {processor.py:161} INFO - Processing /opt/airflow/dags/podcast_summer2.py took 0.070 seconds
[2022-12-25 20:29:46,605] {processor.py:153} INFO - Started process (PID=279) to work on /opt/airflow/dags/podcast_summer2.py
[2022-12-25 20:29:46,606] {processor.py:641} INFO - Processing file /opt/airflow/dags/podcast_summer2.py for tasks to queue
[2022-12-25 20:29:46,606] {logging_mixin.py:115} INFO - [2022-12-25 20:29:46,606] {dagbag.py:507} INFO - Filling up the DagBag from /opt/airflow/dags/podcast_summer2.py
[2022-12-25 20:29:46,643] {logging_mixin.py:115} INFO - [2022-12-25 20:29:46,638] {dagbag.py:320} ERROR - Failed to import: /opt/airflow/dags/podcast_summer2.py
Traceback (most recent call last):
  File "/home/airflow/.local/lib/python3.7/site-packages/airflow/models/dagbag.py", line 317, in parse
    loader.exec_module(new_module)
  File "<frozen importlib._bootstrap_external>", line 728, in exec_module
  File "<frozen importlib._bootstrap>", line 219, in _call_with_frames_removed
  File "/opt/airflow/dags/podcast_summer2.py", line 4, in <module>
    import xmltodict
ModuleNotFoundError: No module named 'xmltodict'
[2022-12-25 20:29:46,645] {processor.py:653} WARNING - No viable dags retrieved from /opt/airflow/dags/podcast_summer2.py
[2022-12-25 20:29:46,676] {processor.py:161} INFO - Processing /opt/airflow/dags/podcast_summer2.py took 0.073 seconds
[2022-12-25 20:30:16,897] {processor.py:153} INFO - Started process (PID=294) to work on /opt/airflow/dags/podcast_summer2.py
[2022-12-25 20:30:16,897] {processor.py:641} INFO - Processing file /opt/airflow/dags/podcast_summer2.py for tasks to queue
[2022-12-25 20:30:16,898] {logging_mixin.py:115} INFO - [2022-12-25 20:30:16,898] {dagbag.py:507} INFO - Filling up the DagBag from /opt/airflow/dags/podcast_summer2.py
[2022-12-25 20:30:16,939] {logging_mixin.py:115} INFO - [2022-12-25 20:30:16,934] {dagbag.py:320} ERROR - Failed to import: /opt/airflow/dags/podcast_summer2.py
Traceback (most recent call last):
  File "/home/airflow/.local/lib/python3.7/site-packages/airflow/models/dagbag.py", line 317, in parse
    loader.exec_module(new_module)
  File "<frozen importlib._bootstrap_external>", line 728, in exec_module
  File "<frozen importlib._bootstrap>", line 219, in _call_with_frames_removed
  File "/opt/airflow/dags/podcast_summer2.py", line 4, in <module>
    import xmltodict
ModuleNotFoundError: No module named 'xmltodict'
[2022-12-25 20:30:16,941] {processor.py:653} WARNING - No viable dags retrieved from /opt/airflow/dags/podcast_summer2.py
[2022-12-25 20:30:16,972] {processor.py:161} INFO - Processing /opt/airflow/dags/podcast_summer2.py took 0.078 seconds
[2022-12-25 20:30:47,199] {processor.py:153} INFO - Started process (PID=309) to work on /opt/airflow/dags/podcast_summer2.py
[2022-12-25 20:30:47,200] {processor.py:641} INFO - Processing file /opt/airflow/dags/podcast_summer2.py for tasks to queue
[2022-12-25 20:30:47,201] {logging_mixin.py:115} INFO - [2022-12-25 20:30:47,201] {dagbag.py:507} INFO - Filling up the DagBag from /opt/airflow/dags/podcast_summer2.py
[2022-12-25 20:30:47,240] {logging_mixin.py:115} INFO - [2022-12-25 20:30:47,235] {dagbag.py:320} ERROR - Failed to import: /opt/airflow/dags/podcast_summer2.py
Traceback (most recent call last):
  File "/home/airflow/.local/lib/python3.7/site-packages/airflow/models/dagbag.py", line 317, in parse
    loader.exec_module(new_module)
  File "<frozen importlib._bootstrap_external>", line 728, in exec_module
  File "<frozen importlib._bootstrap>", line 219, in _call_with_frames_removed
  File "/opt/airflow/dags/podcast_summer2.py", line 4, in <module>
    import xmltodict
ModuleNotFoundError: No module named 'xmltodict'
[2022-12-25 20:30:47,242] {processor.py:653} WARNING - No viable dags retrieved from /opt/airflow/dags/podcast_summer2.py
[2022-12-25 20:30:47,268] {processor.py:161} INFO - Processing /opt/airflow/dags/podcast_summer2.py took 0.070 seconds
[2022-12-25 20:31:17,504] {processor.py:153} INFO - Started process (PID=324) to work on /opt/airflow/dags/podcast_summer2.py
[2022-12-25 20:31:17,505] {processor.py:641} INFO - Processing file /opt/airflow/dags/podcast_summer2.py for tasks to queue
[2022-12-25 20:31:17,506] {logging_mixin.py:115} INFO - [2022-12-25 20:31:17,506] {dagbag.py:507} INFO - Filling up the DagBag from /opt/airflow/dags/podcast_summer2.py
[2022-12-25 20:31:17,547] {logging_mixin.py:115} INFO - [2022-12-25 20:31:17,541] {dagbag.py:320} ERROR - Failed to import: /opt/airflow/dags/podcast_summer2.py
Traceback (most recent call last):
  File "/home/airflow/.local/lib/python3.7/site-packages/airflow/models/dagbag.py", line 317, in parse
    loader.exec_module(new_module)
  File "<frozen importlib._bootstrap_external>", line 728, in exec_module
  File "<frozen importlib._bootstrap>", line 219, in _call_with_frames_removed
  File "/opt/airflow/dags/podcast_summer2.py", line 4, in <module>
    import xmltodict
ModuleNotFoundError: No module named 'xmltodict'
[2022-12-25 20:31:17,549] {processor.py:653} WARNING - No viable dags retrieved from /opt/airflow/dags/podcast_summer2.py
[2022-12-25 20:31:17,564] {processor.py:161} INFO - Processing /opt/airflow/dags/podcast_summer2.py took 0.062 seconds
[2022-12-25 20:31:47,826] {processor.py:153} INFO - Started process (PID=339) to work on /opt/airflow/dags/podcast_summer2.py
[2022-12-25 20:31:47,827] {processor.py:641} INFO - Processing file /opt/airflow/dags/podcast_summer2.py for tasks to queue
[2022-12-25 20:31:47,828] {logging_mixin.py:115} INFO - [2022-12-25 20:31:47,827] {dagbag.py:507} INFO - Filling up the DagBag from /opt/airflow/dags/podcast_summer2.py
[2022-12-25 20:31:47,864] {logging_mixin.py:115} INFO - [2022-12-25 20:31:47,860] {dagbag.py:320} ERROR - Failed to import: /opt/airflow/dags/podcast_summer2.py
Traceback (most recent call last):
  File "/home/airflow/.local/lib/python3.7/site-packages/airflow/models/dagbag.py", line 317, in parse
    loader.exec_module(new_module)
  File "<frozen importlib._bootstrap_external>", line 728, in exec_module
  File "<frozen importlib._bootstrap>", line 219, in _call_with_frames_removed
  File "/opt/airflow/dags/podcast_summer2.py", line 4, in <module>
    import xmltodict
ModuleNotFoundError: No module named 'xmltodict'
[2022-12-25 20:31:47,866] {processor.py:653} WARNING - No viable dags retrieved from /opt/airflow/dags/podcast_summer2.py
[2022-12-25 20:31:47,881] {processor.py:161} INFO - Processing /opt/airflow/dags/podcast_summer2.py took 0.057 seconds
[2022-12-25 20:32:18,109] {processor.py:153} INFO - Started process (PID=354) to work on /opt/airflow/dags/podcast_summer2.py
[2022-12-25 20:32:18,110] {processor.py:641} INFO - Processing file /opt/airflow/dags/podcast_summer2.py for tasks to queue
[2022-12-25 20:32:18,110] {logging_mixin.py:115} INFO - [2022-12-25 20:32:18,110] {dagbag.py:507} INFO - Filling up the DagBag from /opt/airflow/dags/podcast_summer2.py
[2022-12-25 20:32:18,146] {logging_mixin.py:115} INFO - [2022-12-25 20:32:18,142] {dagbag.py:320} ERROR - Failed to import: /opt/airflow/dags/podcast_summer2.py
Traceback (most recent call last):
  File "/home/airflow/.local/lib/python3.7/site-packages/airflow/models/dagbag.py", line 317, in parse
    loader.exec_module(new_module)
  File "<frozen importlib._bootstrap_external>", line 728, in exec_module
  File "<frozen importlib._bootstrap>", line 219, in _call_with_frames_removed
  File "/opt/airflow/dags/podcast_summer2.py", line 4, in <module>
    import xmltodict
ModuleNotFoundError: No module named 'xmltodict'
[2022-12-25 20:32:18,148] {processor.py:653} WARNING - No viable dags retrieved from /opt/airflow/dags/podcast_summer2.py
[2022-12-25 20:32:18,173] {processor.py:161} INFO - Processing /opt/airflow/dags/podcast_summer2.py took 0.066 seconds
[2022-12-25 20:32:48,476] {processor.py:153} INFO - Started process (PID=369) to work on /opt/airflow/dags/podcast_summer2.py
[2022-12-25 20:32:48,477] {processor.py:641} INFO - Processing file /opt/airflow/dags/podcast_summer2.py for tasks to queue
[2022-12-25 20:32:48,477] {logging_mixin.py:115} INFO - [2022-12-25 20:32:48,477] {dagbag.py:507} INFO - Filling up the DagBag from /opt/airflow/dags/podcast_summer2.py
[2022-12-25 20:32:48,516] {logging_mixin.py:115} INFO - [2022-12-25 20:32:48,511] {dagbag.py:320} ERROR - Failed to import: /opt/airflow/dags/podcast_summer2.py
Traceback (most recent call last):
  File "/home/airflow/.local/lib/python3.7/site-packages/airflow/models/dagbag.py", line 317, in parse
    loader.exec_module(new_module)
  File "<frozen importlib._bootstrap_external>", line 728, in exec_module
  File "<frozen importlib._bootstrap>", line 219, in _call_with_frames_removed
  File "/opt/airflow/dags/podcast_summer2.py", line 4, in <module>
    import xmltodict
ModuleNotFoundError: No module named 'xmltodict'
[2022-12-25 20:32:48,518] {processor.py:653} WARNING - No viable dags retrieved from /opt/airflow/dags/podcast_summer2.py
[2022-12-25 20:32:48,536] {processor.py:161} INFO - Processing /opt/airflow/dags/podcast_summer2.py took 0.063 seconds
[2022-12-25 20:33:18,782] {processor.py:153} INFO - Started process (PID=384) to work on /opt/airflow/dags/podcast_summer2.py
[2022-12-25 20:33:18,783] {processor.py:641} INFO - Processing file /opt/airflow/dags/podcast_summer2.py for tasks to queue
[2022-12-25 20:33:18,783] {logging_mixin.py:115} INFO - [2022-12-25 20:33:18,783] {dagbag.py:507} INFO - Filling up the DagBag from /opt/airflow/dags/podcast_summer2.py
[2022-12-25 20:33:18,829] {logging_mixin.py:115} INFO - [2022-12-25 20:33:18,823] {dagbag.py:320} ERROR - Failed to import: /opt/airflow/dags/podcast_summer2.py
Traceback (most recent call last):
  File "/home/airflow/.local/lib/python3.7/site-packages/airflow/models/dagbag.py", line 317, in parse
    loader.exec_module(new_module)
  File "<frozen importlib._bootstrap_external>", line 728, in exec_module
  File "<frozen importlib._bootstrap>", line 219, in _call_with_frames_removed
  File "/opt/airflow/dags/podcast_summer2.py", line 4, in <module>
    import xmltodict
ModuleNotFoundError: No module named 'xmltodict'
[2022-12-25 20:33:18,831] {processor.py:653} WARNING - No viable dags retrieved from /opt/airflow/dags/podcast_summer2.py
[2022-12-25 20:33:18,848] {processor.py:161} INFO - Processing /opt/airflow/dags/podcast_summer2.py took 0.069 seconds
[2022-12-25 20:33:49,094] {processor.py:153} INFO - Started process (PID=399) to work on /opt/airflow/dags/podcast_summer2.py
[2022-12-25 20:33:49,094] {processor.py:641} INFO - Processing file /opt/airflow/dags/podcast_summer2.py for tasks to queue
[2022-12-25 20:33:49,095] {logging_mixin.py:115} INFO - [2022-12-25 20:33:49,095] {dagbag.py:507} INFO - Filling up the DagBag from /opt/airflow/dags/podcast_summer2.py
[2022-12-25 20:33:49,134] {logging_mixin.py:115} INFO - [2022-12-25 20:33:49,129] {dagbag.py:320} ERROR - Failed to import: /opt/airflow/dags/podcast_summer2.py
Traceback (most recent call last):
  File "/home/airflow/.local/lib/python3.7/site-packages/airflow/models/dagbag.py", line 317, in parse
    loader.exec_module(new_module)
  File "<frozen importlib._bootstrap_external>", line 728, in exec_module
  File "<frozen importlib._bootstrap>", line 219, in _call_with_frames_removed
  File "/opt/airflow/dags/podcast_summer2.py", line 4, in <module>
    import xmltodict
ModuleNotFoundError: No module named 'xmltodict'
[2022-12-25 20:33:49,136] {processor.py:653} WARNING - No viable dags retrieved from /opt/airflow/dags/podcast_summer2.py
[2022-12-25 20:33:49,150] {processor.py:161} INFO - Processing /opt/airflow/dags/podcast_summer2.py took 0.058 seconds
[2022-12-25 20:34:19,379] {processor.py:153} INFO - Started process (PID=414) to work on /opt/airflow/dags/podcast_summer2.py
[2022-12-25 20:34:19,380] {processor.py:641} INFO - Processing file /opt/airflow/dags/podcast_summer2.py for tasks to queue
[2022-12-25 20:34:19,381] {logging_mixin.py:115} INFO - [2022-12-25 20:34:19,381] {dagbag.py:507} INFO - Filling up the DagBag from /opt/airflow/dags/podcast_summer2.py
[2022-12-25 20:34:19,416] {logging_mixin.py:115} INFO - [2022-12-25 20:34:19,411] {dagbag.py:320} ERROR - Failed to import: /opt/airflow/dags/podcast_summer2.py
Traceback (most recent call last):
  File "/home/airflow/.local/lib/python3.7/site-packages/airflow/models/dagbag.py", line 317, in parse
    loader.exec_module(new_module)
  File "<frozen importlib._bootstrap_external>", line 728, in exec_module
  File "<frozen importlib._bootstrap>", line 219, in _call_with_frames_removed
  File "/opt/airflow/dags/podcast_summer2.py", line 4, in <module>
    import xmltodict
ModuleNotFoundError: No module named 'xmltodict'
[2022-12-25 20:34:19,417] {processor.py:653} WARNING - No viable dags retrieved from /opt/airflow/dags/podcast_summer2.py
[2022-12-25 20:34:19,431] {processor.py:161} INFO - Processing /opt/airflow/dags/podcast_summer2.py took 0.053 seconds
[2022-12-25 20:34:49,656] {processor.py:153} INFO - Started process (PID=429) to work on /opt/airflow/dags/podcast_summer2.py
[2022-12-25 20:34:49,657] {processor.py:641} INFO - Processing file /opt/airflow/dags/podcast_summer2.py for tasks to queue
[2022-12-25 20:34:49,658] {logging_mixin.py:115} INFO - [2022-12-25 20:34:49,658] {dagbag.py:507} INFO - Filling up the DagBag from /opt/airflow/dags/podcast_summer2.py
[2022-12-25 20:34:49,701] {logging_mixin.py:115} INFO - [2022-12-25 20:34:49,695] {dagbag.py:320} ERROR - Failed to import: /opt/airflow/dags/podcast_summer2.py
Traceback (most recent call last):
  File "/home/airflow/.local/lib/python3.7/site-packages/airflow/models/dagbag.py", line 317, in parse
    loader.exec_module(new_module)
  File "<frozen importlib._bootstrap_external>", line 728, in exec_module
  File "<frozen importlib._bootstrap>", line 219, in _call_with_frames_removed
  File "/opt/airflow/dags/podcast_summer2.py", line 4, in <module>
    import xmltodict
ModuleNotFoundError: No module named 'xmltodict'
[2022-12-25 20:34:49,703] {processor.py:653} WARNING - No viable dags retrieved from /opt/airflow/dags/podcast_summer2.py
[2022-12-25 20:34:49,719] {processor.py:161} INFO - Processing /opt/airflow/dags/podcast_summer2.py took 0.065 seconds
[2022-12-25 20:35:06,891] {processor.py:153} INFO - Started process (PID=444) to work on /opt/airflow/dags/podcast_summer2.py
[2022-12-25 20:35:06,892] {processor.py:641} INFO - Processing file /opt/airflow/dags/podcast_summer2.py for tasks to queue
[2022-12-25 20:35:06,893] {logging_mixin.py:115} INFO - [2022-12-25 20:35:06,893] {dagbag.py:507} INFO - Filling up the DagBag from /opt/airflow/dags/podcast_summer2.py
[2022-12-25 20:35:06,942] {logging_mixin.py:115} INFO - [2022-12-25 20:35:06,938] {dagbag.py:320} ERROR - Failed to import: /opt/airflow/dags/podcast_summer2.py
Traceback (most recent call last):
  File "/home/airflow/.local/lib/python3.7/site-packages/airflow/models/dagbag.py", line 317, in parse
    loader.exec_module(new_module)
  File "<frozen importlib._bootstrap_external>", line 728, in exec_module
  File "<frozen importlib._bootstrap>", line 219, in _call_with_frames_removed
  File "/opt/airflow/dags/podcast_summer2.py", line 4, in <module>
    import xmltodict
ModuleNotFoundError: No module named 'xmltodict'
[2022-12-25 20:35:06,944] {processor.py:653} WARNING - No viable dags retrieved from /opt/airflow/dags/podcast_summer2.py
[2022-12-25 20:35:06,957] {processor.py:161} INFO - Processing /opt/airflow/dags/podcast_summer2.py took 0.068 seconds
[2022-12-25 20:35:37,179] {processor.py:153} INFO - Started process (PID=459) to work on /opt/airflow/dags/podcast_summer2.py
[2022-12-25 20:35:37,180] {processor.py:641} INFO - Processing file /opt/airflow/dags/podcast_summer2.py for tasks to queue
[2022-12-25 20:35:37,181] {logging_mixin.py:115} INFO - [2022-12-25 20:35:37,181] {dagbag.py:507} INFO - Filling up the DagBag from /opt/airflow/dags/podcast_summer2.py
[2022-12-25 20:35:37,217] {logging_mixin.py:115} INFO - [2022-12-25 20:35:37,213] {dagbag.py:320} ERROR - Failed to import: /opt/airflow/dags/podcast_summer2.py
Traceback (most recent call last):
  File "/home/airflow/.local/lib/python3.7/site-packages/airflow/models/dagbag.py", line 317, in parse
    loader.exec_module(new_module)
  File "<frozen importlib._bootstrap_external>", line 728, in exec_module
  File "<frozen importlib._bootstrap>", line 219, in _call_with_frames_removed
  File "/opt/airflow/dags/podcast_summer2.py", line 4, in <module>
    import xmltodict
ModuleNotFoundError: No module named 'xmltodict'
[2022-12-25 20:35:37,220] {processor.py:653} WARNING - No viable dags retrieved from /opt/airflow/dags/podcast_summer2.py
[2022-12-25 20:35:37,245] {processor.py:161} INFO - Processing /opt/airflow/dags/podcast_summer2.py took 0.068 seconds
[2022-12-25 20:36:07,448] {processor.py:153} INFO - Started process (PID=474) to work on /opt/airflow/dags/podcast_summer2.py
[2022-12-25 20:36:07,449] {processor.py:641} INFO - Processing file /opt/airflow/dags/podcast_summer2.py for tasks to queue
[2022-12-25 20:36:07,449] {logging_mixin.py:115} INFO - [2022-12-25 20:36:07,449] {dagbag.py:507} INFO - Filling up the DagBag from /opt/airflow/dags/podcast_summer2.py
[2022-12-25 20:36:07,482] {logging_mixin.py:115} INFO - [2022-12-25 20:36:07,478] {dagbag.py:320} ERROR - Failed to import: /opt/airflow/dags/podcast_summer2.py
Traceback (most recent call last):
  File "/home/airflow/.local/lib/python3.7/site-packages/airflow/models/dagbag.py", line 317, in parse
    loader.exec_module(new_module)
  File "<frozen importlib._bootstrap_external>", line 728, in exec_module
  File "<frozen importlib._bootstrap>", line 219, in _call_with_frames_removed
  File "/opt/airflow/dags/podcast_summer2.py", line 4, in <module>
    import xmltodict
ModuleNotFoundError: No module named 'xmltodict'
[2022-12-25 20:36:07,484] {processor.py:653} WARNING - No viable dags retrieved from /opt/airflow/dags/podcast_summer2.py
[2022-12-25 20:36:07,498] {processor.py:161} INFO - Processing /opt/airflow/dags/podcast_summer2.py took 0.052 seconds
[2022-12-25 20:37:13,442] {processor.py:153} INFO - Started process (PID=204) to work on /opt/airflow/dags/podcast_summer2.py
[2022-12-25 20:37:13,443] {processor.py:641} INFO - Processing file /opt/airflow/dags/podcast_summer2.py for tasks to queue
[2022-12-25 20:37:13,443] {logging_mixin.py:115} INFO - [2022-12-25 20:37:13,443] {dagbag.py:507} INFO - Filling up the DagBag from /opt/airflow/dags/podcast_summer2.py
[2022-12-25 20:37:13,497] {logging_mixin.py:115} INFO - [2022-12-25 20:37:13,491] {dagbag.py:320} ERROR - Failed to import: /opt/airflow/dags/podcast_summer2.py
Traceback (most recent call last):
  File "/home/airflow/.local/lib/python3.7/site-packages/airflow/models/dagbag.py", line 317, in parse
    loader.exec_module(new_module)
  File "<frozen importlib._bootstrap_external>", line 728, in exec_module
  File "<frozen importlib._bootstrap>", line 219, in _call_with_frames_removed
  File "/opt/airflow/dags/podcast_summer2.py", line 4, in <module>
    import xmltodict
ModuleNotFoundError: No module named 'xmltodict'
[2022-12-25 20:37:13,499] {processor.py:653} WARNING - No viable dags retrieved from /opt/airflow/dags/podcast_summer2.py
[2022-12-25 20:37:13,518] {processor.py:161} INFO - Processing /opt/airflow/dags/podcast_summer2.py took 0.078 seconds
[2022-12-25 20:37:43,860] {processor.py:153} INFO - Started process (PID=219) to work on /opt/airflow/dags/podcast_summer2.py
[2022-12-25 20:37:43,861] {processor.py:641} INFO - Processing file /opt/airflow/dags/podcast_summer2.py for tasks to queue
[2022-12-25 20:37:43,861] {logging_mixin.py:115} INFO - [2022-12-25 20:37:43,861] {dagbag.py:507} INFO - Filling up the DagBag from /opt/airflow/dags/podcast_summer2.py
[2022-12-25 20:37:43,900] {logging_mixin.py:115} INFO - [2022-12-25 20:37:43,895] {dagbag.py:320} ERROR - Failed to import: /opt/airflow/dags/podcast_summer2.py
Traceback (most recent call last):
  File "/home/airflow/.local/lib/python3.7/site-packages/airflow/models/dagbag.py", line 317, in parse
    loader.exec_module(new_module)
  File "<frozen importlib._bootstrap_external>", line 728, in exec_module
  File "<frozen importlib._bootstrap>", line 219, in _call_with_frames_removed
  File "/opt/airflow/dags/podcast_summer2.py", line 4, in <module>
    import xmltodict
ModuleNotFoundError: No module named 'xmltodict'
[2022-12-25 20:37:43,902] {processor.py:653} WARNING - No viable dags retrieved from /opt/airflow/dags/podcast_summer2.py
[2022-12-25 20:37:43,916] {processor.py:161} INFO - Processing /opt/airflow/dags/podcast_summer2.py took 0.058 seconds
[2022-12-25 20:38:14,150] {processor.py:153} INFO - Started process (PID=244) to work on /opt/airflow/dags/podcast_summer2.py
[2022-12-25 20:38:14,151] {processor.py:641} INFO - Processing file /opt/airflow/dags/podcast_summer2.py for tasks to queue
[2022-12-25 20:38:14,152] {logging_mixin.py:115} INFO - [2022-12-25 20:38:14,152] {dagbag.py:507} INFO - Filling up the DagBag from /opt/airflow/dags/podcast_summer2.py
[2022-12-25 20:38:14,193] {logging_mixin.py:115} INFO - [2022-12-25 20:38:14,189] {dagbag.py:320} ERROR - Failed to import: /opt/airflow/dags/podcast_summer2.py
Traceback (most recent call last):
  File "/home/airflow/.local/lib/python3.7/site-packages/airflow/models/dagbag.py", line 317, in parse
    loader.exec_module(new_module)
  File "<frozen importlib._bootstrap_external>", line 728, in exec_module
  File "<frozen importlib._bootstrap>", line 219, in _call_with_frames_removed
  File "/opt/airflow/dags/podcast_summer2.py", line 4, in <module>
    import xmltodict
ModuleNotFoundError: No module named 'xmltodict'
[2022-12-25 20:38:14,195] {processor.py:653} WARNING - No viable dags retrieved from /opt/airflow/dags/podcast_summer2.py
[2022-12-25 20:38:14,212] {processor.py:161} INFO - Processing /opt/airflow/dags/podcast_summer2.py took 0.063 seconds
[2022-12-25 20:38:44,436] {processor.py:153} INFO - Started process (PID=266) to work on /opt/airflow/dags/podcast_summer2.py
[2022-12-25 20:38:44,436] {processor.py:641} INFO - Processing file /opt/airflow/dags/podcast_summer2.py for tasks to queue
[2022-12-25 20:38:44,437] {logging_mixin.py:115} INFO - [2022-12-25 20:38:44,437] {dagbag.py:507} INFO - Filling up the DagBag from /opt/airflow/dags/podcast_summer2.py
[2022-12-25 20:38:44,472] {logging_mixin.py:115} INFO - [2022-12-25 20:38:44,467] {dagbag.py:320} ERROR - Failed to import: /opt/airflow/dags/podcast_summer2.py
Traceback (most recent call last):
  File "/home/airflow/.local/lib/python3.7/site-packages/airflow/models/dagbag.py", line 317, in parse
    loader.exec_module(new_module)
  File "<frozen importlib._bootstrap_external>", line 728, in exec_module
  File "<frozen importlib._bootstrap>", line 219, in _call_with_frames_removed
  File "/opt/airflow/dags/podcast_summer2.py", line 4, in <module>
    import xmltodict
ModuleNotFoundError: No module named 'xmltodict'
[2022-12-25 20:38:44,474] {processor.py:653} WARNING - No viable dags retrieved from /opt/airflow/dags/podcast_summer2.py
[2022-12-25 20:38:44,491] {processor.py:161} INFO - Processing /opt/airflow/dags/podcast_summer2.py took 0.057 seconds
[2022-12-25 20:39:14,728] {processor.py:153} INFO - Started process (PID=293) to work on /opt/airflow/dags/podcast_summer2.py
[2022-12-25 20:39:14,728] {processor.py:641} INFO - Processing file /opt/airflow/dags/podcast_summer2.py for tasks to queue
[2022-12-25 20:39:14,729] {logging_mixin.py:115} INFO - [2022-12-25 20:39:14,729] {dagbag.py:507} INFO - Filling up the DagBag from /opt/airflow/dags/podcast_summer2.py
[2022-12-25 20:39:14,765] {logging_mixin.py:115} INFO - [2022-12-25 20:39:14,760] {dagbag.py:320} ERROR - Failed to import: /opt/airflow/dags/podcast_summer2.py
Traceback (most recent call last):
  File "/home/airflow/.local/lib/python3.7/site-packages/airflow/models/dagbag.py", line 317, in parse
    loader.exec_module(new_module)
  File "<frozen importlib._bootstrap_external>", line 728, in exec_module
  File "<frozen importlib._bootstrap>", line 219, in _call_with_frames_removed
  File "/opt/airflow/dags/podcast_summer2.py", line 4, in <module>
    import xmltodict
ModuleNotFoundError: No module named 'xmltodict'
[2022-12-25 20:39:14,767] {processor.py:653} WARNING - No viable dags retrieved from /opt/airflow/dags/podcast_summer2.py
[2022-12-25 20:39:14,783] {processor.py:161} INFO - Processing /opt/airflow/dags/podcast_summer2.py took 0.057 seconds
[2022-12-25 20:39:45,013] {processor.py:153} INFO - Started process (PID=309) to work on /opt/airflow/dags/podcast_summer2.py
[2022-12-25 20:39:45,014] {processor.py:641} INFO - Processing file /opt/airflow/dags/podcast_summer2.py for tasks to queue
[2022-12-25 20:39:45,015] {logging_mixin.py:115} INFO - [2022-12-25 20:39:45,015] {dagbag.py:507} INFO - Filling up the DagBag from /opt/airflow/dags/podcast_summer2.py
[2022-12-25 20:39:45,052] {logging_mixin.py:115} INFO - [2022-12-25 20:39:45,047] {dagbag.py:320} ERROR - Failed to import: /opt/airflow/dags/podcast_summer2.py
Traceback (most recent call last):
  File "/home/airflow/.local/lib/python3.7/site-packages/airflow/models/dagbag.py", line 317, in parse
    loader.exec_module(new_module)
  File "<frozen importlib._bootstrap_external>", line 728, in exec_module
  File "<frozen importlib._bootstrap>", line 219, in _call_with_frames_removed
  File "/opt/airflow/dags/podcast_summer2.py", line 4, in <module>
    import xmltodict
ModuleNotFoundError: No module named 'xmltodict'
[2022-12-25 20:39:45,054] {processor.py:653} WARNING - No viable dags retrieved from /opt/airflow/dags/podcast_summer2.py
[2022-12-25 20:39:45,070] {processor.py:161} INFO - Processing /opt/airflow/dags/podcast_summer2.py took 0.058 seconds
[2022-12-25 20:40:15,300] {processor.py:153} INFO - Started process (PID=324) to work on /opt/airflow/dags/podcast_summer2.py
[2022-12-25 20:40:15,301] {processor.py:641} INFO - Processing file /opt/airflow/dags/podcast_summer2.py for tasks to queue
[2022-12-25 20:40:15,302] {logging_mixin.py:115} INFO - [2022-12-25 20:40:15,302] {dagbag.py:507} INFO - Filling up the DagBag from /opt/airflow/dags/podcast_summer2.py
[2022-12-25 20:40:15,340] {logging_mixin.py:115} INFO - [2022-12-25 20:40:15,335] {dagbag.py:320} ERROR - Failed to import: /opt/airflow/dags/podcast_summer2.py
Traceback (most recent call last):
  File "/home/airflow/.local/lib/python3.7/site-packages/airflow/models/dagbag.py", line 317, in parse
    loader.exec_module(new_module)
  File "<frozen importlib._bootstrap_external>", line 728, in exec_module
  File "<frozen importlib._bootstrap>", line 219, in _call_with_frames_removed
  File "/opt/airflow/dags/podcast_summer2.py", line 4, in <module>
    import xmltodict
ModuleNotFoundError: No module named 'xmltodict'
[2022-12-25 20:40:15,342] {processor.py:653} WARNING - No viable dags retrieved from /opt/airflow/dags/podcast_summer2.py
[2022-12-25 20:40:15,357] {processor.py:161} INFO - Processing /opt/airflow/dags/podcast_summer2.py took 0.058 seconds
[2022-12-25 20:40:45,597] {processor.py:153} INFO - Started process (PID=339) to work on /opt/airflow/dags/podcast_summer2.py
[2022-12-25 20:40:45,598] {processor.py:641} INFO - Processing file /opt/airflow/dags/podcast_summer2.py for tasks to queue
[2022-12-25 20:40:45,599] {logging_mixin.py:115} INFO - [2022-12-25 20:40:45,599] {dagbag.py:507} INFO - Filling up the DagBag from /opt/airflow/dags/podcast_summer2.py
[2022-12-25 20:40:45,646] {logging_mixin.py:115} INFO - [2022-12-25 20:40:45,640] {dagbag.py:320} ERROR - Failed to import: /opt/airflow/dags/podcast_summer2.py
Traceback (most recent call last):
  File "/home/airflow/.local/lib/python3.7/site-packages/airflow/models/dagbag.py", line 317, in parse
    loader.exec_module(new_module)
  File "<frozen importlib._bootstrap_external>", line 728, in exec_module
  File "<frozen importlib._bootstrap>", line 219, in _call_with_frames_removed
  File "/opt/airflow/dags/podcast_summer2.py", line 4, in <module>
    import xmltodict
ModuleNotFoundError: No module named 'xmltodict'
[2022-12-25 20:40:45,649] {processor.py:653} WARNING - No viable dags retrieved from /opt/airflow/dags/podcast_summer2.py
[2022-12-25 20:40:45,669] {processor.py:161} INFO - Processing /opt/airflow/dags/podcast_summer2.py took 0.073 seconds
[2022-12-25 20:41:15,916] {processor.py:153} INFO - Started process (PID=354) to work on /opt/airflow/dags/podcast_summer2.py
[2022-12-25 20:41:15,916] {processor.py:641} INFO - Processing file /opt/airflow/dags/podcast_summer2.py for tasks to queue
[2022-12-25 20:41:15,917] {logging_mixin.py:115} INFO - [2022-12-25 20:41:15,917] {dagbag.py:507} INFO - Filling up the DagBag from /opt/airflow/dags/podcast_summer2.py
[2022-12-25 20:41:15,963] {logging_mixin.py:115} INFO - [2022-12-25 20:41:15,957] {dagbag.py:320} ERROR - Failed to import: /opt/airflow/dags/podcast_summer2.py
Traceback (most recent call last):
  File "/home/airflow/.local/lib/python3.7/site-packages/airflow/models/dagbag.py", line 317, in parse
    loader.exec_module(new_module)
  File "<frozen importlib._bootstrap_external>", line 728, in exec_module
  File "<frozen importlib._bootstrap>", line 219, in _call_with_frames_removed
  File "/opt/airflow/dags/podcast_summer2.py", line 4, in <module>
    import xmltodict
ModuleNotFoundError: No module named 'xmltodict'
[2022-12-25 20:41:15,966] {processor.py:653} WARNING - No viable dags retrieved from /opt/airflow/dags/podcast_summer2.py
[2022-12-25 20:41:15,989] {processor.py:161} INFO - Processing /opt/airflow/dags/podcast_summer2.py took 0.076 seconds
[2022-12-25 20:41:46,226] {processor.py:153} INFO - Started process (PID=369) to work on /opt/airflow/dags/podcast_summer2.py
[2022-12-25 20:41:46,227] {processor.py:641} INFO - Processing file /opt/airflow/dags/podcast_summer2.py for tasks to queue
[2022-12-25 20:41:46,228] {logging_mixin.py:115} INFO - [2022-12-25 20:41:46,228] {dagbag.py:507} INFO - Filling up the DagBag from /opt/airflow/dags/podcast_summer2.py
[2022-12-25 20:41:46,264] {logging_mixin.py:115} INFO - [2022-12-25 20:41:46,259] {dagbag.py:320} ERROR - Failed to import: /opt/airflow/dags/podcast_summer2.py
Traceback (most recent call last):
  File "/home/airflow/.local/lib/python3.7/site-packages/airflow/models/dagbag.py", line 317, in parse
    loader.exec_module(new_module)
  File "<frozen importlib._bootstrap_external>", line 728, in exec_module
  File "<frozen importlib._bootstrap>", line 219, in _call_with_frames_removed
  File "/opt/airflow/dags/podcast_summer2.py", line 4, in <module>
    import xmltodict
ModuleNotFoundError: No module named 'xmltodict'
[2022-12-25 20:41:46,267] {processor.py:653} WARNING - No viable dags retrieved from /opt/airflow/dags/podcast_summer2.py
[2022-12-25 20:41:46,282] {processor.py:161} INFO - Processing /opt/airflow/dags/podcast_summer2.py took 0.057 seconds
[2022-12-25 20:42:16,583] {processor.py:153} INFO - Started process (PID=384) to work on /opt/airflow/dags/podcast_summer2.py
[2022-12-25 20:42:16,584] {processor.py:641} INFO - Processing file /opt/airflow/dags/podcast_summer2.py for tasks to queue
[2022-12-25 20:42:16,585] {logging_mixin.py:115} INFO - [2022-12-25 20:42:16,584] {dagbag.py:507} INFO - Filling up the DagBag from /opt/airflow/dags/podcast_summer2.py
[2022-12-25 20:42:16,622] {logging_mixin.py:115} INFO - [2022-12-25 20:42:16,617] {dagbag.py:320} ERROR - Failed to import: /opt/airflow/dags/podcast_summer2.py
Traceback (most recent call last):
  File "/home/airflow/.local/lib/python3.7/site-packages/airflow/models/dagbag.py", line 317, in parse
    loader.exec_module(new_module)
  File "<frozen importlib._bootstrap_external>", line 728, in exec_module
  File "<frozen importlib._bootstrap>", line 219, in _call_with_frames_removed
  File "/opt/airflow/dags/podcast_summer2.py", line 4, in <module>
    import xmltodict
ModuleNotFoundError: No module named 'xmltodict'
[2022-12-25 20:42:16,624] {processor.py:653} WARNING - No viable dags retrieved from /opt/airflow/dags/podcast_summer2.py
[2022-12-25 20:42:16,637] {processor.py:161} INFO - Processing /opt/airflow/dags/podcast_summer2.py took 0.056 seconds
[2022-12-25 20:42:46,857] {processor.py:153} INFO - Started process (PID=399) to work on /opt/airflow/dags/podcast_summer2.py
[2022-12-25 20:42:46,857] {processor.py:641} INFO - Processing file /opt/airflow/dags/podcast_summer2.py for tasks to queue
[2022-12-25 20:42:46,858] {logging_mixin.py:115} INFO - [2022-12-25 20:42:46,858] {dagbag.py:507} INFO - Filling up the DagBag from /opt/airflow/dags/podcast_summer2.py
[2022-12-25 20:42:46,894] {logging_mixin.py:115} INFO - [2022-12-25 20:42:46,890] {dagbag.py:320} ERROR - Failed to import: /opt/airflow/dags/podcast_summer2.py
Traceback (most recent call last):
  File "/home/airflow/.local/lib/python3.7/site-packages/airflow/models/dagbag.py", line 317, in parse
    loader.exec_module(new_module)
  File "<frozen importlib._bootstrap_external>", line 728, in exec_module
  File "<frozen importlib._bootstrap>", line 219, in _call_with_frames_removed
  File "/opt/airflow/dags/podcast_summer2.py", line 4, in <module>
    import xmltodict
ModuleNotFoundError: No module named 'xmltodict'
[2022-12-25 20:42:46,896] {processor.py:653} WARNING - No viable dags retrieved from /opt/airflow/dags/podcast_summer2.py
[2022-12-25 20:42:46,921] {processor.py:161} INFO - Processing /opt/airflow/dags/podcast_summer2.py took 0.067 seconds
[2022-12-25 20:43:17,161] {processor.py:153} INFO - Started process (PID=414) to work on /opt/airflow/dags/podcast_summer2.py
[2022-12-25 20:43:17,162] {processor.py:641} INFO - Processing file /opt/airflow/dags/podcast_summer2.py for tasks to queue
[2022-12-25 20:43:17,163] {logging_mixin.py:115} INFO - [2022-12-25 20:43:17,162] {dagbag.py:507} INFO - Filling up the DagBag from /opt/airflow/dags/podcast_summer2.py
[2022-12-25 20:43:17,201] {logging_mixin.py:115} INFO - [2022-12-25 20:43:17,196] {dagbag.py:320} ERROR - Failed to import: /opt/airflow/dags/podcast_summer2.py
Traceback (most recent call last):
  File "/home/airflow/.local/lib/python3.7/site-packages/airflow/models/dagbag.py", line 317, in parse
    loader.exec_module(new_module)
  File "<frozen importlib._bootstrap_external>", line 728, in exec_module
  File "<frozen importlib._bootstrap>", line 219, in _call_with_frames_removed
  File "/opt/airflow/dags/podcast_summer2.py", line 4, in <module>
    import xmltodict
ModuleNotFoundError: No module named 'xmltodict'
[2022-12-25 20:43:17,203] {processor.py:653} WARNING - No viable dags retrieved from /opt/airflow/dags/podcast_summer2.py
[2022-12-25 20:43:17,229] {processor.py:161} INFO - Processing /opt/airflow/dags/podcast_summer2.py took 0.069 seconds
[2022-12-25 20:43:47,463] {processor.py:153} INFO - Started process (PID=448) to work on /opt/airflow/dags/podcast_summer2.py
[2022-12-25 20:43:47,464] {processor.py:641} INFO - Processing file /opt/airflow/dags/podcast_summer2.py for tasks to queue
[2022-12-25 20:43:47,465] {logging_mixin.py:115} INFO - [2022-12-25 20:43:47,465] {dagbag.py:507} INFO - Filling up the DagBag from /opt/airflow/dags/podcast_summer2.py
[2022-12-25 20:43:47,505] {logging_mixin.py:115} INFO - [2022-12-25 20:43:47,501] {dagbag.py:320} ERROR - Failed to import: /opt/airflow/dags/podcast_summer2.py
Traceback (most recent call last):
  File "/home/airflow/.local/lib/python3.7/site-packages/airflow/models/dagbag.py", line 317, in parse
    loader.exec_module(new_module)
  File "<frozen importlib._bootstrap_external>", line 728, in exec_module
  File "<frozen importlib._bootstrap>", line 219, in _call_with_frames_removed
  File "/opt/airflow/dags/podcast_summer2.py", line 4, in <module>
    import xmltodict
ModuleNotFoundError: No module named 'xmltodict'
[2022-12-25 20:43:47,508] {processor.py:653} WARNING - No viable dags retrieved from /opt/airflow/dags/podcast_summer2.py
[2022-12-25 20:43:47,524] {processor.py:161} INFO - Processing /opt/airflow/dags/podcast_summer2.py took 0.064 seconds
[2022-12-25 20:44:17,779] {processor.py:153} INFO - Started process (PID=467) to work on /opt/airflow/dags/podcast_summer2.py
[2022-12-25 20:44:17,780] {processor.py:641} INFO - Processing file /opt/airflow/dags/podcast_summer2.py for tasks to queue
[2022-12-25 20:44:17,781] {logging_mixin.py:115} INFO - [2022-12-25 20:44:17,780] {dagbag.py:507} INFO - Filling up the DagBag from /opt/airflow/dags/podcast_summer2.py
[2022-12-25 20:44:17,833] {processor.py:651} INFO - DAG(s) dict_keys(['podcast_summary2']) retrieved from /opt/airflow/dags/podcast_summer2.py
[2022-12-25 20:44:17,900] {logging_mixin.py:115} INFO - [2022-12-25 20:44:17,900] {manager.py:508} INFO - Created Permission View: can edit on DAG:podcast_summary2
[2022-12-25 20:44:17,908] {logging_mixin.py:115} INFO - [2022-12-25 20:44:17,908] {manager.py:508} INFO - Created Permission View: can delete on DAG:podcast_summary2
[2022-12-25 20:44:17,916] {logging_mixin.py:115} INFO - [2022-12-25 20:44:17,916] {manager.py:508} INFO - Created Permission View: can read on DAG:podcast_summary2
[2022-12-25 20:44:17,917] {logging_mixin.py:115} INFO - [2022-12-25 20:44:17,917] {dag.py:2371} INFO - Sync 1 DAGs
[2022-12-25 20:44:17,924] {logging_mixin.py:115} INFO - [2022-12-25 20:44:17,924] {dag.py:2390} INFO - Creating ORM DAG for podcast_summary2
[2022-12-25 20:44:17,936] {logging_mixin.py:115} INFO - [2022-12-25 20:44:17,936] {dag.py:2919} INFO - Setting next_dagrun for podcast_summary2 to 2022-12-25T00:00:00+00:00, run_after=2022-12-26T00:00:00+00:00
[2022-12-25 20:44:17,951] {processor.py:161} INFO - Processing /opt/airflow/dags/podcast_summer2.py took 0.175 seconds
[2022-12-25 20:44:48,180] {processor.py:153} INFO - Started process (PID=482) to work on /opt/airflow/dags/podcast_summer2.py
[2022-12-25 20:44:48,181] {processor.py:641} INFO - Processing file /opt/airflow/dags/podcast_summer2.py for tasks to queue
[2022-12-25 20:44:48,182] {logging_mixin.py:115} INFO - [2022-12-25 20:44:48,182] {dagbag.py:507} INFO - Filling up the DagBag from /opt/airflow/dags/podcast_summer2.py
[2022-12-25 20:44:48,225] {processor.py:651} INFO - DAG(s) dict_keys(['podcast_summary2']) retrieved from /opt/airflow/dags/podcast_summer2.py
[2022-12-25 20:44:48,247] {logging_mixin.py:115} INFO - [2022-12-25 20:44:48,247] {dag.py:2371} INFO - Sync 1 DAGs
[2022-12-25 20:44:48,267] {logging_mixin.py:115} INFO - [2022-12-25 20:44:48,267] {dag.py:2919} INFO - Setting next_dagrun for podcast_summary2 to 2022-12-25T00:00:00+00:00, run_after=2022-12-26T00:00:00+00:00
[2022-12-25 20:44:48,280] {processor.py:161} INFO - Processing /opt/airflow/dags/podcast_summer2.py took 0.102 seconds
[2022-12-25 20:45:18,500] {processor.py:153} INFO - Started process (PID=497) to work on /opt/airflow/dags/podcast_summer2.py
[2022-12-25 20:45:18,501] {processor.py:641} INFO - Processing file /opt/airflow/dags/podcast_summer2.py for tasks to queue
[2022-12-25 20:45:18,502] {logging_mixin.py:115} INFO - [2022-12-25 20:45:18,502] {dagbag.py:507} INFO - Filling up the DagBag from /opt/airflow/dags/podcast_summer2.py
[2022-12-25 20:45:18,548] {processor.py:651} INFO - DAG(s) dict_keys(['podcast_summary2']) retrieved from /opt/airflow/dags/podcast_summer2.py
[2022-12-25 20:45:18,569] {logging_mixin.py:115} INFO - [2022-12-25 20:45:18,568] {dag.py:2371} INFO - Sync 1 DAGs
[2022-12-25 20:45:18,589] {logging_mixin.py:115} INFO - [2022-12-25 20:45:18,589] {dag.py:2919} INFO - Setting next_dagrun for podcast_summary2 to 2022-12-25T00:00:00+00:00, run_after=2022-12-26T00:00:00+00:00
[2022-12-25 20:45:18,602] {processor.py:161} INFO - Processing /opt/airflow/dags/podcast_summer2.py took 0.105 seconds
[2022-12-25 20:45:48,809] {processor.py:153} INFO - Started process (PID=512) to work on /opt/airflow/dags/podcast_summer2.py
[2022-12-25 20:45:48,810] {processor.py:641} INFO - Processing file /opt/airflow/dags/podcast_summer2.py for tasks to queue
[2022-12-25 20:45:48,811] {logging_mixin.py:115} INFO - [2022-12-25 20:45:48,811] {dagbag.py:507} INFO - Filling up the DagBag from /opt/airflow/dags/podcast_summer2.py
[2022-12-25 20:45:48,860] {processor.py:651} INFO - DAG(s) dict_keys(['podcast_summary2']) retrieved from /opt/airflow/dags/podcast_summer2.py
[2022-12-25 20:45:48,881] {logging_mixin.py:115} INFO - [2022-12-25 20:45:48,881] {dag.py:2371} INFO - Sync 1 DAGs
[2022-12-25 20:45:48,904] {logging_mixin.py:115} INFO - [2022-12-25 20:45:48,904] {dag.py:2919} INFO - Setting next_dagrun for podcast_summary2 to 2022-12-25T00:00:00+00:00, run_after=2022-12-26T00:00:00+00:00
[2022-12-25 20:45:48,918] {processor.py:161} INFO - Processing /opt/airflow/dags/podcast_summer2.py took 0.112 seconds
[2022-12-25 20:46:19,154] {processor.py:153} INFO - Started process (PID=529) to work on /opt/airflow/dags/podcast_summer2.py
[2022-12-25 20:46:19,155] {processor.py:641} INFO - Processing file /opt/airflow/dags/podcast_summer2.py for tasks to queue
[2022-12-25 20:46:19,156] {logging_mixin.py:115} INFO - [2022-12-25 20:46:19,156] {dagbag.py:507} INFO - Filling up the DagBag from /opt/airflow/dags/podcast_summer2.py
[2022-12-25 20:46:19,206] {processor.py:651} INFO - DAG(s) dict_keys(['podcast_summary2']) retrieved from /opt/airflow/dags/podcast_summer2.py
[2022-12-25 20:46:19,230] {logging_mixin.py:115} INFO - [2022-12-25 20:46:19,229] {dag.py:2371} INFO - Sync 1 DAGs
[2022-12-25 20:46:19,254] {logging_mixin.py:115} INFO - [2022-12-25 20:46:19,254] {dag.py:2919} INFO - Setting next_dagrun for podcast_summary2 to 2022-12-25T00:00:00+00:00, run_after=2022-12-26T00:00:00+00:00
[2022-12-25 20:46:19,273] {processor.py:161} INFO - Processing /opt/airflow/dags/podcast_summer2.py took 0.121 seconds
[2022-12-25 20:46:49,505] {processor.py:153} INFO - Started process (PID=544) to work on /opt/airflow/dags/podcast_summer2.py
[2022-12-25 20:46:49,506] {processor.py:641} INFO - Processing file /opt/airflow/dags/podcast_summer2.py for tasks to queue
[2022-12-25 20:46:49,507] {logging_mixin.py:115} INFO - [2022-12-25 20:46:49,507] {dagbag.py:507} INFO - Filling up the DagBag from /opt/airflow/dags/podcast_summer2.py
[2022-12-25 20:46:49,553] {processor.py:651} INFO - DAG(s) dict_keys(['podcast_summary2']) retrieved from /opt/airflow/dags/podcast_summer2.py
[2022-12-25 20:46:49,576] {logging_mixin.py:115} INFO - [2022-12-25 20:46:49,576] {dag.py:2371} INFO - Sync 1 DAGs
[2022-12-25 20:46:49,597] {logging_mixin.py:115} INFO - [2022-12-25 20:46:49,597] {dag.py:2919} INFO - Setting next_dagrun for podcast_summary2 to 2022-12-25T00:00:00+00:00, run_after=2022-12-26T00:00:00+00:00
[2022-12-25 20:46:49,610] {processor.py:161} INFO - Processing /opt/airflow/dags/podcast_summer2.py took 0.107 seconds
[2022-12-25 20:47:19,930] {processor.py:153} INFO - Started process (PID=559) to work on /opt/airflow/dags/podcast_summer2.py
[2022-12-25 20:47:19,931] {processor.py:641} INFO - Processing file /opt/airflow/dags/podcast_summer2.py for tasks to queue
[2022-12-25 20:47:19,931] {logging_mixin.py:115} INFO - [2022-12-25 20:47:19,931] {dagbag.py:507} INFO - Filling up the DagBag from /opt/airflow/dags/podcast_summer2.py
[2022-12-25 20:47:20,011] {processor.py:651} INFO - DAG(s) dict_keys(['podcast_summary2']) retrieved from /opt/airflow/dags/podcast_summer2.py
[2022-12-25 20:47:20,036] {logging_mixin.py:115} INFO - [2022-12-25 20:47:20,036] {dag.py:2371} INFO - Sync 1 DAGs
[2022-12-25 20:47:20,059] {logging_mixin.py:115} INFO - [2022-12-25 20:47:20,059] {dag.py:2919} INFO - Setting next_dagrun for podcast_summary2 to 2022-12-25T00:00:00+00:00, run_after=2022-12-26T00:00:00+00:00
[2022-12-25 20:47:20,081] {processor.py:161} INFO - Processing /opt/airflow/dags/podcast_summer2.py took 0.156 seconds
[2022-12-25 20:47:50,289] {processor.py:153} INFO - Started process (PID=574) to work on /opt/airflow/dags/podcast_summer2.py
[2022-12-25 20:47:50,289] {processor.py:641} INFO - Processing file /opt/airflow/dags/podcast_summer2.py for tasks to queue
[2022-12-25 20:47:50,290] {logging_mixin.py:115} INFO - [2022-12-25 20:47:50,290] {dagbag.py:507} INFO - Filling up the DagBag from /opt/airflow/dags/podcast_summer2.py
[2022-12-25 20:47:50,325] {processor.py:651} INFO - DAG(s) dict_keys(['podcast_summary2']) retrieved from /opt/airflow/dags/podcast_summer2.py
[2022-12-25 20:47:50,342] {logging_mixin.py:115} INFO - [2022-12-25 20:47:50,342] {dag.py:2371} INFO - Sync 1 DAGs
[2022-12-25 20:47:50,362] {logging_mixin.py:115} INFO - [2022-12-25 20:47:50,362] {dag.py:2919} INFO - Setting next_dagrun for podcast_summary2 to 2022-12-25T00:00:00+00:00, run_after=2022-12-26T00:00:00+00:00
[2022-12-25 20:47:50,373] {processor.py:161} INFO - Processing /opt/airflow/dags/podcast_summer2.py took 0.088 seconds
