[2022-12-26 20:19:19,438] {taskinstance.py:1159} INFO - Dependencies all met for <TaskInstance: podcast_summary2.load_episodes manual__2022-12-26T20:19:17.010421+00:00 [queued]>
[2022-12-26 20:19:19,445] {taskinstance.py:1159} INFO - Dependencies all met for <TaskInstance: podcast_summary2.load_episodes manual__2022-12-26T20:19:17.010421+00:00 [queued]>
[2022-12-26 20:19:19,446] {taskinstance.py:1356} INFO - 
--------------------------------------------------------------------------------
[2022-12-26 20:19:19,446] {taskinstance.py:1357} INFO - Starting attempt 1 of 1
[2022-12-26 20:19:19,446] {taskinstance.py:1358} INFO - 
--------------------------------------------------------------------------------
[2022-12-26 20:19:19,458] {taskinstance.py:1377} INFO - Executing <Task(_PythonDecoratedOperator): load_episodes> on 2022-12-26 20:19:17.010421+00:00
[2022-12-26 20:19:19,463] {standard_task_runner.py:52} INFO - Started process 1402 to run task
[2022-12-26 20:19:19,465] {standard_task_runner.py:79} INFO - Running: ['***', 'tasks', 'run', 'podcast_summary2', 'load_episodes', 'manual__2022-12-26T20:19:17.010421+00:00', '--job-id', '13', '--raw', '--subdir', 'DAGS_FOLDER/podcast_summer/podcast_summer2.py', '--cfg-path', '/tmp/tmpwh___vcd', '--error-file', '/tmp/tmpt3pesbm1']
[2022-12-26 20:19:19,467] {standard_task_runner.py:80} INFO - Job 13: Subtask load_episodes
[2022-12-26 20:19:19,519] {task_command.py:369} INFO - Running <TaskInstance: podcast_summary2.load_episodes manual__2022-12-26T20:19:17.010421+00:00 [running]> on host b1dad8c5c2ae
[2022-12-26 20:19:19,602] {taskinstance.py:1571} INFO - Exporting the following env vars:
AIRFLOW_CTX_DAG_OWNER=***
AIRFLOW_CTX_DAG_ID=podcast_summary2
AIRFLOW_CTX_TASK_ID=load_episodes
AIRFLOW_CTX_EXECUTION_DATE=2022-12-26T20:19:17.010421+00:00
AIRFLOW_CTX_TRY_NUMBER=1
AIRFLOW_CTX_DAG_RUN_ID=manual__2022-12-26T20:19:17.010421+00:00
[2022-12-26 20:19:19,927] {base.py:68} INFO - Using connection ID 'postgres_localhost' for task execution.
[2022-12-26 20:19:19,955] {base.py:68} INFO - Using connection ID 'postgres_localhost' for task execution.
[2022-12-26 20:19:19,966] {dbapi.py:307} INFO - Done loading. Loaded a total of 0 rows
[2022-12-26 20:19:19,967] {python.py:173} INFO - Done. Returned value was: None
[2022-12-26 20:19:19,980] {taskinstance.py:1400} INFO - Marking task as SUCCESS. dag_id=podcast_summary2, task_id=load_episodes, execution_date=20221226T201917, start_date=20221226T201919, end_date=20221226T201919
[2022-12-26 20:19:20,039] {local_task_job.py:156} INFO - Task exited with return code 0
[2022-12-26 20:19:20,065] {local_task_job.py:273} INFO - 0 downstream tasks scheduled from follow-on schedule check
