[2022-12-24 22:45:27,559] {taskinstance.py:1159} INFO - Dependencies all met for <TaskInstance: tutorial.sleep manual__2022-12-24T22:45:25.981274+00:00 [queued]>
[2022-12-24 22:45:27,569] {taskinstance.py:1159} INFO - Dependencies all met for <TaskInstance: tutorial.sleep manual__2022-12-24T22:45:25.981274+00:00 [queued]>
[2022-12-24 22:45:27,570] {taskinstance.py:1356} INFO - 
--------------------------------------------------------------------------------
[2022-12-24 22:45:27,571] {taskinstance.py:1357} INFO - Starting attempt 1 of 4
[2022-12-24 22:45:27,571] {taskinstance.py:1358} INFO - 
--------------------------------------------------------------------------------
[2022-12-24 22:45:27,586] {taskinstance.py:1377} INFO - Executing <Task(BashOperator): sleep> on 2022-12-24 22:45:25.981274+00:00
[2022-12-24 22:45:27,607] {standard_task_runner.py:52} INFO - Started process 1713 to run task
[2022-12-24 22:45:27,609] {standard_task_runner.py:79} INFO - Running: ['***', 'tasks', 'run', 'tutorial', 'sleep', 'manual__2022-12-24T22:45:25.981274+00:00', '--job-id', '4', '--raw', '--subdir', 'DAGS_FOLDER/tutorial.py', '--cfg-path', '/tmp/tmpnauo1llu', '--error-file', '/tmp/tmpvi3tejrf']
[2022-12-24 22:45:27,610] {standard_task_runner.py:80} INFO - Job 4: Subtask sleep
[2022-12-24 22:45:27,659] {task_command.py:369} INFO - Running <TaskInstance: tutorial.sleep manual__2022-12-24T22:45:25.981274+00:00 [running]> on host 42be31cb71c5
[2022-12-24 22:45:27,733] {taskinstance.py:1571} INFO - Exporting the following env vars:
AIRFLOW_CTX_DAG_EMAIL=***@example.com
AIRFLOW_CTX_DAG_OWNER=***
AIRFLOW_CTX_DAG_ID=tutorial
AIRFLOW_CTX_TASK_ID=sleep
AIRFLOW_CTX_EXECUTION_DATE=2022-12-24T22:45:25.981274+00:00
AIRFLOW_CTX_TRY_NUMBER=1
AIRFLOW_CTX_DAG_RUN_ID=manual__2022-12-24T22:45:25.981274+00:00
[2022-12-24 22:45:27,734] {subprocess.py:62} INFO - Tmp dir root location: 
 /tmp
[2022-12-24 22:45:27,735] {subprocess.py:74} INFO - Running command: ['bash', '-c', 'sleep 5']
[2022-12-24 22:45:27,745] {subprocess.py:85} INFO - Output:
[2022-12-24 22:45:32,748] {subprocess.py:96} INFO - Command exited with return code 0
[2022-12-24 22:45:32,772] {taskinstance.py:1400} INFO - Marking task as SUCCESS. dag_id=tutorial, task_id=sleep, execution_date=20221224T224525, start_date=20221224T224527, end_date=20221224T224532
[2022-12-24 22:45:32,803] {local_task_job.py:156} INFO - Task exited with return code 0
[2022-12-24 22:45:32,823] {local_task_job.py:273} INFO - 0 downstream tasks scheduled from follow-on schedule check
