[2022-12-26 20:06:27,251] {taskinstance.py:1159} INFO - Dependencies all met for <TaskInstance: podcast_summary2.load_episodes manual__2022-12-26T20:06:23.828748+00:00 [queued]>
[2022-12-26 20:06:27,260] {taskinstance.py:1159} INFO - Dependencies all met for <TaskInstance: podcast_summary2.load_episodes manual__2022-12-26T20:06:23.828748+00:00 [queued]>
[2022-12-26 20:06:27,260] {taskinstance.py:1356} INFO - 
--------------------------------------------------------------------------------
[2022-12-26 20:06:27,261] {taskinstance.py:1357} INFO - Starting attempt 1 of 1
[2022-12-26 20:06:27,261] {taskinstance.py:1358} INFO - 
--------------------------------------------------------------------------------
[2022-12-26 20:06:27,274] {taskinstance.py:1377} INFO - Executing <Task(_PythonDecoratedOperator): load_episodes> on 2022-12-26 20:06:23.828748+00:00
[2022-12-26 20:06:27,279] {standard_task_runner.py:52} INFO - Started process 1007 to run task
[2022-12-26 20:06:27,281] {standard_task_runner.py:79} INFO - Running: ['***', 'tasks', 'run', 'podcast_summary2', 'load_episodes', 'manual__2022-12-26T20:06:23.828748+00:00', '--job-id', '7', '--raw', '--subdir', 'DAGS_FOLDER/podcast_summer/podcast_summer2.py', '--cfg-path', '/tmp/tmpkc7tvvrw', '--error-file', '/tmp/tmpjyj_5kcm']
[2022-12-26 20:06:27,282] {standard_task_runner.py:80} INFO - Job 7: Subtask load_episodes
[2022-12-26 20:06:27,325] {task_command.py:369} INFO - Running <TaskInstance: podcast_summary2.load_episodes manual__2022-12-26T20:06:23.828748+00:00 [running]> on host b1dad8c5c2ae
[2022-12-26 20:06:27,399] {taskinstance.py:1571} INFO - Exporting the following env vars:
AIRFLOW_CTX_DAG_OWNER=***
AIRFLOW_CTX_DAG_ID=podcast_summary2
AIRFLOW_CTX_TASK_ID=load_episodes
AIRFLOW_CTX_EXECUTION_DATE=2022-12-26T20:06:23.828748+00:00
AIRFLOW_CTX_TRY_NUMBER=1
AIRFLOW_CTX_DAG_RUN_ID=manual__2022-12-26T20:06:23.828748+00:00
[2022-12-26 20:06:27,748] {base.py:68} INFO - Using connection ID 'postgres_localhost' for task execution.
[2022-12-26 20:06:27,779] {base.py:68} INFO - Using connection ID 'postgres_localhost' for task execution.
[2022-12-26 20:06:27,875] {dbapi.py:307} INFO - Done loading. Loaded a total of 50 rows
[2022-12-26 20:06:27,876] {python.py:173} INFO - Done. Returned value was: None
[2022-12-26 20:06:27,888] {taskinstance.py:1400} INFO - Marking task as SUCCESS. dag_id=podcast_summary2, task_id=load_episodes, execution_date=20221226T200623, start_date=20221226T200627, end_date=20221226T200627
[2022-12-26 20:06:27,935] {local_task_job.py:156} INFO - Task exited with return code 0
[2022-12-26 20:06:27,964] {local_task_job.py:273} INFO - 0 downstream tasks scheduled from follow-on schedule check
