[2022-12-24 22:45:26,602] {taskinstance.py:1159} INFO - Dependencies all met for <TaskInstance: tutorial.print_date manual__2022-12-24T22:45:25.981274+00:00 [queued]>
[2022-12-24 22:45:26,612] {taskinstance.py:1159} INFO - Dependencies all met for <TaskInstance: tutorial.print_date manual__2022-12-24T22:45:25.981274+00:00 [queued]>
[2022-12-24 22:45:26,613] {taskinstance.py:1356} INFO - 
--------------------------------------------------------------------------------
[2022-12-24 22:45:26,614] {taskinstance.py:1357} INFO - Starting attempt 1 of 2
[2022-12-24 22:45:26,614] {taskinstance.py:1358} INFO - 
--------------------------------------------------------------------------------
[2022-12-24 22:45:26,630] {taskinstance.py:1377} INFO - Executing <Task(BashOperator): print_date> on 2022-12-24 22:45:25.981274+00:00
[2022-12-24 22:45:26,637] {standard_task_runner.py:52} INFO - Started process 1708 to run task
[2022-12-24 22:45:26,639] {standard_task_runner.py:79} INFO - Running: ['***', 'tasks', 'run', 'tutorial', 'print_date', 'manual__2022-12-24T22:45:25.981274+00:00', '--job-id', '3', '--raw', '--subdir', 'DAGS_FOLDER/tutorial.py', '--cfg-path', '/tmp/tmpod9prh3x', '--error-file', '/tmp/tmpn7vdmos4']
[2022-12-24 22:45:26,640] {standard_task_runner.py:80} INFO - Job 3: Subtask print_date
[2022-12-24 22:45:26,693] {task_command.py:369} INFO - Running <TaskInstance: tutorial.print_date manual__2022-12-24T22:45:25.981274+00:00 [running]> on host 42be31cb71c5
[2022-12-24 22:45:26,778] {taskinstance.py:1571} INFO - Exporting the following env vars:
AIRFLOW_CTX_DAG_EMAIL=***@example.com
AIRFLOW_CTX_DAG_OWNER=***
AIRFLOW_CTX_DAG_ID=tutorial
AIRFLOW_CTX_TASK_ID=print_date
AIRFLOW_CTX_EXECUTION_DATE=2022-12-24T22:45:25.981274+00:00
AIRFLOW_CTX_TRY_NUMBER=1
AIRFLOW_CTX_DAG_RUN_ID=manual__2022-12-24T22:45:25.981274+00:00
[2022-12-24 22:45:26,779] {subprocess.py:62} INFO - Tmp dir root location: 
 /tmp
[2022-12-24 22:45:26,780] {subprocess.py:74} INFO - Running command: ['bash', '-c', 'date']
[2022-12-24 22:45:26,790] {subprocess.py:85} INFO - Output:
[2022-12-24 22:45:26,796] {subprocess.py:92} INFO - Sat Dec 24 22:45:26 UTC 2022
[2022-12-24 22:45:26,796] {subprocess.py:96} INFO - Command exited with return code 0
[2022-12-24 22:45:26,824] {taskinstance.py:1400} INFO - Marking task as SUCCESS. dag_id=tutorial, task_id=print_date, execution_date=20221224T224525, start_date=20221224T224526, end_date=20221224T224526
[2022-12-24 22:45:26,855] {local_task_job.py:156} INFO - Task exited with return code 0
[2022-12-24 22:45:26,889] {local_task_job.py:273} INFO - 2 downstream tasks scheduled from follow-on schedule check
