[2022-12-26 19:43:47,541] {taskinstance.py:1159} INFO - Dependencies all met for <TaskInstance: podcast_summary2.create_table_postgres manual__2022-12-26T19:43:46.457172+00:00 [queued]>
[2022-12-26 19:43:47,551] {taskinstance.py:1159} INFO - Dependencies all met for <TaskInstance: podcast_summary2.create_table_postgres manual__2022-12-26T19:43:46.457172+00:00 [queued]>
[2022-12-26 19:43:47,552] {taskinstance.py:1356} INFO - 
--------------------------------------------------------------------------------
[2022-12-26 19:43:47,552] {taskinstance.py:1357} INFO - Starting attempt 1 of 1
[2022-12-26 19:43:47,553] {taskinstance.py:1358} INFO - 
--------------------------------------------------------------------------------
[2022-12-26 19:43:47,566] {taskinstance.py:1377} INFO - Executing <Task(PostgresOperator): create_table_postgres> on 2022-12-26 19:43:46.457172+00:00
[2022-12-26 19:43:47,571] {standard_task_runner.py:52} INFO - Started process 304 to run task
[2022-12-26 19:43:47,573] {standard_task_runner.py:79} INFO - Running: ['***', 'tasks', 'run', 'podcast_summary2', 'create_table_postgres', 'manual__2022-12-26T19:43:46.457172+00:00', '--job-id', '3', '--raw', '--subdir', 'DAGS_FOLDER/podcast_summer/podcast_summer2.py', '--cfg-path', '/tmp/tmps4rz86pp', '--error-file', '/tmp/tmpvp5txlvv']
[2022-12-26 19:43:47,574] {standard_task_runner.py:80} INFO - Job 3: Subtask create_table_postgres
[2022-12-26 19:43:47,622] {task_command.py:369} INFO - Running <TaskInstance: podcast_summary2.create_table_postgres manual__2022-12-26T19:43:46.457172+00:00 [running]> on host b1dad8c5c2ae
[2022-12-26 19:43:47,688] {taskinstance.py:1571} INFO - Exporting the following env vars:
AIRFLOW_CTX_DAG_OWNER=***
AIRFLOW_CTX_DAG_ID=podcast_summary2
AIRFLOW_CTX_TASK_ID=create_table_postgres
AIRFLOW_CTX_EXECUTION_DATE=2022-12-26T19:43:46.457172+00:00
AIRFLOW_CTX_TRY_NUMBER=1
AIRFLOW_CTX_DAG_RUN_ID=manual__2022-12-26T19:43:46.457172+00:00
[2022-12-26 19:43:47,700] {base.py:68} INFO - Using connection ID 'postgres_localhost' for task execution.
[2022-12-26 19:43:47,714] {dbapi.py:208} INFO - Running statement: 
            CREATE TABLE IF NOT EXISTS episodes(
                link TEXT PRIMARY KEY,
                title TEXT,
                filename TEXT,
                published TEXT,
                description TEXT
            )
        , parameters: None
[2022-12-26 19:43:47,742] {taskinstance.py:1400} INFO - Marking task as SUCCESS. dag_id=podcast_summary2, task_id=create_table_postgres, execution_date=20221226T194346, start_date=20221226T194347, end_date=20221226T194347
[2022-12-26 19:43:47,785] {local_task_job.py:156} INFO - Task exited with return code 0
[2022-12-26 19:43:47,820] {local_task_job.py:273} INFO - 1 downstream tasks scheduled from follow-on schedule check
