[2022-12-24 22:45:27,525] {taskinstance.py:1159} INFO - Dependencies all met for <TaskInstance: tutorial.templated manual__2022-12-24T22:45:25.981274+00:00 [queued]>
[2022-12-24 22:45:27,535] {taskinstance.py:1159} INFO - Dependencies all met for <TaskInstance: tutorial.templated manual__2022-12-24T22:45:25.981274+00:00 [queued]>
[2022-12-24 22:45:27,535] {taskinstance.py:1356} INFO - 
--------------------------------------------------------------------------------
[2022-12-24 22:45:27,536] {taskinstance.py:1357} INFO - Starting attempt 1 of 2
[2022-12-24 22:45:27,536] {taskinstance.py:1358} INFO - 
--------------------------------------------------------------------------------
[2022-12-24 22:45:27,550] {taskinstance.py:1377} INFO - Executing <Task(BashOperator): templated> on 2022-12-24 22:45:25.981274+00:00
[2022-12-24 22:45:27,555] {standard_task_runner.py:52} INFO - Started process 1712 to run task
[2022-12-24 22:45:27,557] {standard_task_runner.py:79} INFO - Running: ['***', 'tasks', 'run', 'tutorial', 'templated', 'manual__2022-12-24T22:45:25.981274+00:00', '--job-id', '5', '--raw', '--subdir', 'DAGS_FOLDER/tutorial.py', '--cfg-path', '/tmp/tmp2_6xa6kh', '--error-file', '/tmp/tmpl0w3ksmm']
[2022-12-24 22:45:27,558] {standard_task_runner.py:80} INFO - Job 5: Subtask templated
[2022-12-24 22:45:27,605] {task_command.py:369} INFO - Running <TaskInstance: tutorial.templated manual__2022-12-24T22:45:25.981274+00:00 [running]> on host 42be31cb71c5
[2022-12-24 22:45:27,690] {taskinstance.py:1571} INFO - Exporting the following env vars:
AIRFLOW_CTX_DAG_EMAIL=***@example.com
AIRFLOW_CTX_DAG_OWNER=***
AIRFLOW_CTX_DAG_ID=tutorial
AIRFLOW_CTX_TASK_ID=templated
AIRFLOW_CTX_EXECUTION_DATE=2022-12-24T22:45:25.981274+00:00
AIRFLOW_CTX_TRY_NUMBER=1
AIRFLOW_CTX_DAG_RUN_ID=manual__2022-12-24T22:45:25.981274+00:00
[2022-12-24 22:45:27,692] {subprocess.py:62} INFO - Tmp dir root location: 
 /tmp
[2022-12-24 22:45:27,693] {subprocess.py:74} INFO - Running command: ['bash', '-c', '\n\n    echo "2022-12-24"\n    echo "2022-12-31"\n\n    echo "2022-12-24"\n    echo "2022-12-31"\n\n    echo "2022-12-24"\n    echo "2022-12-31"\n\n    echo "2022-12-24"\n    echo "2022-12-31"\n\n    echo "2022-12-24"\n    echo "2022-12-31"\n']
[2022-12-24 22:45:27,704] {subprocess.py:85} INFO - Output:
[2022-12-24 22:45:27,705] {subprocess.py:92} INFO - 2022-12-24
[2022-12-24 22:45:27,705] {subprocess.py:92} INFO - 2022-12-31
[2022-12-24 22:45:27,706] {subprocess.py:92} INFO - 2022-12-24
[2022-12-24 22:45:27,706] {subprocess.py:92} INFO - 2022-12-31
[2022-12-24 22:45:27,707] {subprocess.py:92} INFO - 2022-12-24
[2022-12-24 22:45:27,707] {subprocess.py:92} INFO - 2022-12-31
[2022-12-24 22:45:27,707] {subprocess.py:92} INFO - 2022-12-24
[2022-12-24 22:45:27,708] {subprocess.py:92} INFO - 2022-12-31
[2022-12-24 22:45:27,708] {subprocess.py:92} INFO - 2022-12-24
[2022-12-24 22:45:27,708] {subprocess.py:92} INFO - 2022-12-31
[2022-12-24 22:45:27,709] {subprocess.py:96} INFO - Command exited with return code 0
[2022-12-24 22:45:27,737] {taskinstance.py:1400} INFO - Marking task as SUCCESS. dag_id=tutorial, task_id=templated, execution_date=20221224T224525, start_date=20221224T224527, end_date=20221224T224527
[2022-12-24 22:45:27,770] {local_task_job.py:156} INFO - Task exited with return code 0
[2022-12-24 22:45:27,797] {local_task_job.py:273} INFO - 0 downstream tasks scheduled from follow-on schedule check
